#
# There is insufficient memory for the Java Runtime Environment to continue.
# Native memory allocation (mmap) failed to map 21076377600 bytes for committing reserved memory.
# Possible reasons:
#   The system is out of physical RAM or swap space
#   In 32 bit mode, the process size limit was hit
# Possible solutions:
#   Reduce memory load on the system
#   Increase physical memory or swap space
#   Check if swap backing store is full
#   Use 64 bit Java on a 64 bit OS
#   Decrease Java heap size (-Xmx/-Xms)
#   Decrease number of Java threads
#   Decrease Java thread stack sizes (-Xss)
#   Set larger code cache with -XX:ReservedCodeCacheSize=
# This output file may be truncated or incomplete.
#
#  Out of Memory Error (os_linux.cpp:2627), pid=998, tid=139861312919296
#
# JRE version: Java(TM) SE Runtime Environment (8.0_66-b17) (build 1.8.0_66-b17)
# Java VM: Java HotSpot(TM) 64-Bit Server VM (25.66-b17 mixed mode linux-amd64 )
# Failed to write core dump. Core dumps have been disabled. To enable core dumping, try "ulimit -c unlimited" before starting Java again
#

---------------  T H R E A D  ---------------

Current thread (0x00007f444c09f800):  VMThread [stack: 0x00007f33ffcfd000,0x00007f33ffdfe000] [id=1062]

Stack: [0x00007f33ffcfd000,0x00007f33ffdfe000],  sp=0x00007f33ffdfc2e0,  free space=1020k
Native frames: (J=compiled Java code, j=interpreted, Vv=VM code, C=native code)
V  [libjvm.so+0xab9a1a]  VMError::report_and_die()+0x2ba
V  [libjvm.so+0x4f9e0b]  report_vm_out_of_memory(char const*, int, unsigned long, VMErrorType, char const*)+0x8b
V  [libjvm.so+0x91a8a3]  os::Linux::commit_memory_impl(char*, unsigned long, bool)+0x103
V  [libjvm.so+0x91adf9]  os::pd_commit_memory(char*, unsigned long, unsigned long, bool)+0x29
V  [libjvm.so+0x91510a]  os::commit_memory(char*, unsigned long, unsigned long, bool)+0x2a
V  [libjvm.so+0x9887a3]  PSVirtualSpace::expand_by(unsigned long)+0x53
V  [libjvm.so+0x979090]  PSOldGen::expand(unsigned long)+0x170
V  [libjvm.so+0x97929b]  PSOldGen::resize(unsigned long)+0x1cb
V  [libjvm.so+0x980f71]  PSParallelCompact::invoke_no_policy(bool)+0x991
V  [libjvm.so+0x9868cd]  PSScavenge::invoke()+0x1ad
V  [libjvm.so+0x93e500]  ParallelScavengeHeap::failed_mem_allocate(unsigned long)+0x70
V  [libjvm.so+0xabb437]  VM_ParallelGCFailedAllocation::doit()+0x97
V  [libjvm.so+0xac2e65]  VM_Operation::evaluate()+0x55
V  [libjvm.so+0xac123a]  VMThread::evaluate_operation(VM_Operation*)+0xba
V  [libjvm.so+0xac15be]  VMThread::loop()+0x1ce
V  [libjvm.so+0xac1a30]  VMThread::run()+0x70
V  [libjvm.so+0x91cc68]  java_start(Thread*)+0x108

VM_Operation (0x00007f33f7bfa310): ParallelGCFailedAllocation, mode: safepoint, requested by thread 0x00007f444c1fc000


---------------  P R O C E S S  ---------------

Java Threads: ( => current thread )
  0x00007f444c1fd800 JavaThread "pool-1-thread-26" [_thread_blocked, id=1160, stack(0x00007f33f79fa000,0x00007f33f7afb000)]
  0x00007f444c1fc000 JavaThread "pool-1-thread-25" [_thread_blocked, id=1159, stack(0x00007f33f7afb000,0x00007f33f7bfc000)]
  0x00007f444c13a800 JavaThread "pool-1-thread-24" [_thread_blocked, id=1158, stack(0x00007f33f7bfc000,0x00007f33f7cfd000)]
  0x00007f444c138800 JavaThread "pool-1-thread-23" [_thread_blocked, id=1157, stack(0x00007f33f7cfd000,0x00007f33f7dfe000)]
  0x00007f444c136800 JavaThread "pool-1-thread-22" [_thread_blocked, id=1156, stack(0x00007f33f7dfe000,0x00007f33f7eff000)]
  0x00007f444c134800 JavaThread "pool-1-thread-21" [_thread_blocked, id=1155, stack(0x00007f33f7eff000,0x00007f33f8000000)]
  0x00007f444c132800 JavaThread "pool-1-thread-20" [_thread_blocked, id=1154, stack(0x00007f33fc0ba000,0x00007f33fc1bb000)]
  0x00007f444c1de000 JavaThread "pool-1-thread-19" [_thread_blocked, id=1153, stack(0x00007f33fc1bb000,0x00007f33fc2bc000)]
  0x00007f444c1dc000 JavaThread "pool-1-thread-18" [_thread_blocked, id=1152, stack(0x00007f33fc2bc000,0x00007f33fc3bd000)]
  0x00007f444c1da000 JavaThread "pool-1-thread-17" [_thread_blocked, id=1151, stack(0x00007f33fc3bd000,0x00007f33fc4be000)]
  0x00007f444c1d8000 JavaThread "pool-1-thread-16" [_thread_blocked, id=1150, stack(0x00007f33fc4be000,0x00007f33fc5bf000)]
  0x00007f444c2cc000 JavaThread "pool-1-thread-15" [_thread_blocked, id=1149, stack(0x00007f33fc5bf000,0x00007f33fc6c0000)]
  0x00007f444c2ca800 JavaThread "pool-1-thread-14" [_thread_blocked, id=1148, stack(0x00007f33fc6c0000,0x00007f33fc7c1000)]
  0x00007f444c2c8800 JavaThread "pool-1-thread-13" [_thread_blocked, id=1147, stack(0x00007f33fc7c1000,0x00007f33fc8c2000)]
  0x00007f444c2c6800 JavaThread "pool-1-thread-12" [_thread_blocked, id=1146, stack(0x00007f33fc8c2000,0x00007f33fc9c3000)]
  0x00007f444c1f8800 JavaThread "pool-1-thread-11" [_thread_blocked, id=1145, stack(0x00007f33fc9c3000,0x00007f33fcac4000)]
  0x00007f444c1f7000 JavaThread "pool-1-thread-10" [_thread_blocked, id=1144, stack(0x00007f33fcac4000,0x00007f33fcbc5000)]
  0x00007f444c1f5000 JavaThread "pool-1-thread-9" [_thread_blocked, id=1143, stack(0x00007f33fcbc5000,0x00007f33fccc6000)]
  0x00007f444c1f3800 JavaThread "pool-1-thread-8" [_thread_blocked, id=1142, stack(0x00007f33fccc6000,0x00007f33fcdc7000)]
  0x00007f444c1f1800 JavaThread "pool-1-thread-7" [_thread_blocked, id=1141, stack(0x00007f33fcdc7000,0x00007f33fcec8000)]
  0x00007f444c0d7000 JavaThread "pool-1-thread-6" [_thread_blocked, id=1140, stack(0x00007f33fcec8000,0x00007f33fcfc9000)]
  0x00007f444c0d5000 JavaThread "pool-1-thread-5" [_thread_blocked, id=1139, stack(0x00007f33fcfc9000,0x00007f33fd0ca000)]
  0x00007f444c0d3800 JavaThread "pool-1-thread-4" [_thread_blocked, id=1138, stack(0x00007f33fd0ca000,0x00007f33fd1cb000)]
  0x00007f444c0d1800 JavaThread "pool-1-thread-3" [_thread_blocked, id=1137, stack(0x00007f33fd1cb000,0x00007f33fd2cc000)]
  0x00007f444c0d0800 JavaThread "pool-1-thread-2" [_thread_blocked, id=1135, stack(0x00007f33fd2cc000,0x00007f33fd3cd000)]
  0x00007f444c25a000 JavaThread "pool-1-thread-1" [_thread_blocked, id=1134, stack(0x00007f33fd3cd000,0x00007f33fd4ce000)]
  0x00007f444c1d5000 JavaThread "Monitor Ctrl-Break" daemon [_thread_in_native, id=1103, stack(0x00007f33fe5e6000,0x00007f33fe6e7000)]
  0x00007f444c104800 JavaThread "Service Thread" daemon [_thread_blocked, id=1101, stack(0x00007f33fe9ea000,0x00007f33feaeb000)]
  0x00007f444c0ff800 JavaThread "C1 CompilerThread14" daemon [_thread_blocked, id=1100, stack(0x00007f33feaeb000,0x00007f33febec000)]
  0x00007f444c0fd800 JavaThread "C1 CompilerThread13" daemon [_thread_blocked, id=1099, stack(0x00007f33febec000,0x00007f33feced000)]
  0x00007f444c0fb000 JavaThread "C1 CompilerThread12" daemon [_thread_blocked, id=1097, stack(0x00007f33feced000,0x00007f33fedee000)]
  0x00007f444c0f9000 JavaThread "C1 CompilerThread11" daemon [_thread_blocked, id=1096, stack(0x00007f33fedee000,0x00007f33feeef000)]
  0x00007f444c0f6800 JavaThread "C1 CompilerThread10" daemon [_thread_blocked, id=1094, stack(0x00007f33feeef000,0x00007f33feff0000)]
  0x00007f444c0f4800 JavaThread "C2 CompilerThread9" daemon [_thread_blocked, id=1093, stack(0x00007f33feff0000,0x00007f33ff0f1000)]
  0x00007f444c0f2000 JavaThread "C2 CompilerThread8" daemon [_thread_blocked, id=1092, stack(0x00007f33ff0f1000,0x00007f33ff1f2000)]
  0x00007f444c0f0000 JavaThread "C2 CompilerThread7" daemon [_thread_blocked, id=1091, stack(0x00007f33ff1f2000,0x00007f33ff2f3000)]
  0x00007f444c0ee000 JavaThread "C2 CompilerThread6" daemon [_thread_blocked, id=1090, stack(0x00007f33ff2f3000,0x00007f33ff3f4000)]
  0x00007f444c0eb800 JavaThread "C2 CompilerThread5" daemon [_thread_blocked, id=1089, stack(0x00007f33ff3f4000,0x00007f33ff4f5000)]
  0x00007f444c0e9800 JavaThread "C2 CompilerThread4" daemon [_thread_blocked, id=1088, stack(0x00007f33ff4f5000,0x00007f33ff5f6000)]
  0x00007f444c0e7000 JavaThread "C2 CompilerThread3" daemon [_thread_blocked, id=1087, stack(0x00007f33ff5f6000,0x00007f33ff6f7000)]
  0x00007f444c0e5000 JavaThread "C2 CompilerThread2" daemon [_thread_blocked, id=1086, stack(0x00007f33ff6f7000,0x00007f33ff7f8000)]
  0x00007f444c0e3000 JavaThread "C2 CompilerThread1" daemon [_thread_blocked, id=1085, stack(0x00007f33ff7f8000,0x00007f33ff8f9000)]
  0x00007f444c0e0000 JavaThread "C2 CompilerThread0" daemon [_thread_blocked, id=1084, stack(0x00007f33ff8f9000,0x00007f33ff9fa000)]
  0x00007f444c0de800 JavaThread "Signal Dispatcher" daemon [_thread_blocked, id=1083, stack(0x00007f33ff9fa000,0x00007f33ffafb000)]
  0x00007f444c0a6800 JavaThread "Finalizer" daemon [_thread_blocked, id=1064, stack(0x00007f33ffafb000,0x00007f33ffbfc000)]
  0x00007f444c0a4800 JavaThread "Reference Handler" daemon [_thread_blocked, id=1063, stack(0x00007f33ffbfc000,0x00007f33ffcfd000)]
  0x00007f444c009800 JavaThread "main" [_thread_blocked, id=1001, stack(0x00007f4454862000,0x00007f4454963000)]

Other Threads:
=>0x00007f444c09f800 VMThread [stack: 0x00007f33ffcfd000,0x00007f33ffdfe000] [id=1062]
  0x00007f444c107800 WatcherThread [stack: 0x00007f33fe8e9000,0x00007f33fe9ea000] [id=1102]

VM state:at safepoint (normal execution)

VM Mutex/Monitor currently owned by a thread:  ([mutex/lock_event])
[0x00007f444c006770] ExpandHeap_lock - owner thread: 0x00007f444c09f800
[0x00007f444c006df0] Threads_lock - owner thread: 0x00007f444c09f800
[0x00007f444c0072f0] Heap_lock - owner thread: 0x00007f444c1fc000

Heap:
 PSYoungGen      total 21333504K, used 292205K [0x00007f3ef2d80000, 0x00007f443d000000, 0x00007f443d000000)
  eden space 20480512K, 0% used [0x00007f3ef2d80000,0x00007f3ef2d80000,0x00007f43d4e00000)
  from space 852992K, 34% used [0x00007f43d4e00000,0x00007f43e6b5b618,0x00007f4408f00000)
  to   space 852992K, 0% used [0x00007f4408f00000,0x00007f4408f00000,0x00007f443d000000)
 ParOldGen       total 20673536K, used 20673531K [0x00007f345e800000, 0x00007f394c500000, 0x00007f3ef2d80000)
  object space 20673536K, 99% used [0x00007f345e800000,0x00007f394c4fec70,0x00007f394c500000)
 Metaspace       used 5363K, capacity 5409K, committed 5632K, reserved 8192K

Card table byte_map: [0x00007f345690b000,0x00007f345e800000] byte_map_base: 0x00007ef4bc617000

Marking Bits: (ParMarkBitMap*) 0x00007f4453d4b020
 Begin Bits: [0x00007f33610c0000, 0x00007f33a0860000)
 End Bits:   [0x00007f33a0860000, 0x00007f33e0000000)

Polling page: 0x00007f445498d000

CodeCache: size=245760Kb used=7100Kb max_used=7100Kb free=238659Kb
 bounds [0x00007f443d000000, 0x00007f443d700000, 0x00007f444c000000]
 total_blobs=1211 nmethods=923 adapters=196
 compilation: enabled

Compilation events (10 events):
Event: 39.267 Thread 0x00007f444c0f4800  919 %     4       cal.sim.BiCategorySim::init @ 849 (881 bytes)
Event: 39.267 Thread 0x00007f444c0fb000 nmethod 918 0x00007f443d6e41d0 code [0x00007f443d6e4340, 0x00007f443d6e44f0]
Event: 39.269 Thread 0x00007f444c0ff800  920       1       cal.sim.Word::getTopicIndex (5 bytes)
Event: 39.269 Thread 0x00007f444c0ff800 nmethod 920 0x00007f443d6b30d0 code [0x00007f443d6b3220, 0x00007f443d6b3330]
Event: 39.270 Thread 0x00007f444c0fd800  921       3       cal.sim.BiCategorySim::GaussianQote (313 bytes)
Event: 39.270 Thread 0x00007f444c0f6800  922       1       java.lang.reflect.Field::getName (5 bytes)
Event: 39.270 Thread 0x00007f444c0f6800 nmethod 922 0x00007f443d6e3f10 code [0x00007f443d6e4060, 0x00007f443d6e4170]
Event: 39.274 Thread 0x00007f444c0fd800 nmethod 921 0x00007f443d6ef410 code [0x00007f443d6ef940, 0x00007f443d6f1e98]
Event: 39.274 Thread 0x00007f444c0ff800  923       1       java.util.concurrent.atomic.AtomicInteger::get (5 bytes)
Event: 39.274 Thread 0x00007f444c0ff800 nmethod 923 0x00007f443d6e2810 code [0x00007f443d6e2960, 0x00007f443d6e2a70]

GC Heap History (10 events):
Event: 6.756 GC heap after
Heap after GC invocations=1 (full 0):
 PSYoungGen      total 5973504K, used 178762K [0x00007f3ef2d80000, 0x00007f41cc080000, 0x00007f443d000000)
  eden space 5120512K, 0% used [0x00007f3ef2d80000,0x00007f3ef2d80000,0x00007f402b600000)
  from space 852992K, 20% used [0x00007f402b600000,0x00007f4036492ac8,0x00007f405f700000)
  to   space 852992K, 0% used [0x00007f4197f80000,0x00007f4197f80000,0x00007f41cc080000)
 ParOldGen       total 13653504K, used 27K [0x00007f345e800000, 0x00007f379fd80000, 0x00007f3ef2d80000)
  object space 13653504K, 0% used [0x00007f345e800000,0x00007f345e806c58,0x00007f379fd80000)
 Metaspace       used 5168K, capacity 5217K, committed 5376K, reserved 8192K
}
Event: 9.808 GC heap before
{Heap before GC invocations=2 (full 0):
 PSYoungGen      total 5973504K, used 5299274K [0x00007f3ef2d80000, 0x00007f41cc080000, 0x00007f443d000000)
  eden space 5120512K, 100% used [0x00007f3ef2d80000,0x00007f402b600000,0x00007f402b600000)
  from space 852992K, 20% used [0x00007f402b600000,0x00007f4036492ac8,0x00007f405f700000)
  to   space 852992K, 0% used [0x00007f4197f80000,0x00007f4197f80000,0x00007f41cc080000)
 ParOldGen       total 13653504K, used 27K [0x00007f345e800000, 0x00007f379fd80000, 0x00007f3ef2d80000)
  object space 13653504K, 0% used [0x00007f345e800000,0x00007f345e806c58,0x00007f379fd80000)
 Metaspace       used 5196K, capacity 5281K, committed 5376K, reserved 8192K
Event: 10.053 GC heap after
Heap after GC invocations=2 (full 0):
 PSYoungGen      total 11094016K, used 186355K [0x00007f3ef2d80000, 0x00007f41cc080000, 0x00007f443d000000)
  eden space 10241024K, 0% used [0x00007f3ef2d80000,0x00007f3ef2d80000,0x00007f4163e80000)
  from space 852992K, 21% used [0x00007f4197f80000,0x00007f41a357cd48,0x00007f41cc080000)
  to   space 852992K, 0% used [0x00007f4163e80000,0x00007f4163e80000,0x00007f4197f80000)
 ParOldGen       total 13653504K, used 35K [0x00007f345e800000, 0x00007f379fd80000, 0x00007f3ef2d80000)
  object space 13653504K, 0% used [0x00007f345e800000,0x00007f345e808c58,0x00007f379fd80000)
 Metaspace       used 5196K, capacity 5281K, committed 5376K, reserved 8192K
}
Event: 19.488 GC heap before
{Heap before GC invocations=3 (full 0):
 PSYoungGen      total 11094016K, used 10427379K [0x00007f3ef2d80000, 0x00007f41cc080000, 0x00007f443d000000)
  eden space 10241024K, 100% used [0x00007f3ef2d80000,0x00007f4163e80000,0x00007f4163e80000)
  from space 852992K, 21% used [0x00007f4197f80000,0x00007f41a357cd48,0x00007f41cc080000)
  to   space 852992K, 0% used [0x00007f4163e80000,0x00007f4163e80000,0x00007f4197f80000)
 ParOldGen       total 13653504K, used 35K [0x00007f345e800000, 0x00007f379fd80000, 0x00007f3ef2d80000)
  object space 13653504K, 0% used [0x00007f345e800000,0x00007f345e808c58,0x00007f379fd80000)
 Metaspace       used 5215K, capacity 5281K, committed 5376K, reserved 8192K
Event: 19.678 GC heap after
Heap after GC invocations=3 (full 0):
 PSYoungGen      total 11094016K, used 201421K [0x00007f3ef2d80000, 0x00007f443d000000, 0x00007f443d000000)
  eden space 10241024K, 0% used [0x00007f3ef2d80000,0x00007f3ef2d80000,0x00007f4163e80000)
  from space 852992K, 23% used [0x00007f4163e80000,0x00007f41703335a0,0x00007f4197f80000)
  to   space 852992K, 0% used [0x00007f4408f00000,0x00007f4408f00000,0x00007f443d000000)
 ParOldGen       total 13653504K, used 171K [0x00007f345e800000, 0x00007f379fd80000, 0x00007f3ef2d80000)
  object space 13653504K, 0% used [0x00007f345e800000,0x00007f345e82ac70,0x00007f379fd80000)
 Metaspace       used 5215K, capacity 5281K, committed 5376K, reserved 8192K
}
Event: 25.951 GC heap before
{Heap before GC invocations=4 (full 0):
 PSYoungGen      total 11094016K, used 10442445K [0x00007f3ef2d80000, 0x00007f443d000000, 0x00007f443d000000)
  eden space 10241024K, 100% used [0x00007f3ef2d80000,0x00007f4163e80000,0x00007f4163e80000)
  from space 852992K, 23% used [0x00007f4163e80000,0x00007f41703335a0,0x00007f4197f80000)
  to   space 852992K, 0% used [0x00007f4408f00000,0x00007f4408f00000,0x00007f443d000000)
 ParOldGen       total 13653504K, used 171K [0x00007f345e800000, 0x00007f379fd80000, 0x00007f3ef2d80000)
  object space 13653504K, 0% used [0x00007f345e800000,0x00007f345e82ac70,0x00007f379fd80000)
 Metaspace       used 5320K, capacity 5345K, committed 5376K, reserved 8192K
Event: 28.051 GC heap after
Heap after GC invocations=4 (full 0):
 PSYoungGen      total 21333504K, used 852984K [0x00007f3ef2d80000, 0x00007f443d000000, 0x00007f443d000000)
  eden space 20480512K, 0% used [0x00007f3ef2d80000,0x00007f3ef2d80000,0x00007f43d4e00000)
  from space 852992K, 99% used [0x00007f4408f00000,0x00007f443cffe360,0x00007f443d000000)
  to   space 852992K, 0% used [0x00007f43d4e00000,0x00007f43d4e00000,0x00007f4408f00000)
 ParOldGen       total 13653504K, used 2053500K [0x00007f345e800000, 0x00007f379fd80000, 0x00007f3ef2d80000)
  object space 13653504K, 15% used [0x00007f345e800000,0x00007f34dbd5f2d0,0x00007f379fd80000)
 Metaspace       used 5320K, capacity 5345K, committed 5376K, reserved 8192K
}
Event: 39.275 GC heap before
{Heap before GC invocations=5 (full 0):
 PSYoungGen      total 21333504K, used 21333496K [0x00007f3ef2d80000, 0x00007f443d000000, 0x00007f443d000000)
  eden space 20480512K, 100% used [0x00007f3ef2d80000,0x00007f43d4e00000,0x00007f43d4e00000)
  from space 852992K, 99% used [0x00007f4408f00000,0x00007f443cffe360,0x00007f443d000000)
  to   space 852992K, 0% used [0x00007f43d4e00000,0x00007f43d4e00000,0x00007f4408f00000)
 ParOldGen       total 13653504K, used 2053500K [0x00007f345e800000, 0x00007f379fd80000, 0x00007f3ef2d80000)
  object space 13653504K, 15% used [0x00007f345e800000,0x00007f34dbd5f2d0,0x00007f379fd80000)
 Metaspace       used 5363K, capacity 5409K, committed 5632K, reserved 8192K
Event: 60.266 GC heap after
Heap after GC invocations=5 (full 0):
 PSYoungGen      total 21333504K, used 852987K [0x00007f3ef2d80000, 0x00007f443d000000, 0x00007f443d000000)
  eden space 20480512K, 0% used [0x00007f3ef2d80000,0x00007f3ef2d80000,0x00007f43d4e00000)
  from space 852992K, 99% used [0x00007f43d4e00000,0x00007f4408efed20,0x00007f4408f00000)
  to   space 852992K, 0% used [0x00007f4408f00000,0x00007f4408f00000,0x00007f443d000000)
 ParOldGen       total 20673536K, used 20672612K [0x00007f345e800000, 0x00007f394c500000, 0x00007f3ef2d80000)
  object space 20673536K, 99% used [0x00007f345e800000,0x00007f394c4191e0,0x00007f394c500000)
 Metaspace       used 5363K, capacity 5409K, committed 5632K, reserved 8192K
}
Event: 60.276 GC heap before
{Heap before GC invocations=6 (full 1):
 PSYoungGen      total 21333504K, used 852987K [0x00007f3ef2d80000, 0x00007f443d000000, 0x00007f443d000000)
  eden space 20480512K, 0% used [0x00007f3ef2d80000,0x00007f3ef2d80000,0x00007f43d4e00000)
  from space 852992K, 99% used [0x00007f43d4e00000,0x00007f4408efed20,0x00007f4408f00000)
  to   space 852992K, 0% used [0x00007f4408f00000,0x00007f4408f00000,0x00007f443d000000)
 ParOldGen       total 20673536K, used 20672612K [0x00007f345e800000, 0x00007f394c500000, 0x00007f3ef2d80000)
  object space 20673536K, 99% used [0x00007f345e800000,0x00007f394c4191e0,0x00007f394c500000)
 Metaspace       used 5363K, capacity 5409K, committed 5632K, reserved 8192K

Deoptimization events (10 events):
Event: 23.979 Thread 0x00007f444c009800 Uncommon trap: reason=unstable_if action=reinterpret pc=0x00007f443d3cbbe8 method=java.util.HashMap.resize()[Ljava/util/HashMap$Node; @ 206
Event: 24.083 Thread 0x00007f444c009800 Uncommon trap: reason=bimorphic action=maybe_recompile pc=0x00007f443d6a17bc method=java.util.HashMap.putVal(ILjava/lang/Object;Ljava/lang/Object;ZZ)Ljava/lang/Object; @ 203
Event: 24.100 Thread 0x00007f444c009800 Uncommon trap: reason=unstable_if action=reinterpret pc=0x00007f443d3ce0ac method=java.util.HashMap.resize()[Ljava/util/HashMap$Node; @ 206
Event: 24.144 Thread 0x00007f444c009800 Uncommon trap: reason=unstable_if action=reinterpret pc=0x00007f443d6b6ed0 method=knowledge.MustSets.addSingletonMustSets(Ljava/util/Set;)V @ 13
Event: 24.252 Thread 0x00007f444c009800 Uncommon trap: reason=unstable_if action=reinterpret pc=0x00007f443d6b2ad8 method=cal.sim.BiCategorySim.init()V @ 109
Event: 37.597 Thread 0x00007f444c009800 Uncommon trap: reason=class_check action=maybe_recompile pc=0x00007f443d4d176c method=java.lang.String.equals(Ljava/lang/Object;)Z @ 8
Event: 37.597 Thread 0x00007f444c009800 Uncommon trap: reason=class_check action=maybe_recompile pc=0x00007f443d4d176c method=java.lang.String.equals(Ljava/lang/Object;)Z @ 8
Event: 37.623 Thread 0x00007f444c009800 Uncommon trap: reason=class_check action=maybe_recompile pc=0x00007f443d4d176c method=java.lang.String.equals(Ljava/lang/Object;)Z @ 8
Event: 37.623 Thread 0x00007f444c009800 Uncommon trap: reason=class_check action=maybe_recompile pc=0x00007f443d4d176c method=java.lang.String.equals(Ljava/lang/Object;)Z @ 8
Event: 39.266 Thread 0x00007f444c009800 Uncommon trap: reason=predicate action=maybe_recompile pc=0x00007f443d6dcbe4 method=cal.sim.BiCategorySim.init()V @ 829

Internal exceptions (9 events):
Event: 0.045 Thread 0x00007f444c009800 Exception <a 'java/lang/NoSuchMethodError': Method sun.misc.Unsafe.defineClass(Ljava/lang/String;[BII)Ljava/lang/Class; name or signature does not match> (0x00007f3ef2d9bac0) thrown at [/HUDSON/workspace/8-2-build-linux-amd64/jdk8u66/4988/hotspot/src/shar
Event: 0.045 Thread 0x00007f444c009800 Exception <a 'java/lang/NoSuchMethodError': Method sun.misc.Unsafe.prefetchRead(Ljava/lang/Object;J)V name or signature does not match> (0x00007f3ef2d9be88) thrown at [/HUDSON/workspace/8-2-build-linux-amd64/jdk8u66/4988/hotspot/src/share/vm/prims/jni.cpp
Event: 2.618 Thread 0x00007f444c009800 Exception <a 'java/security/PrivilegedActionException'> (0x00007f3f68bc7640) thrown at [/HUDSON/workspace/8-2-build-linux-amd64/jdk8u66/4988/hotspot/src/share/vm/prims/jvm.cpp, line 1386]
Event: 2.618 Thread 0x00007f444c009800 Exception <a 'java/security/PrivilegedActionException'> (0x00007f3f68bc7bc0) thrown at [/HUDSON/workspace/8-2-build-linux-amd64/jdk8u66/4988/hotspot/src/share/vm/prims/jvm.cpp, line 1386]
Event: 2.619 Thread 0x00007f444c009800 Exception <a 'java/security/PrivilegedActionException'> (0x00007f3f68bca818) thrown at [/HUDSON/workspace/8-2-build-linux-amd64/jdk8u66/4988/hotspot/src/share/vm/prims/jvm.cpp, line 1386]
Event: 2.619 Thread 0x00007f444c009800 Exception <a 'java/security/PrivilegedActionException'> (0x00007f3f68bcad98) thrown at [/HUDSON/workspace/8-2-build-linux-amd64/jdk8u66/4988/hotspot/src/share/vm/prims/jvm.cpp, line 1386]
Event: 5.689 Thread 0x00007f444c009800 Implicit null exception at 0x00007f443d54fb61 to 0x00007f443d551399
Event: 6.495 Thread 0x00007f444c009800 Implicit null exception at 0x00007f443d5a3db4 to 0x00007f443d5a4e81
Event: 24.144 Thread 0x00007f444c009800 Implicit null exception at 0x00007f443d6b5e1c to 0x00007f443d6b6eb9

Events (10 events):
Event: 39.273 Thread 0x00007f444c1dc000 Thread added: 0x00007f444c1dc000
Event: 39.273 Thread 0x00007f444c1de000 Thread added: 0x00007f444c1de000
Event: 39.273 Thread 0x00007f444c132800 Thread added: 0x00007f444c132800
Event: 39.273 Thread 0x00007f444c134800 Thread added: 0x00007f444c134800
Event: 39.274 Thread 0x00007f444c136800 Thread added: 0x00007f444c136800
Event: 39.274 Thread 0x00007f444c138800 Thread added: 0x00007f444c138800
Event: 39.274 Thread 0x00007f444c13a800 Thread added: 0x00007f444c13a800
Event: 39.274 Thread 0x00007f444c1fc000 Thread added: 0x00007f444c1fc000
Event: 39.274 Thread 0x00007f444c1fd800 Thread added: 0x00007f444c1fd800
Event: 39.274 Executing VM operation: ParallelGCFailedAllocation


Dynamic libraries:
00400000-00401000 r-xp 00000000 08:02 3944073                            /usr/java/jdk1.8.0_66/bin/java
00600000-00601000 rw-p 00000000 08:02 3944073                            /usr/java/jdk1.8.0_66/bin/java
01714000-01735000 rw-p 00000000 00:00 0                                  [heap]
7f3290000000-7f3290021000 rw-p 00000000 00:00 0 
7f3290021000-7f3294000000 ---p 00000000 00:00 0 
7f3294000000-7f3294021000 rw-p 00000000 00:00 0 
7f3294021000-7f3298000000 ---p 00000000 00:00 0 
7f3298000000-7f3298021000 rw-p 00000000 00:00 0 
7f3298021000-7f329c000000 ---p 00000000 00:00 0 
7f329c000000-7f329c021000 rw-p 00000000 00:00 0 
7f329c021000-7f32a0000000 ---p 00000000 00:00 0 
7f32a0000000-7f32a0021000 rw-p 00000000 00:00 0 
7f32a0021000-7f32a4000000 ---p 00000000 00:00 0 
7f32a4000000-7f32a4021000 rw-p 00000000 00:00 0 
7f32a4021000-7f32a8000000 ---p 00000000 00:00 0 
7f32a8000000-7f32a8021000 rw-p 00000000 00:00 0 
7f32a8021000-7f32ac000000 ---p 00000000 00:00 0 
7f32ac000000-7f32ac021000 rw-p 00000000 00:00 0 
7f32ac021000-7f32b0000000 ---p 00000000 00:00 0 
7f32b0000000-7f32b0021000 rw-p 00000000 00:00 0 
7f32b0021000-7f32b4000000 ---p 00000000 00:00 0 
7f32b4000000-7f32b4021000 rw-p 00000000 00:00 0 
7f32b4021000-7f32b8000000 ---p 00000000 00:00 0 
7f32b8000000-7f32b8021000 rw-p 00000000 00:00 0 
7f32b8021000-7f32bc000000 ---p 00000000 00:00 0 
7f32bc000000-7f32bc021000 rw-p 00000000 00:00 0 
7f32bc021000-7f32c0000000 ---p 00000000 00:00 0 
7f32c0000000-7f32c0021000 rw-p 00000000 00:00 0 
7f32c0021000-7f32c4000000 ---p 00000000 00:00 0 
7f32c4000000-7f32c4021000 rw-p 00000000 00:00 0 
7f32c4021000-7f32c8000000 ---p 00000000 00:00 0 
7f32c8000000-7f32c8021000 rw-p 00000000 00:00 0 
7f32c8021000-7f32cc000000 ---p 00000000 00:00 0 
7f32cc000000-7f32cc021000 rw-p 00000000 00:00 0 
7f32cc021000-7f32d0000000 ---p 00000000 00:00 0 
7f32d0000000-7f32d0021000 rw-p 00000000 00:00 0 
7f32d0021000-7f32d4000000 ---p 00000000 00:00 0 
7f32d4000000-7f32d4021000 rw-p 00000000 00:00 0 
7f32d4021000-7f32d8000000 ---p 00000000 00:00 0 
7f32d8000000-7f32d8021000 rw-p 00000000 00:00 0 
7f32d8021000-7f32dc000000 ---p 00000000 00:00 0 
7f32dc000000-7f32dc021000 rw-p 00000000 00:00 0 
7f32dc021000-7f32e0000000 ---p 00000000 00:00 0 
7f32e0000000-7f32e0021000 rw-p 00000000 00:00 0 
7f32e0021000-7f32e4000000 ---p 00000000 00:00 0 
7f32e4000000-7f32e4021000 rw-p 00000000 00:00 0 
7f32e4021000-7f32e8000000 ---p 00000000 00:00 0 
7f32e8000000-7f32e8021000 rw-p 00000000 00:00 0 
7f32e8021000-7f32ec000000 ---p 00000000 00:00 0 
7f32ec000000-7f32ec021000 rw-p 00000000 00:00 0 
7f32ec021000-7f32f0000000 ---p 00000000 00:00 0 
7f32f0000000-7f32f0021000 rw-p 00000000 00:00 0 
7f32f0021000-7f32f4000000 ---p 00000000 00:00 0 
7f32f4000000-7f32f4021000 rw-p 00000000 00:00 0 
7f32f4021000-7f32f8000000 ---p 00000000 00:00 0 
7f32f8000000-7f32f8021000 rw-p 00000000 00:00 0 
7f32f8021000-7f32fc000000 ---p 00000000 00:00 0 
7f32fc000000-7f32fc021000 rw-p 00000000 00:00 0 
7f32fc021000-7f3300000000 ---p 00000000 00:00 0 
7f3300000000-7f33000cf000 rw-p 00000000 00:00 0 
7f33000cf000-7f3304000000 ---p 00000000 00:00 0 
7f3304000000-7f3304021000 rw-p 00000000 00:00 0 
7f3304021000-7f3308000000 ---p 00000000 00:00 0 
7f3308000000-7f330807d000 rw-p 00000000 00:00 0 
7f330807d000-7f330c000000 ---p 00000000 00:00 0 
7f330c000000-7f330c072000 rw-p 00000000 00:00 0 
7f330c072000-7f3310000000 ---p 00000000 00:00 0 
7f3310000000-7f331009c000 rw-p 00000000 00:00 0 
7f331009c000-7f3314000000 ---p 00000000 00:00 0 
7f3314000000-7f33140c8000 rw-p 00000000 00:00 0 
7f33140c8000-7f3318000000 ---p 00000000 00:00 0 
7f3318000000-7f33182cb000 rw-p 00000000 00:00 0 
7f33182cb000-7f331c000000 ---p 00000000 00:00 0 
7f331c000000-7f331c4b7000 rw-p 00000000 00:00 0 
7f331c4b7000-7f3320000000 ---p 00000000 00:00 0 
7f3320000000-7f33207af000 rw-p 00000000 00:00 0 
7f33207af000-7f3324000000 ---p 00000000 00:00 0 
7f3324000000-7f33242e5000 rw-p 00000000 00:00 0 
7f33242e5000-7f3328000000 ---p 00000000 00:00 0 
7f3328000000-7f33283a9000 rw-p 00000000 00:00 0 
7f33283a9000-7f332c000000 ---p 00000000 00:00 0 
7f332c000000-7f332c201000 rw-p 00000000 00:00 0 
7f332c201000-7f3330000000 ---p 00000000 00:00 0 
7f3330000000-7f3330c34000 rw-p 00000000 00:00 0 
7f3330c34000-7f3334000000 ---p 00000000 00:00 0 
7f3334000000-7f33342f4000 rw-p 00000000 00:00 0 
7f33342f4000-7f3338000000 ---p 00000000 00:00 0 
7f3338000000-7f3338400000 rw-p 00000000 00:00 0 
7f3338400000-7f333c000000 ---p 00000000 00:00 0 
7f333c000000-7f333c301000 rw-p 00000000 00:00 0 
7f333c301000-7f3340000000 ---p 00000000 00:00 0 
7f3340000000-7f3340021000 rw-p 00000000 00:00 0 
7f3340021000-7f3344000000 ---p 00000000 00:00 0 
7f3345ad9000-7f334c000000 r--p 00000000 08:02 3815722                    /usr/lib/locale/locale-archive
7f334c000000-7f334c021000 rw-p 00000000 00:00 0 
7f334c021000-7f3350000000 ---p 00000000 00:00 0 
7f3350000000-7f3350021000 rw-p 00000000 00:00 0 
7f3350021000-7f3354000000 ---p 00000000 00:00 0 
7f3354000000-7f335428c000 rw-p 00000000 00:00 0 
7f335428c000-7f3358000000 ---p 00000000 00:00 0 
7f33591cc000-7f33e0000000 rw-p 00000000 00:00 0 
7f33e0000000-7f33e0021000 rw-p 00000000 00:00 0 
7f33e0021000-7f33e4000000 ---p 00000000 00:00 0 
7f33e8000000-7f33e8021000 rw-p 00000000 00:00 0 
7f33e8021000-7f33ec000000 ---p 00000000 00:00 0 
7f33f0000000-7f33f0021000 rw-p 00000000 00:00 0 
7f33f0021000-7f33f4000000 ---p 00000000 00:00 0 
7f33f79fa000-7f33f79fd000 ---p 00000000 00:00 0 
7f33f79fd000-7f33f7afb000 rw-p 00000000 00:00 0                          [stack:1160]
7f33f7afb000-7f33f7afe000 ---p 00000000 00:00 0 
7f33f7afe000-7f33f7bfc000 rw-p 00000000 00:00 0                          [stack:1159]
7f33f7bfc000-7f33f7bff000 ---p 00000000 00:00 0 
7f33f7bff000-7f33f7cfd000 rw-p 00000000 00:00 0                          [stack:1158]
7f33f7cfd000-7f33f7d00000 ---p 00000000 00:00 0 
7f33f7d00000-7f33f7dfe000 rw-p 00000000 00:00 0                          [stack:1157]
7f33f7dfe000-7f33f7e01000 ---p 00000000 00:00 0 
7f33f7e01000-7f33f7eff000 rw-p 00000000 00:00 0                          [stack:1156]
7f33f7eff000-7f33f7f02000 ---p 00000000 00:00 0 
7f33f7f02000-7f33f8000000 rw-p 00000000 00:00 0                          [stack:1155]
7f33f8000000-7f33f8021000 rw-p 00000000 00:00 0 
7f33f8021000-7f33fc000000 ---p 00000000 00:00 0 
7f33fc0ba000-7f33fc0bd000 ---p 00000000 00:00 0 
7f33fc0bd000-7f33fc1bb000 rw-p 00000000 00:00 0                          [stack:1154]
7f33fc1bb000-7f33fc1be000 ---p 00000000 00:00 0 
7f33fc1be000-7f33fc2bc000 rw-p 00000000 00:00 0                          [stack:1153]
7f33fc2bc000-7f33fc2bf000 ---p 00000000 00:00 0 
7f33fc2bf000-7f33fc3bd000 rw-p 00000000 00:00 0                          [stack:1152]
7f33fc3bd000-7f33fc3c0000 ---p 00000000 00:00 0 
7f33fc3c0000-7f33fc4be000 rw-p 00000000 00:00 0                          [stack:1151]
7f33fc4be000-7f33fc4c1000 ---p 00000000 00:00 0 
7f33fc4c1000-7f33fc5bf000 rw-p 00000000 00:00 0                          [stack:1150]
7f33fc5bf000-7f33fc5c2000 ---p 00000000 00:00 0 
7f33fc5c2000-7f33fc6c0000 rw-p 00000000 00:00 0                          [stack:1149]
7f33fc6c0000-7f33fc6c3000 ---p 00000000 00:00 0 
7f33fc6c3000-7f33fc7c1000 rw-p 00000000 00:00 0                          [stack:1148]
7f33fc7c1000-7f33fc7c4000 ---p 00000000 00:00 0 
7f33fc7c4000-7f33fc8c2000 rw-p 00000000 00:00 0                          [stack:1147]
7f33fc8c2000-7f33fc8c5000 ---p 00000000 00:00 0 
7f33fc8c5000-7f33fc9c3000 rw-p 00000000 00:00 0                          [stack:1146]
7f33fc9c3000-7f33fc9c6000 ---p 00000000 00:00 0 
7f33fc9c6000-7f33fcac4000 rw-p 00000000 00:00 0                          [stack:1145]
7f33fcac4000-7f33fcac7000 ---p 00000000 00:00 0 
7f33fcac7000-7f33fcbc5000 rw-p 00000000 00:00 0                          [stack:1144]
7f33fcbc5000-7f33fcbc8000 ---p 00000000 00:00 0 
7f33fcbc8000-7f33fccc6000 rw-p 00000000 00:00 0                          [stack:1143]
7f33fccc6000-7f33fccc9000 ---p 00000000 00:00 0 
7f33fccc9000-7f33fcdc7000 rw-p 00000000 00:00 0                          [stack:1142]
7f33fcdc7000-7f33fcdca000 ---p 00000000 00:00 0 
7f33fcdca000-7f33fcec8000 rw-p 00000000 00:00 0                          [stack:1141]
7f33fcec8000-7f33fcecb000 ---p 00000000 00:00 0 
7f33fcecb000-7f33fcfc9000 rw-p 00000000 00:00 0                          [stack:1140]
7f33fcfc9000-7f33fcfcc000 ---p 00000000 00:00 0 
7f33fcfcc000-7f33fd0ca000 rw-p 00000000 00:00 0                          [stack:1139]
7f33fd0ca000-7f33fd0cd000 ---p 00000000 00:00 0 
7f33fd0cd000-7f33fd1cb000 rw-p 00000000 00:00 0                          [stack:1138]
7f33fd1cb000-7f33fd1ce000 ---p 00000000 00:00 0 
7f33fd1ce000-7f33fd2cc000 rw-p 00000000 00:00 0                          [stack:1137]
7f33fd2cc000-7f33fd2cf000 ---p 00000000 00:00 0 
7f33fd2cf000-7f33fd3cd000 rw-p 00000000 00:00 0                          [stack:1135]
7f33fd3cd000-7f33fd3d0000 ---p 00000000 00:00 0 
7f33fd3d0000-7f33fe3cf000 rw-p 00000000 00:00 0                          [stack:1134]
7f33fe3cf000-7f33fe3e5000 r-xp 00000000 08:02 4089303                    /usr/java/jdk1.8.0_66/jre/lib/amd64/libnet.so
7f33fe3e5000-7f33fe5e5000 ---p 00016000 08:02 4089303                    /usr/java/jdk1.8.0_66/jre/lib/amd64/libnet.so
7f33fe5e5000-7f33fe5e6000 rw-p 00016000 08:02 4089303                    /usr/java/jdk1.8.0_66/jre/lib/amd64/libnet.so
7f33fe5e6000-7f33fe5e9000 ---p 00000000 00:00 0 
7f33fe5e9000-7f33fe6e7000 rw-p 00000000 00:00 0                          [stack:1103]
7f33fe6e7000-7f33fe6e8000 r-xp 00000000 08:02 3957237                    /root/idea/bin/libbreakgen64.so
7f33fe6e8000-7f33fe8e7000 ---p 00001000 08:02 3957237                    /root/idea/bin/libbreakgen64.so
7f33fe8e7000-7f33fe8e8000 r--p 00000000 08:02 3957237                    /root/idea/bin/libbreakgen64.so
7f33fe8e8000-7f33fe8e9000 rw-p 00001000 08:02 3957237                    /root/idea/bin/libbreakgen64.so
7f33fe8e9000-7f33fe8ea000 ---p 00000000 00:00 0 
7f33fe8ea000-7f33fe9ea000 rw-p 00000000 00:00 0                          [stack:1102]
7f33fe9ea000-7f33fe9ed000 ---p 00000000 00:00 0 
7f33fe9ed000-7f33feaeb000 rw-p 00000000 00:00 0                          [stack:1101]
7f33feaeb000-7f33feaee000 ---p 00000000 00:00 0 
7f33feaee000-7f33febec000 rw-p 00000000 00:00 0                          [stack:1100]
7f33febec000-7f33febef000 ---p 00000000 00:00 0 
7f33febef000-7f33feced000 rw-p 00000000 00:00 0                          [stack:1099]
7f33feced000-7f33fecf0000 ---p 00000000 00:00 0 
7f33fecf0000-7f33fedee000 rw-p 00000000 00:00 0                          [stack:1097]
7f33fedee000-7f33fedf1000 ---p 00000000 00:00 0 
7f33fedf1000-7f33feeef000 rw-p 00000000 00:00 0                          [stack:1096]
7f33feeef000-7f33feef2000 ---p 00000000 00:00 0 
7f33feef2000-7f33feff0000 rw-p 00000000 00:00 0                          [stack:1094]
7f33feff0000-7f33feff3000 ---p 00000000 00:00 0 
7f33feff3000-7f33ff0f1000 rw-p 00000000 00:00 0                          [stack:1093]
7f33ff0f1000-7f33ff0f4000 ---p 00000000 00:00 0 
7f33ff0f4000-7f33ff1f2000 rw-p 00000000 00:00 0                          [stack:1092]
7f33ff1f2000-7f33ff1f5000 ---p 00000000 00:00 0 
7f33ff1f5000-7f33ff2f3000 rw-p 00000000 00:00 0                          [stack:1091]
7f33ff2f3000-7f33ff2f6000 ---p 00000000 00:00 0 
7f33ff2f6000-7f33ff3f4000 rw-p 00000000 00:00 0                          [stack:1090]
7f33ff3f4000-7f33ff3f7000 ---p 00000000 00:00 0 
7f33ff3f7000-7f33ff4f5000 rw-p 00000000 00:00 0                          [stack:1089]
7f33ff4f5000-7f33ff4f8000 ---p 00000000 00:00 0 
7f33ff4f8000-7f33ff5f6000 rw-p 00000000 00:00 0                          [stack:1088]
7f33ff5f6000-7f33ff5f9000 ---p 00000000 00:00 0 
7f33ff5f9000-7f33ff6f7000 rw-p 00000000 00:00 0                          [stack:1087]
7f33ff6f7000-7f33ff6fa000 ---p 00000000 00:00 0 
7f33ff6fa000-7f33ff7f8000 rw-p 00000000 00:00 0                          [stack:1086]
7f33ff7f8000-7f33ff7fb000 ---p 00000000 00:00 0 
7f33ff7fb000-7f33ff8f9000 rw-p 00000000 00:00 0                          [stack:1085]
7f33ff8f9000-7f33ff8fc000 ---p 00000000 00:00 0 
7f33ff8fc000-7f33ff9fa000 rw-p 00000000 00:00 0                          [stack:1084]
7f33ff9fa000-7f33ff9fd000 ---p 00000000 00:00 0 
7f33ff9fd000-7f33ffafb000 rw-p 00000000 00:00 0                          [stack:1083]
7f33ffafb000-7f33ffafe000 ---p 00000000 00:00 0 
7f33ffafe000-7f33ffbfc000 rw-p 00000000 00:00 0                          [stack:1064]
7f33ffbfc000-7f33ffbff000 ---p 00000000 00:00 0 
7f33ffbff000-7f33ffcfd000 rw-p 00000000 00:00 0                          [stack:1063]
7f33ffcfd000-7f33ffcfe000 ---p 00000000 00:00 0 
7f33ffcfe000-7f3400000000 rw-p 00000000 00:00 0                          [stack:1062]
7f3400000000-7f3400021000 rw-p 00000000 00:00 0 
7f3400021000-7f3404000000 ---p 00000000 00:00 0 
7f3404056000-7f3404072000 r--s 00393000 08:02 4338646                    /usr/java/jdk1.8.0_66/jre/lib/ext/cldrdata.jar
7f3404072000-7f3404085000 r--s 000df000 08:02 4337707                    /root/.m2/repository/org/apache/commons/commons-math/2.2/commons-math-2.2.jar
7f3404085000-7f3404096000 r--s 00156000 08:02 4112041                    /root/.m2/repository/org/apache/lucene/lucene-analyzers-common/6.2.0/lucene-analyzers-common-6.2.0.jar
7f3404096000-7f34040c1000 r--s 0024c000 08:02 4112042                    /root/.m2/repository/org/apache/lucene/lucene-core/6.2.0/lucene-core-6.2.0.jar
7f34040c1000-7f34040d3000 r--s 00345000 08:02 4089239                    /usr/java/jdk1.8.0_66/jre/lib/resources.jar
7f34040d3000-7f34040ee000 r--s 001fe000 08:02 4089121                    /usr/java/jdk1.8.0_66/jre/lib/deploy.jar
7f34040ee000-7f3408000000 rw-p 00000000 00:00 0 
7f3408000000-7f3408021000 rw-p 00000000 00:00 0 
7f3408021000-7f340c000000 ---p 00000000 00:00 0 
7f340c000000-7f340c021000 rw-p 00000000 00:00 0 
7f340c021000-7f3410000000 ---p 00000000 00:00 0 
7f3410000000-7f3410021000 rw-p 00000000 00:00 0 
7f3410021000-7f3414000000 ---p 00000000 00:00 0 
7f3414000000-7f3414021000 rw-p 00000000 00:00 0 
7f3414021000-7f3418000000 ---p 00000000 00:00 0 
7f3418000000-7f3418021000 rw-p 00000000 00:00 0 
7f3418021000-7f341c000000 ---p 00000000 00:00 0 
7f341c000000-7f341c021000 rw-p 00000000 00:00 0 
7f341c021000-7f3420000000 ---p 00000000 00:00 0 
7f3420000000-7f3420021000 rw-p 00000000 00:00 0 
7f3420021000-7f3424000000 ---p 00000000 00:00 0 
7f3424000000-7f3424021000 rw-p 00000000 00:00 0 
7f3424021000-7f3428000000 ---p 00000000 00:00 0 
7f3428000000-7f3428021000 rw-p 00000000 00:00 0 
7f3428021000-7f342c000000 ---p 00000000 00:00 0 
7f342c000000-7f342c021000 rw-p 00000000 00:00 0 
7f342c021000-7f3430000000 ---p 00000000 00:00 0 
7f3430000000-7f3430021000 rw-p 00000000 00:00 0 
7f3430021000-7f3434000000 ---p 00000000 00:00 0 
7f3434000000-7f3434021000 rw-p 00000000 00:00 0 
7f3434021000-7f3438000000 ---p 00000000 00:00 0 
7f3438000000-7f3438021000 rw-p 00000000 00:00 0 
7f3438021000-7f343c000000 ---p 00000000 00:00 0 
7f343c000000-7f343c021000 rw-p 00000000 00:00 0 
7f343c021000-7f3440000000 ---p 00000000 00:00 0 
7f3440000000-7f3440021000 rw-p 00000000 00:00 0 
7f3440021000-7f3444000000 ---p 00000000 00:00 0 
7f3444000000-7f3444021000 rw-p 00000000 00:00 0 
7f3444021000-7f3448000000 ---p 00000000 00:00 0 
7f3448000000-7f3448021000 rw-p 00000000 00:00 0 
7f3448021000-7f344c000000 ---p 00000000 00:00 0 
7f344c000000-7f344c021000 rw-p 00000000 00:00 0 
7f344c021000-7f3450000000 ---p 00000000 00:00 0 
7f3450000000-7f345000a000 r--s 00116000 08:02 4338655                    /usr/java/jdk1.8.0_66/jre/lib/ext/localedata.jar
7f345000a000-7f345000c000 r--s 0001e000 08:02 3957149                    /root/idea/lib/idea_rt.jar
7f345000c000-7f345000d000 r--s 001cc000 08:02 4112119                    /root/.m2/repository/org/carrot2/morfologik-polish/2.1.0/morfologik-polish-2.1.0.jar
7f345000d000-7f345000e000 r--s 00134000 08:02 4112118                    /root/.m2/repository/org/apache/lucene/lucene-analyzers-morfologik/6.2.0/lucene-analyzers-morfologik-6.2.0.jar
7f345000e000-7f345000f000 r--s 00004000 08:02 4112103                    /root/.m2/repository/org/carrot2/morfologik-fsa/2.1.0/morfologik-fsa-2.1.0.jar
7f345000f000-7f3450a19000 rw-p 00000000 00:00 0 
7f3450a19000-7f3450bf2000 r--s 03d20000 08:02 4089203                    /usr/java/jdk1.8.0_66/jre/lib/rt.jar
7f3450bf2000-7f34511e8000 rw-p 00000000 00:00 0 
7f34511e8000-7f3451468000 ---p 00000000 00:00 0 
7f3451468000-7f3453bd7000 rw-p 00000000 00:00 0 
7f3453bd7000-7f345690b000 ---p 00000000 00:00 0 
7f345690b000-7f345907a000 rw-p 00000000 00:00 0 
7f345907a000-7f345bdad000 ---p 00000000 00:00 0 
7f345bdad000-7f345e7ff000 rw-p 00000000 00:00 0 
7f345e7ff000-7f394c500000 rw-p 00000000 00:00 0 
7f3e348ff000-7f3e34900000 rw-p 00000000 00:00 0 
7f3e34900000-7f3ef2d80000 ---p 00000000 00:00 0 
7f3ef2d80000-7f443d000000 rw-p 00000000 00:00 0 
7f443d000000-7f443d700000 rwxp 00000000 00:00 0 
7f443d700000-7f444c000000 ---p 00000000 00:00 0 
7f444c000000-7f444c4a2000 rw-p 00000000 00:00 0 
7f444c4a2000-7f4450000000 ---p 00000000 00:00 0 
7f4450000000-7f4450002000 r--s 0000b000 08:02 4112102                    /root/.m2/repository/org/carrot2/morfologik-stemming/2.1.0/morfologik-stemming-2.1.0.jar
7f4450002000-7f4450015000 r--s 000d5000 08:02 4089145                    /usr/java/jdk1.8.0_66/jre/lib/plugin.jar
7f4450015000-7f445001a000 r--s 00096000 08:02 4089253                    /usr/java/jdk1.8.0_66/jre/lib/jsse.jar
7f445001a000-7f4450552000 rw-p 00000000 00:00 0 
7f4450552000-7f4450553000 ---p 00000000 00:00 0 
7f4450553000-7f4450653000 rw-p 00000000 00:00 0                          [stack:1061]
7f4450653000-7f4450654000 ---p 00000000 00:00 0 
7f4450654000-7f4450754000 rw-p 00000000 00:00 0                          [stack:1060]
7f4450754000-7f4450755000 ---p 00000000 00:00 0 
7f4450755000-7f4450855000 rw-p 00000000 00:00 0                          [stack:1059]
7f4450855000-7f4450856000 ---p 00000000 00:00 0 
7f4450856000-7f4450956000 rw-p 00000000 00:00 0                          [stack:1058]
7f4450956000-7f4450957000 ---p 00000000 00:00 0 
7f4450957000-7f4450a57000 rw-p 00000000 00:00 0                          [stack:1057]
7f4450a57000-7f4450a58000 ---p 00000000 00:00 0 
7f4450a58000-7f4450b58000 rw-p 00000000 00:00 0                          [stack:1056]
7f4450b58000-7f4450b59000 ---p 00000000 00:00 0 
7f4450b59000-7f4450c59000 rw-p 00000000 00:00 0                          [stack:1055]
7f4450c59000-7f4450c5a000 ---p 00000000 00:00 0 
7f4450c5a000-7f4450d5a000 rw-p 00000000 00:00 0                          [stack:1054]
7f4450d5a000-7f4450d5b000 ---p 00000000 00:00 0 
7f4450d5b000-7f4450e5b000 rw-p 00000000 00:00 0                          [stack:1053]
7f4450e5b000-7f4450e5c000 ---p 00000000 00:00 0 
7f4450e5c000-7f4450f5c000 rw-p 00000000 00:00 0                          [stack:1052]
7f4450f5c000-7f4450f5d000 ---p 00000000 00:00 0 
7f4450f5d000-7f445105d000 rw-p 00000000 00:00 0                          [stack:1051]
7f445105d000-7f445105e000 ---p 00000000 00:00 0 
7f445105e000-7f445115e000 rw-p 00000000 00:00 0                          [stack:1050]
7f445115e000-7f445115f000 ---p 00000000 00:00 0 
7f445115f000-7f445125f000 rw-p 00000000 00:00 0                          [stack:1048]
7f445125f000-7f4451260000 ---p 00000000 00:00 0 
7f4451260000-7f4451360000 rw-p 00000000 00:00 0                          [stack:1047]
7f4451360000-7f4451361000 ---p 00000000 00:00 0 
7f4451361000-7f4451461000 rw-p 00000000 00:00 0                          [stack:1046]
7f4451461000-7f4451462000 ---p 00000000 00:00 0 
7f4451462000-7f4451562000 rw-p 00000000 00:00 0                          [stack:1045]
7f4451562000-7f4451563000 ---p 00000000 00:00 0 
7f4451563000-7f4451663000 rw-p 00000000 00:00 0                          [stack:1044]
7f4451663000-7f4451664000 ---p 00000000 00:00 0 
7f4451664000-7f4451764000 rw-p 00000000 00:00 0                          [stack:1043]
7f4451764000-7f4451765000 ---p 00000000 00:00 0 
7f4451765000-7f4451865000 rw-p 00000000 00:00 0                          [stack:1039]
7f4451865000-7f4451866000 ---p 00000000 00:00 0 
7f4451866000-7f4451966000 rw-p 00000000 00:00 0                          [stack:1038]
7f4451966000-7f4451967000 ---p 00000000 00:00 0 
7f4451967000-7f4451a67000 rw-p 00000000 00:00 0                          [stack:1037]
7f4451a67000-7f4451a68000 ---p 00000000 00:00 0 
7f4451a68000-7f4451b68000 rw-p 00000000 00:00 0                          [stack:1036]
7f4451b68000-7f4451b69000 ---p 00000000 00:00 0 
7f4451b69000-7f4451c85000 rw-p 00000000 00:00 0                          [stack:1035]
7f4451c85000-7f4452029000 ---p 00000000 00:00 0 
7f4452029000-7f4452043000 r-xp 00000000 08:02 4089299                    /usr/java/jdk1.8.0_66/jre/lib/amd64/libzip.so
7f4452043000-7f4452243000 ---p 0001a000 08:02 4089299                    /usr/java/jdk1.8.0_66/jre/lib/amd64/libzip.so
7f4452243000-7f4452244000 rw-p 0001a000 08:02 4089299                    /usr/java/jdk1.8.0_66/jre/lib/amd64/libzip.so
7f4452244000-7f4452250000 r-xp 00000000 08:02 3805706                    /usr/lib64/libnss_files-2.17.so
7f4452250000-7f445244f000 ---p 0000c000 08:02 3805706                    /usr/lib64/libnss_files-2.17.so
7f445244f000-7f4452450000 r--p 0000b000 08:02 3805706                    /usr/lib64/libnss_files-2.17.so
7f4452450000-7f4452451000 rw-p 0000c000 08:02 3805706                    /usr/lib64/libnss_files-2.17.so
7f4452451000-7f4452457000 rw-p 00000000 00:00 0 
7f4452457000-7f4452481000 r-xp 00000000 08:02 4089294                    /usr/java/jdk1.8.0_66/jre/lib/amd64/libjava.so
7f4452481000-7f4452681000 ---p 0002a000 08:02 4089294                    /usr/java/jdk1.8.0_66/jre/lib/amd64/libjava.so
7f4452681000-7f4452683000 rw-p 0002a000 08:02 4089294                    /usr/java/jdk1.8.0_66/jre/lib/amd64/libjava.so
7f4452683000-7f4452690000 r-xp 00000000 08:02 4089298                    /usr/java/jdk1.8.0_66/jre/lib/amd64/libverify.so
7f4452690000-7f4452890000 ---p 0000d000 08:02 4089298                    /usr/java/jdk1.8.0_66/jre/lib/amd64/libverify.so
7f4452890000-7f4452892000 rw-p 0000d000 08:02 4089298                    /usr/java/jdk1.8.0_66/jre/lib/amd64/libverify.so
7f4452892000-7f4452899000 r-xp 00000000 08:02 3805709                    /usr/lib64/librt-2.17.so
7f4452899000-7f4452a98000 ---p 00007000 08:02 3805709                    /usr/lib64/librt-2.17.so
7f4452a98000-7f4452a99000 r--p 00006000 08:02 3805709                    /usr/lib64/librt-2.17.so
7f4452a99000-7f4452a9a000 rw-p 00007000 08:02 3805709                    /usr/lib64/librt-2.17.so
7f4452a9a000-7f4452b9b000 r-xp 00000000 08:02 3805703                    /usr/lib64/libm-2.17.so
7f4452b9b000-7f4452d9a000 ---p 00101000 08:02 3805703                    /usr/lib64/libm-2.17.so
7f4452d9a000-7f4452d9b000 r--p 00100000 08:02 3805703                    /usr/lib64/libm-2.17.so
7f4452d9b000-7f4452d9c000 rw-p 00101000 08:02 3805703                    /usr/lib64/libm-2.17.so
7f4452d9c000-7f4453a5a000 r-xp 00000000 08:02 4338748                    /usr/java/jdk1.8.0_66/jre/lib/amd64/server/libjvm.so
7f4453a5a000-7f4453c59000 ---p 00cbe000 08:02 4338748                    /usr/java/jdk1.8.0_66/jre/lib/amd64/server/libjvm.so
7f4453c59000-7f4453d32000 rw-p 00cbd000 08:02 4338748                    /usr/java/jdk1.8.0_66/jre/lib/amd64/server/libjvm.so
7f4453d32000-7f4453d76000 rw-p 00000000 00:00 0 
7f4453d76000-7f4453f2d000 r-xp 00000000 08:02 3805545                    /usr/lib64/libc-2.17.so
7f4453f2d000-7f445412d000 ---p 001b7000 08:02 3805545                    /usr/lib64/libc-2.17.so
7f445412d000-7f4454131000 r--p 001b7000 08:02 3805545                    /usr/lib64/libc-2.17.so
7f4454131000-7f4454133000 rw-p 001bb000 08:02 3805545                    /usr/lib64/libc-2.17.so
7f4454133000-7f4454138000 rw-p 00000000 00:00 0 
7f4454138000-7f445413b000 r-xp 00000000 08:02 3805702                    /usr/lib64/libdl-2.17.so
7f445413b000-7f445433a000 ---p 00003000 08:02 3805702                    /usr/lib64/libdl-2.17.so
7f445433a000-7f445433b000 r--p 00002000 08:02 3805702                    /usr/lib64/libdl-2.17.so
7f445433b000-7f445433c000 rw-p 00003000 08:02 3805702                    /usr/lib64/libdl-2.17.so
7f445433c000-7f4454351000 r-xp 00000000 08:02 4089023                    /usr/java/jdk1.8.0_66/lib/amd64/jli/libjli.so
7f4454351000-7f4454551000 ---p 00015000 08:02 4089023                    /usr/java/jdk1.8.0_66/lib/amd64/jli/libjli.so
7f4454551000-7f4454552000 rw-p 00015000 08:02 4089023                    /usr/java/jdk1.8.0_66/lib/amd64/jli/libjli.so
7f4454552000-7f4454568000 r-xp 00000000 08:02 3805571                    /usr/lib64/libpthread-2.17.so
7f4454568000-7f4454768000 ---p 00016000 08:02 3805571                    /usr/lib64/libpthread-2.17.so
7f4454768000-7f4454769000 r--p 00016000 08:02 3805571                    /usr/lib64/libpthread-2.17.so
7f4454769000-7f445476a000 rw-p 00017000 08:02 3805571                    /usr/lib64/libpthread-2.17.so
7f445476a000-7f445476e000 rw-p 00000000 00:00 0 
7f445476e000-7f445478f000 r-xp 00000000 08:02 3864684                    /usr/lib64/ld-2.17.so
7f445478f000-7f4454790000 r--s 00006000 08:02 4064837                    /root/.m2/repository/org/ansj/tree_split/1.0.1/tree_split-1.0.1.jar
7f4454790000-7f4454862000 rw-p 00000000 00:00 0 
7f4454862000-7f4454865000 ---p 00000000 00:00 0 
7f4454865000-7f4454967000 rw-p 00000000 00:00 0                          [stack:1001]
7f4454967000-7f4454969000 r--s 004a1000 08:02 4064801                    /root/.m2/repository/org/ansj/ansj_seg/0.9/ansj_seg-0.9.jar
7f4454969000-7f445496a000 r--s 00000000 08:02 4089127                    /usr/java/jdk1.8.0_66/jre/lib/management-agent.jar
7f445496a000-7f445496c000 r--s 00007000 08:02 4089321                    /usr/java/jdk1.8.0_66/jre/lib/jfxswt.jar
7f445496c000-7f4454971000 r--s 00083000 08:02 4089120                    /usr/java/jdk1.8.0_66/jre/lib/jfr.jar
7f4454971000-7f4454974000 r--s 0001a000 08:02 4089319                    /usr/java/jdk1.8.0_66/jre/lib/jce.jar
7f4454974000-7f445497e000 r--s 0006b000 08:02 4089130                    /usr/java/jdk1.8.0_66/jre/lib/javaws.jar
7f445497e000-7f4454984000 r--s 002f8000 08:02 4089201                    /usr/java/jdk1.8.0_66/jre/lib/charsets.jar
7f4454984000-7f445498c000 rw-s 00000000 08:02 4195180                    /tmp/hsperfdata_root/998
7f445498c000-7f445498d000 rw-p 00000000 00:00 0 
7f445498d000-7f445498e000 ---p 00000000 00:00 0 
7f445498e000-7f445498f000 rw-p 00000000 00:00 0 
7f445498f000-7f4454990000 r--p 00021000 08:02 3864684                    /usr/lib64/ld-2.17.so
7f4454990000-7f4454991000 rw-p 00022000 08:02 3864684                    /usr/lib64/ld-2.17.so
7f4454991000-7f4454992000 rw-p 00000000 00:00 0 
7fffba367000-7fffba389000 rw-p 00000000 00:00 0                          [stack]
7fffba3fe000-7fffba400000 r-xp 00000000 00:00 0                          [vdso]
ffffffffff600000-ffffffffff601000 r-xp 00000000 00:00 0                  [vsyscall]

VM Arguments:
jvm_args: -ea -Xmx65000m -Xms20000m -Didea.launcher.port=7538 -Didea.launcher.bin.path=/root/idea/bin -Dfile.encoding=UTF-8 
java_command: com.intellij.rt.execution.application.AppMain cal.sim.BiCategorySim
java_class_path (initial): /usr/java/jdk1.8.0_66/jre/lib/charsets.jar:/usr/java/jdk1.8.0_66/jre/lib/deploy.jar:/usr/java/jdk1.8.0_66/jre/lib/ext/cldrdata.jar:/usr/java/jdk1.8.0_66/jre/lib/ext/dnsns.jar:/usr/java/jdk1.8.0_66/jre/lib/ext/jaccess.jar:/usr/java/jdk1.8.0_66/jre/lib/ext/jfxrt.jar:/usr/java/jdk1.8.0_66/jre/lib/ext/localedata.jar:/usr/java/jdk1.8.0_66/jre/lib/ext/nashorn.jar:/usr/java/jdk1.8.0_66/jre/lib/ext/sunec.jar:/usr/java/jdk1.8.0_66/jre/lib/ext/sunjce_provider.jar:/usr/java/jdk1.8.0_66/jre/lib/ext/sunpkcs11.jar:/usr/java/jdk1.8.0_66/jre/lib/ext/zipfs.jar:/usr/java/jdk1.8.0_66/jre/lib/javaws.jar:/usr/java/jdk1.8.0_66/jre/lib/jce.jar:/usr/java/jdk1.8.0_66/jre/lib/jfr.jar:/usr/java/jdk1.8.0_66/jre/lib/jfxswt.jar:/usr/java/jdk1.8.0_66/jre/lib/jsse.jar:/usr/java/jdk1.8.0_66/jre/lib/management-agent.jar:/usr/java/jdk1.8.0_66/jre/lib/plugin.jar:/usr/java/jdk1.8.0_66/jre/lib/resources.jar:/usr/java/jdk1.8.0_66/jre/lib/rt.jar:/root/shunyang/BiCategorySim_2/target/classes:/root/.m2/repository/org/ansj/ansj_seg/0.9/ansj_seg-0.9.jar:/root/.m2/repository/org/ansj/tree_split/1.0.1/tree_split-1.0.1.jar:/root/.m2/repository/org/carrot2/morfologik-stemming/2.1.0/morfologik-stemming-2.1.0.jar:/root/.m2/repository/org/carrot2/morfologik-fsa/2.1.0/morfologik-fsa-2.1.0.jar:/root/.m2/repository/org/apache/lucene/lucene-analyzers-morfologik/6.2.0/lucene-analyzers-morfologik-6.2.0.jar:/root/.m2/repository/org/apache/lucene/lucene-core/6.2.0/lucene-core-6.2.0.jar:/root/.m2/repository/org/carrot2/morfologik-polish/2.1.0/morfologik-polish-2.1.0.jar:/root/.m2/repository/org/apache/lucene/lucene-analyzers-common/6.2.0/lucene-analyzers-common-6.2.0.jar:/root/.m2/repository/org/apache/commons/commons-math/2.2/commons-math-2.2.jar:/root/idea/lib/idea_rt.jar
Launcher Type: SUN_STANDARD

Environment Variables:
JAVA_HOME=/usr/java/latest
PATH=/usr/lib64/qt-3.3/bin:/root/perl5/bin:/usr/local/apache-maven-3.3.9/bin:/usr/local/sbin:/usr/local/bin:/usr/sbin:/usr/bin:/usr/local/cmake-3.6.0/bin:/root/cuixuan/Big-Data/hadoop-2.7.1/bin:/root/cuixuan/Test-Big-Data/apache-hive-2.2.0-SNAPSHOT-bin/bin:/usr/java/latest/bin:/root/cuixuan/Big-Data/mahout-0.12.2/bin:/root/cuixuan/Big-Data/spark-1.6.0/bin:/root/bin
LD_LIBRARY_PATH=/root/idea/bin:
SHELL=/bin/bash
DISPLAY=:1

Signal Handlers:
SIGSEGV: [libjvm.so+0xaba2a0], sa_mask[0]=11111111011111111101111111111110, sa_flags=SA_RESTART|SA_SIGINFO
SIGBUS: [libjvm.so+0xaba2a0], sa_mask[0]=11111111011111111101111111111110, sa_flags=SA_RESTART|SA_SIGINFO
SIGFPE: [libjvm.so+0x917710], sa_mask[0]=11111111011111111101111111111110, sa_flags=SA_RESTART|SA_SIGINFO
SIGPIPE: [libjvm.so+0x917710], sa_mask[0]=11111111011111111101111111111110, sa_flags=SA_RESTART|SA_SIGINFO
SIGXFSZ: [libjvm.so+0x917710], sa_mask[0]=11111111011111111101111111111110, sa_flags=SA_RESTART|SA_SIGINFO
SIGILL: [libjvm.so+0x917710], sa_mask[0]=11111111011111111101111111111110, sa_flags=SA_RESTART|SA_SIGINFO
SIGUSR1: SIG_DFL, sa_mask[0]=00000000000000000000000000000000, sa_flags=none
SIGUSR2: [libjvm.so+0x918d40], sa_mask[0]=00100000000000000000000000000000, sa_flags=SA_RESTART|SA_SIGINFO
SIGHUP: [libjvm.so+0x91a140], sa_mask[0]=11111111011111111101111111111110, sa_flags=SA_RESTART|SA_SIGINFO
SIGINT: [libjvm.so+0x91a140], sa_mask[0]=11111111011111111101111111111110, sa_flags=SA_RESTART|SA_SIGINFO
SIGTERM: [libjvm.so+0x91a140], sa_mask[0]=11111111011111111101111111111110, sa_flags=SA_RESTART|SA_SIGINFO
SIGQUIT: [libjvm.so+0x91a140], sa_mask[0]=11111111011111111101111111111110, sa_flags=SA_RESTART|SA_SIGINFO


---------------  S Y S T E M  ---------------

OS:CentOS Linux release 7.2.1511 (Core) 

uname:Linux 3.10.0-229.el7.x86_64 #1 SMP Fri Mar 6 11:36:42 UTC 2015 x86_64
libc:glibc 2.17 NPTL 2.17 
rlimit: STACK 8192k, CORE 0k, NPROC 256738, NOFILE 327680, AS infinity
load average:8.19 2.41 0.98

/proc/meminfo:
MemTotal:       65742872 kB
MemFree:          304428 kB
MemAvailable:    7595716 kB
Buffers:          103092 kB
Cached:          6911868 kB
SwapCached:       636108 kB
Active:         55604340 kB
Inactive:        7882388 kB
Active(anon):   52175804 kB
Inactive(anon):  4426672 kB
Active(file):    3428536 kB
Inactive(file):  3455716 kB
Unevictable:           0 kB
Mlocked:               0 kB
SwapTotal:      10485756 kB
SwapFree:         327504 kB
Dirty:             12380 kB
Writeback:             0 kB
AnonPages:      55835292 kB
Mapped:           130536 kB
Shmem:            131448 kB
Slab:             927240 kB
SReclaimable:     744896 kB
SUnreclaim:       182344 kB
KernelStack:       50928 kB
PageTables:       183780 kB
NFS_Unstable:          0 kB
Bounce:                0 kB
WritebackTmp:          0 kB
CommitLimit:    43357192 kB
Committed_AS:   84123932 kB
VmallocTotal:   34359738367 kB
VmallocUsed:      427828 kB
VmallocChunk:   34325770748 kB
HardwareCorrupted:     0 kB
AnonHugePages:  12886016 kB
HugePages_Total:       0
HugePages_Free:        0
HugePages_Rsvd:        0
HugePages_Surp:        0
Hugepagesize:       2048 kB
DirectMap4k:      421212 kB
DirectMap2M:    53014528 kB
DirectMap1G:    15728640 kB


CPU:total 32 (8 cores per cpu, 2 threads per core) family 6 model 45 stepping 7, cmov, cx8, fxsr, mmx, sse, sse2, sse3, ssse3, sse4.1, sse4.2, popcnt, avx, aes, clmul, ht, tsc, tscinvbit, tscinv

/proc/cpuinfo:
processor	: 0
vendor_id	: GenuineIntel
cpu family	: 6
model		: 45
model name	: Intel(R) Xeon(R) CPU E5-2690 0 @ 2.90GHz
stepping	: 7
microcode	: 0x710
cpu MHz		: 3579.460
cache size	: 20480 KB
physical id	: 0
siblings	: 16
core id		: 0
cpu cores	: 8
apicid		: 0
initial apicid	: 0
fpu		: yes
fpu_exception	: yes
cpuid level	: 13
wp		: yes
flags		: fpu vme de pse tsc msr pae mce cx8 apic sep mtrr pge mca cmov pat pse36 clflush dts acpi mmx fxsr sse sse2 ss ht tm pbe syscall nx pdpe1gb rdtscp lm constant_tsc arch_perfmon pebs bts rep_good nopl xtopology nonstop_tsc aperfmperf eagerfpu pni pclmulqdq dtes64 monitor ds_cpl vmx smx est tm2 ssse3 cx16 xtpr pdcm pcid dca sse4_1 sse4_2 x2apic popcnt tsc_deadline_timer aes xsave avx lahf_lm ida arat epb xsaveopt pln pts dtherm tpr_shadow vnmi flexpriority ept vpid
bogomips	: 5785.95
clflush size	: 64
cache_alignment	: 64
address sizes	: 46 bits physical, 48 bits virtual
power management:

processor	: 1
vendor_id	: GenuineIntel
cpu family	: 6
model		: 45
model name	: Intel(R) Xeon(R) CPU E5-2690 0 @ 2.90GHz
stepping	: 7
microcode	: 0x710
cpu MHz		: 1717.230
cache size	: 20480 KB
physical id	: 0
siblings	: 16
core id		: 1
cpu cores	: 8
apicid		: 2
initial apicid	: 2
fpu		: yes
fpu_exception	: yes
cpuid level	: 13
wp		: yes
flags		: fpu vme de pse tsc msr pae mce cx8 apic sep mtrr pge mca cmov pat pse36 clflush dts acpi mmx fxsr sse sse2 ss ht tm pbe syscall nx pdpe1gb rdtscp lm constant_tsc arch_perfmon pebs bts rep_good nopl xtopology nonstop_tsc aperfmperf eagerfpu pni pclmulqdq dtes64 monitor ds_cpl vmx smx est tm2 ssse3 cx16 xtpr pdcm pcid dca sse4_1 sse4_2 x2apic popcnt tsc_deadline_timer aes xsave avx lahf_lm ida arat epb xsaveopt pln pts dtherm tpr_shadow vnmi flexpriority ept vpid
bogomips	: 5785.95
clflush size	: 64
cache_alignment	: 64
address sizes	: 46 bits physical, 48 bits virtual
power management:

processor	: 2
vendor_id	: GenuineIntel
cpu family	: 6
model		: 45
model name	: Intel(R) Xeon(R) CPU E5-2690 0 @ 2.90GHz
stepping	: 7
microcode	: 0x710
cpu MHz		: 1493.160
cache size	: 20480 KB
physical id	: 0
siblings	: 16
core id		: 2
cpu cores	: 8
apicid		: 4
initial apicid	: 4
fpu		: yes
fpu_exception	: yes
cpuid level	: 13
wp		: yes
flags		: fpu vme de pse tsc msr pae mce cx8 apic sep mtrr pge mca cmov pat pse36 clflush dts acpi mmx fxsr sse sse2 ss ht tm pbe syscall nx pdpe1gb rdtscp lm constant_tsc arch_perfmon pebs bts rep_good nopl xtopology nonstop_tsc aperfmperf eagerfpu pni pclmulqdq dtes64 monitor ds_cpl vmx smx est tm2 ssse3 cx16 xtpr pdcm pcid dca sse4_1 sse4_2 x2apic popcnt tsc_deadline_timer aes xsave avx lahf_lm ida arat epb xsaveopt pln pts dtherm tpr_shadow vnmi flexpriority ept vpid
bogomips	: 5785.95
clflush size	: 64
cache_alignment	: 64
address sizes	: 46 bits physical, 48 bits virtual
power management:

processor	: 3
vendor_id	: GenuineIntel
cpu family	: 6
model		: 45
model name	: Intel(R) Xeon(R) CPU E5-2690 0 @ 2.90GHz
stepping	: 7
microcode	: 0x710
cpu MHz		: 1199.988
cache size	: 20480 KB
physical id	: 0
siblings	: 16
core id		: 3
cpu cores	: 8
apicid		: 6
initial apicid	: 6
fpu		: yes
fpu_exception	: yes
cpuid level	: 13
wp		: yes
flags		: fpu vme de pse tsc msr pae mce cx8 apic sep mtrr pge mca cmov pat pse36 clflush dts acpi mmx fxsr sse sse2 ss ht tm pbe syscall nx pdpe1gb rdtscp lm constant_tsc arch_perfmon pebs bts rep_good nopl xtopology nonstop_tsc aperfmperf eagerfpu pni pclmulqdq dtes64 monitor ds_cpl vmx smx est tm2 ssse3 cx16 xtpr pdcm pcid dca sse4_1 sse4_2 x2apic popcnt tsc_deadline_timer aes xsave avx lahf_lm ida arat epb xsaveopt pln pts dtherm tpr_shadow vnmi flexpriority ept vpid
bogomips	: 5785.95
clflush size	: 64
cache_alignment	: 64
address sizes	: 46 bits physical, 48 bits virtual
power management:

processor	: 4
vendor_id	: GenuineIntel
cpu family	: 6
model		: 45
model name	: Intel(R) Xeon(R) CPU E5-2690 0 @ 2.90GHz
stepping	: 7
microcode	: 0x710
cpu MHz		: 3567.339
cache size	: 20480 KB
physical id	: 0
siblings	: 16
core id		: 4
cpu cores	: 8
apicid		: 8
initial apicid	: 8
fpu		: yes
fpu_exception	: yes
cpuid level	: 13
wp		: yes
flags		: fpu vme de pse tsc msr pae mce cx8 apic sep mtrr pge mca cmov pat pse36 clflush dts acpi mmx fxsr sse sse2 ss ht tm pbe syscall nx pdpe1gb rdtscp lm constant_tsc arch_perfmon pebs bts rep_good nopl xtopology nonstop_tsc aperfmperf eagerfpu pni pclmulqdq dtes64 monitor ds_cpl vmx smx est tm2 ssse3 cx16 xtpr pdcm pcid dca sse4_1 sse4_2 x2apic popcnt tsc_deadline_timer aes xsave avx lahf_lm ida arat epb xsaveopt pln pts dtherm tpr_shadow vnmi flexpriority ept vpid
bogomips	: 5785.95
clflush size	: 64
cache_alignment	: 64
address sizes	: 46 bits physical, 48 bits virtual
power management:

processor	: 5
vendor_id	: GenuineIntel
cpu family	: 6
model		: 45
model name	: Intel(R) Xeon(R) CPU E5-2690 0 @ 2.90GHz
stepping	: 7
microcode	: 0x710
cpu MHz		: 3054.742
cache size	: 20480 KB
physical id	: 0
siblings	: 16
core id		: 5
cpu cores	: 8
apicid		: 10
initial apicid	: 10
fpu		: yes
fpu_exception	: yes
cpuid level	: 13
wp		: yes
flags		: fpu vme de pse tsc msr pae mce cx8 apic sep mtrr pge mca cmov pat pse36 clflush dts acpi mmx fxsr sse sse2 ss ht tm pbe syscall nx pdpe1gb rdtscp lm constant_tsc arch_perfmon pebs bts rep_good nopl xtopology nonstop_tsc aperfmperf eagerfpu pni pclmulqdq dtes64 monitor ds_cpl vmx smx est tm2 ssse3 cx16 xtpr pdcm pcid dca sse4_1 sse4_2 x2apic popcnt tsc_deadline_timer aes xsave avx lahf_lm ida arat epb xsaveopt pln pts dtherm tpr_shadow vnmi flexpriority ept vpid
bogomips	: 5785.95
clflush size	: 64
cache_alignment	: 64
address sizes	: 46 bits physical, 48 bits virtual
power management:

processor	: 6
vendor_id	: GenuineIntel
cpu family	: 6
model		: 45
model name	: Intel(R) Xeon(R) CPU E5-2690 0 @ 2.90GHz
stepping	: 7
microcode	: 0x710
cpu MHz		: 1208.937
cache size	: 20480 KB
physical id	: 0
siblings	: 16
core id		: 6
cpu cores	: 8
apicid		: 12
initial apicid	: 12
fpu		: yes
fpu_exception	: yes
cpuid level	: 13
wp		: yes
flags		: fpu vme de pse tsc msr pae mce cx8 apic sep mtrr pge mca cmov pat pse36 clflush dts acpi mmx fxsr sse sse2 ss ht tm pbe syscall nx pdpe1gb rdtscp lm constant_tsc arch_perfmon pebs bts rep_good nopl xtopology nonstop_tsc aperfmperf eagerfpu pni pclmulqdq dtes64 monitor ds_cpl vmx smx est tm2 ssse3 cx16 xtpr pdcm pcid dca sse4_1 sse4_2 x2apic popcnt tsc_deadline_timer aes xsave avx lahf_lm ida arat epb xsaveopt pln pts dtherm tpr_shadow vnmi flexpriority ept vpid
bogomips	: 5785.95
clflush size	: 64
cache_alignment	: 64
address sizes	: 46 bits physical, 48 bits virtual
power management:

processor	: 7
vendor_id	: GenuineIntel
cpu family	: 6
model		: 45
model name	: Intel(R) Xeon(R) CPU E5-2690 0 @ 2.90GHz
stepping	: 7
microcode	: 0x710
cpu MHz		: 1389.054
cache size	: 20480 KB
physical id	: 0
siblings	: 16
core id		: 7
cpu cores	: 8
apicid		: 14
initial apicid	: 14
fpu		: yes
fpu_exception	: yes
cpuid level	: 13
wp		: yes
flags		: fpu vme de pse tsc msr pae mce cx8 apic sep mtrr pge mca cmov pat pse36 clflush dts acpi mmx fxsr sse sse2 ss ht tm pbe syscall nx pdpe1gb rdtscp lm constant_tsc arch_perfmon pebs bts rep_good nopl xtopology nonstop_tsc aperfmperf eagerfpu pni pclmulqdq dtes64 monitor ds_cpl vmx smx est tm2 ssse3 cx16 xtpr pdcm pcid dca sse4_1 sse4_2 x2apic popcnt tsc_deadline_timer aes xsave avx lahf_lm ida arat epb xsaveopt pln pts dtherm tpr_shadow vnmi flexpriority ept vpid
bogomips	: 5785.95
clflush size	: 64
cache_alignment	: 64
address sizes	: 46 bits physical, 48 bits virtual
power management:

processor	: 8
vendor_id	: GenuineIntel
cpu family	: 6
model		: 45
model name	: Intel(R) Xeon(R) CPU E5-2690 0 @ 2.90GHz
stepping	: 7
microcode	: 0x710
cpu MHz		: 1548.214
cache size	: 20480 KB
physical id	: 1
siblings	: 16
core id		: 0
cpu cores	: 8
apicid		: 32
initial apicid	: 32
fpu		: yes
fpu_exception	: yes
cpuid level	: 13
wp		: yes
flags		: fpu vme de pse tsc msr pae mce cx8 apic sep mtrr pge mca cmov pat pse36 clflush dts acpi mmx fxsr sse sse2 ss ht tm pbe syscall nx pdpe1gb rdtscp lm constant_tsc arch_perfmon pebs bts rep_good nopl xtopology nonstop_tsc aperfmperf eagerfpu pni pclmulqdq dtes64 monitor ds_cpl vmx smx est tm2 ssse3 cx16 xtpr pdcm pcid dca sse4_1 sse4_2 x2apic popcnt tsc_deadline_timer aes xsave avx lahf_lm ida arat epb xsaveopt pln pts dtherm tpr_shadow vnmi flexpriority ept vpid
bogomips	: 5790.59
clflush size	: 64
cache_alignment	: 64
address sizes	: 46 bits physical, 48 bits virtual
power management:

processor	: 9
vendor_id	: GenuineIntel
cpu family	: 6
model		: 45
model name	: Intel(R) Xeon(R) CPU E5-2690 0 @ 2.90GHz
stepping	: 7
microcode	: 0x710
cpu MHz		: 1503.242
cache size	: 20480 KB
physical id	: 1
siblings	: 16
core id		: 1
cpu cores	: 8
apicid		: 34
initial apicid	: 34
fpu		: yes
fpu_exception	: yes
cpuid level	: 13
wp		: yes
flags		: fpu vme de pse tsc msr pae mce cx8 apic sep mtrr pge mca cmov pat pse36 clflush dts acpi mmx fxsr sse sse2 ss ht tm pbe syscall nx pdpe1gb rdtscp lm constant_tsc arch_perfmon pebs bts rep_good nopl xtopology nonstop_tsc aperfmperf eagerfpu pni pclmulqdq dtes64 monitor ds_cpl vmx smx est tm2 ssse3 cx16 xtpr pdcm pcid dca sse4_1 sse4_2 x2apic popcnt tsc_deadline_timer aes xsave avx lahf_lm ida arat epb xsaveopt pln pts dtherm tpr_shadow vnmi flexpriority ept vpid
bogomips	: 5790.59
clflush size	: 64
cache_alignment	: 64
address sizes	: 46 bits physical, 48 bits virtual
power management:

processor	: 10
vendor_id	: GenuineIntel
cpu family	: 6
model		: 45
model name	: Intel(R) Xeon(R) CPU E5-2690 0 @ 2.90GHz
stepping	: 7
microcode	: 0x710
cpu MHz		: 1508.113
cache size	: 20480 KB
physical id	: 1
siblings	: 16
core id		: 2
cpu cores	: 8
apicid		: 36
initial apicid	: 36
fpu		: yes
fpu_exception	: yes
cpuid level	: 13
wp		: yes
flags		: fpu vme de pse tsc msr pae mce cx8 apic sep mtrr pge mca cmov pat pse36 clflush dts acpi mmx fxsr sse sse2 ss ht tm pbe syscall nx pdpe1gb rdtscp lm constant_tsc arch_perfmon pebs bts rep_good nopl xtopology nonstop_tsc aperfmperf eagerfpu pni pclmulqdq dtes64 monitor ds_cpl vmx smx est tm2 ssse3 cx16 xtpr pdcm pcid dca sse4_1 sse4_2 x2apic popcnt tsc_deadline_timer aes xsave avx lahf_lm ida arat epb xsaveopt pln pts dtherm tpr_shadow vnmi flexpriority ept vpid
bogomips	: 5790.59
clflush size	: 64
cache_alignment	: 64
address sizes	: 46 bits physical, 48 bits virtual
power management:

processor	: 11
vendor_id	: GenuineIntel
cpu family	: 6
model		: 45
model name	: Intel(R) Xeon(R) CPU E5-2690 0 @ 2.90GHz
stepping	: 7
microcode	: 0x710
cpu MHz		: 1504.601
cache size	: 20480 KB
physical id	: 1
siblings	: 16
core id		: 3
cpu cores	: 8
apicid		: 38
initial apicid	: 38
fpu		: yes
fpu_exception	: yes
cpuid level	: 13
wp		: yes
flags		: fpu vme de pse tsc msr pae mce cx8 apic sep mtrr pge mca cmov pat pse36 clflush dts acpi mmx fxsr sse sse2 ss ht tm pbe syscall nx pdpe1gb rdtscp lm constant_tsc arch_perfmon pebs bts rep_good nopl xtopology nonstop_tsc aperfmperf eagerfpu pni pclmulqdq dtes64 monitor ds_cpl vmx smx est tm2 ssse3 cx16 xtpr pdcm pcid dca sse4_1 sse4_2 x2apic popcnt tsc_deadline_timer aes xsave avx lahf_lm ida arat epb xsaveopt pln pts dtherm tpr_shadow vnmi flexpriority ept vpid
bogomips	: 5790.59
clflush size	: 64
cache_alignment	: 64
address sizes	: 46 bits physical, 48 bits virtual
power management:

processor	: 12
vendor_id	: GenuineIntel
cpu family	: 6
model		: 45
model name	: Intel(R) Xeon(R) CPU E5-2690 0 @ 2.90GHz
stepping	: 7
microcode	: 0x710
cpu MHz		: 1546.402
cache size	: 20480 KB
physical id	: 1
siblings	: 16
core id		: 4
cpu cores	: 8
apicid		: 40
initial apicid	: 40
fpu		: yes
fpu_exception	: yes
cpuid level	: 13
wp		: yes
flags		: fpu vme de pse tsc msr pae mce cx8 apic sep mtrr pge mca cmov pat pse36 clflush dts acpi mmx fxsr sse sse2 ss ht tm pbe syscall nx pdpe1gb rdtscp lm constant_tsc arch_perfmon pebs bts rep_good nopl xtopology nonstop_tsc aperfmperf eagerfpu pni pclmulqdq dtes64 monitor ds_cpl vmx smx est tm2 ssse3 cx16 xtpr pdcm pcid dca sse4_1 sse4_2 x2apic popcnt tsc_deadline_timer aes xsave avx lahf_lm ida arat epb xsaveopt pln pts dtherm tpr_shadow vnmi flexpriority ept vpid
bogomips	: 5790.59
clflush size	: 64
cache_alignment	: 64
address sizes	: 46 bits physical, 48 bits virtual
power management:

processor	: 13
vendor_id	: GenuineIntel
cpu family	: 6
model		: 45
model name	: Intel(R) Xeon(R) CPU E5-2690 0 @ 2.90GHz
stepping	: 7
microcode	: 0x710
cpu MHz		: 1510.152
cache size	: 20480 KB
physical id	: 1
siblings	: 16
core id		: 5
cpu cores	: 8
apicid		: 42
initial apicid	: 42
fpu		: yes
fpu_exception	: yes
cpuid level	: 13
wp		: yes
flags		: fpu vme de pse tsc msr pae mce cx8 apic sep mtrr pge mca cmov pat pse36 clflush dts acpi mmx fxsr sse sse2 ss ht tm pbe syscall nx pdpe1gb rdtscp lm constant_tsc arch_perfmon pebs bts rep_good nopl xtopology nonstop_tsc aperfmperf eagerfpu pni pclmulqdq dtes64 monitor ds_cpl vmx smx est tm2 ssse3 cx16 xtpr pdcm pcid dca sse4_1 sse4_2 x2apic popcnt tsc_deadline_timer aes xsave avx lahf_lm ida arat epb xsaveopt pln pts dtherm tpr_shadow vnmi flexpriority ept vpid
bogomips	: 5790.59
clflush size	: 64
cache_alignment	: 64
address sizes	: 46 bits physical, 48 bits virtual
power management:

processor	: 14
vendor_id	: GenuineIntel
cpu family	: 6
model		: 45
model name	: Intel(R) Xeon(R) CPU E5-2690 0 @ 2.90GHz
stepping	: 7
microcode	: 0x710
cpu MHz		: 1519.328
cache size	: 20480 KB
physical id	: 1
siblings	: 16
core id		: 6
cpu cores	: 8
apicid		: 44
initial apicid	: 44
fpu		: yes
fpu_exception	: yes
cpuid level	: 13
wp		: yes
flags		: fpu vme de pse tsc msr pae mce cx8 apic sep mtrr pge mca cmov pat pse36 clflush dts acpi mmx fxsr sse sse2 ss ht tm pbe syscall nx pdpe1gb rdtscp lm constant_tsc arch_perfmon pebs bts rep_good nopl xtopology nonstop_tsc aperfmperf eagerfpu pni pclmulqdq dtes64 monitor ds_cpl vmx smx est tm2 ssse3 cx16 xtpr pdcm pcid dca sse4_1 sse4_2 x2apic popcnt tsc_deadline_timer aes xsave avx lahf_lm ida arat epb xsaveopt pln pts dtherm tpr_shadow vnmi flexpriority ept vpid
bogomips	: 5790.59
clflush size	: 64
cache_alignment	: 64
address sizes	: 46 bits physical, 48 bits virtual
power management:

processor	: 15
vendor_id	: GenuineIntel
cpu family	: 6
model		: 45
model name	: Intel(R) Xeon(R) CPU E5-2690 0 @ 2.90GHz
stepping	: 7
microcode	: 0x710
cpu MHz		: 1503.015
cache size	: 20480 KB
physical id	: 1
siblings	: 16
core id		: 7
cpu cores	: 8
apicid		: 46
initial apicid	: 46
fpu		: yes
fpu_exception	: yes
cpuid level	: 13
wp		: yes
flags		: fpu vme de pse tsc msr pae mce cx8 apic sep mtrr pge mca cmov pat pse36 clflush dts acpi mmx fxsr sse sse2 ss ht tm pbe syscall nx pdpe1gb rdtscp lm constant_tsc arch_perfmon pebs bts rep_good nopl xtopology nonstop_tsc aperfmperf eagerfpu pni pclmulqdq dtes64 monitor ds_cpl vmx smx est tm2 ssse3 cx16 xtpr pdcm pcid dca sse4_1 sse4_2 x2apic popcnt tsc_deadline_timer aes xsave avx lahf_lm ida arat epb xsaveopt pln pts dtherm tpr_shadow vnmi flexpriority ept vpid
bogomips	: 5790.59
clflush size	: 64
cache_alignment	: 64
address sizes	: 46 bits physical, 48 bits virtual
power management:

processor	: 16
vendor_id	: GenuineIntel
cpu family	: 6
model		: 45
model name	: Intel(R) Xeon(R) CPU E5-2690 0 @ 2.90GHz
stepping	: 7
microcode	: 0x710
cpu MHz		: 1199.988
cache size	: 20480 KB
physical id	: 0
siblings	: 16
core id		: 0
cpu cores	: 8
apicid		: 1
initial apicid	: 1
fpu		: yes
fpu_exception	: yes
cpuid level	: 13
wp		: yes
flags		: fpu vme de pse tsc msr pae mce cx8 apic sep mtrr pge mca cmov pat pse36 clflush dts acpi mmx fxsr sse sse2 ss ht tm pbe syscall nx pdpe1gb rdtscp lm constant_tsc arch_perfmon pebs bts rep_good nopl xtopology nonstop_tsc aperfmperf eagerfpu pni pclmulqdq dtes64 monitor ds_cpl vmx smx est tm2 ssse3 cx16 xtpr pdcm pcid dca sse4_1 sse4_2 x2apic popcnt tsc_deadline_timer aes xsave avx lahf_lm ida arat epb xsaveopt pln pts dtherm tpr_shadow vnmi flexpriority ept vpid
bogomips	: 5785.95
clflush size	: 64
cache_alignment	: 64
address sizes	: 46 bits physical, 48 bits virtual
power management:

processor	: 17
vendor_id	: GenuineIntel
cpu family	: 6
model		: 45
model name	: Intel(R) Xeon(R) CPU E5-2690 0 @ 2.90GHz
stepping	: 7
microcode	: 0x710
cpu MHz		: 3599.964
cache size	: 20480 KB
physical id	: 0
siblings	: 16
core id		: 1
cpu cores	: 8
apicid		: 3
initial apicid	: 3
fpu		: yes
fpu_exception	: yes
cpuid level	: 13
wp		: yes
flags		: fpu vme de pse tsc msr pae mce cx8 apic sep mtrr pge mca cmov pat pse36 clflush dts acpi mmx fxsr sse sse2 ss ht tm pbe syscall nx pdpe1gb rdtscp lm constant_tsc arch_perfmon pebs bts rep_good nopl xtopology nonstop_tsc aperfmperf eagerfpu pni pclmulqdq dtes64 monitor ds_cpl vmx smx est tm2 ssse3 cx16 xtpr pdcm pcid dca sse4_1 sse4_2 x2apic popcnt tsc_deadline_timer aes xsave avx lahf_lm ida arat epb xsaveopt pln pts dtherm tpr_shadow vnmi flexpriority ept vpid
bogomips	: 5785.95
clflush size	: 64
cache_alignment	: 64
address sizes	: 46 bits physical, 48 bits virtual
power management:

processor	: 18
vendor_id	: GenuineIntel
cpu family	: 6
model		: 45
model name	: Intel(R) Xeon(R) CPU E5-2690 0 @ 2.90GHz
stepping	: 7
microcode	: 0x710
cpu MHz		: 3789.937
cache size	: 20480 KB
physical id	: 0
siblings	: 16
core id		: 2
cpu cores	: 8
apicid		: 5
initial apicid	: 5
fpu		: yes
fpu_exception	: yes
cpuid level	: 13
wp		: yes
flags		: fpu vme de pse tsc msr pae mce cx8 apic sep mtrr pge mca cmov pat pse36 clflush dts acpi mmx fxsr sse sse2 ss ht tm pbe syscall nx pdpe1gb rdtscp lm constant_tsc arch_perfmon pebs bts rep_good nopl xtopology nonstop_tsc aperfmperf eagerfpu pni pclmulqdq dtes64 monitor ds_cpl vmx smx est tm2 ssse3 cx16 xtpr pdcm pcid dca sse4_1 sse4_2 x2apic popcnt tsc_deadline_timer aes xsave avx lahf_lm ida arat epb xsaveopt pln pts dtherm tpr_shadow vnmi flexpriority ept vpid
bogomips	: 5785.95
clflush size	: 64
cache_alignment	: 64
address sizes	: 46 bits physical, 48 bits virtual
power management:

processor	: 19
vendor_id	: GenuineIntel
cpu family	: 6
model		: 45
model name	: Intel(R) Xeon(R) CPU E5-2690 0 @ 2.90GHz
stepping	: 7
microcode	: 0x710
cpu MHz		: 3297.164
cache size	: 20480 KB
physical id	: 0
siblings	: 16
core id		: 3
cpu cores	: 8
apicid		: 7
initial apicid	: 7
fpu		: yes
fpu_exception	: yes
cpuid level	: 13
wp		: yes
flags		: fpu vme de pse tsc msr pae mce cx8 apic sep mtrr pge mca cmov pat pse36 clflush dts acpi mmx fxsr sse sse2 ss ht tm pbe syscall nx pdpe1gb rdtscp lm constant_tsc arch_perfmon pebs bts rep_good nopl xtopology nonstop_tsc aperfmperf eagerfpu pni pclmulqdq dtes64 monitor ds_cpl vmx smx est tm2 ssse3 cx16 xtpr pdcm pcid dca sse4_1 sse4_2 x2apic popcnt tsc_deadline_timer aes xsave avx lahf_lm ida arat epb xsaveopt pln pts dtherm tpr_shadow vnmi flexpriority ept vpid
bogomips	: 5785.95
clflush size	: 64
cache_alignment	: 64
address sizes	: 46 bits physical, 48 bits virtual
power management:

processor	: 20
vendor_id	: GenuineIntel
cpu family	: 6
model		: 45
model name	: Intel(R) Xeon(R) CPU E5-2690 0 @ 2.90GHz
stepping	: 7
microcode	: 0x710
cpu MHz		: 1199.988
cache size	: 20480 KB
physical id	: 0
siblings	: 16
core id		: 4
cpu cores	: 8
apicid		: 9
initial apicid	: 9
fpu		: yes
fpu_exception	: yes
cpuid level	: 13
wp		: yes
flags		: fpu vme de pse tsc msr pae mce cx8 apic sep mtrr pge mca cmov pat pse36 clflush dts acpi mmx fxsr sse sse2 ss ht tm pbe syscall nx pdpe1gb rdtscp lm constant_tsc arch_perfmon pebs bts rep_good nopl xtopology nonstop_tsc aperfmperf eagerfpu pni pclmulqdq dtes64 monitor ds_cpl vmx smx est tm2 ssse3 cx16 xtpr pdcm pcid dca sse4_1 sse4_2 x2apic popcnt tsc_deadline_timer aes xsave avx lahf_lm ida arat epb xsaveopt pln pts dtherm tpr_shadow vnmi flexpriority ept vpid
bogomips	: 5785.95
clflush size	: 64
cache_alignment	: 64
address sizes	: 46 bits physical, 48 bits virtual
power management:

processor	: 21
vendor_id	: GenuineIntel
cpu family	: 6
model		: 45
model name	: Intel(R) Xeon(R) CPU E5-2690 0 @ 2.90GHz
stepping	: 7
microcode	: 0x710
cpu MHz		: 1862.343
cache size	: 20480 KB
physical id	: 0
siblings	: 16
core id		: 5
cpu cores	: 8
apicid		: 11
initial apicid	: 11
fpu		: yes
fpu_exception	: yes
cpuid level	: 13
wp		: yes
flags		: fpu vme de pse tsc msr pae mce cx8 apic sep mtrr pge mca cmov pat pse36 clflush dts acpi mmx fxsr sse sse2 ss ht tm pbe syscall nx pdpe1gb rdtscp lm constant_tsc arch_perfmon pebs bts rep_good nopl xtopology nonstop_tsc aperfmperf eagerfpu pni pclmulqdq dtes64 monitor ds_cpl vmx smx est tm2 ssse3 cx16 xtpr pdcm pcid dca sse4_1 sse4_2 x2apic popcnt tsc_deadline_timer aes xsave avx lahf_lm ida arat epb xsaveopt pln pts dtherm tpr_shadow vnmi flexpriority ept vpid
bogomips	: 5785.95
clflush size	: 64
cache_alignment	: 64
address sizes	: 46 bits physical, 48 bits virtual
power management:

processor	: 22
vendor_id	: GenuineIntel
cpu family	: 6
model		: 45
model name	: Intel(R) Xeon(R) CPU E5-2690 0 @ 2.90GHz
stepping	: 7
microcode	: 0x710
cpu MHz		: 3299.996
cache size	: 20480 KB
physical id	: 0
siblings	: 16
core id		: 6
cpu cores	: 8
apicid		: 13
initial apicid	: 13
fpu		: yes
fpu_exception	: yes
cpuid level	: 13
wp		: yes
flags		: fpu vme de pse tsc msr pae mce cx8 apic sep mtrr pge mca cmov pat pse36 clflush dts acpi mmx fxsr sse sse2 ss ht tm pbe syscall nx pdpe1gb rdtscp lm constant_tsc arch_perfmon pebs bts rep_good nopl xtopology nonstop_tsc aperfmperf eagerfpu pni pclmulqdq dtes64 monitor ds_cpl vmx smx est tm2 ssse3 cx16 xtpr pdcm pcid dca sse4_1 sse4_2 x2apic popcnt tsc_deadline_timer aes xsave avx lahf_lm ida arat epb xsaveopt pln pts dtherm tpr_shadow vnmi flexpriority ept vpid
bogomips	: 5785.95
clflush size	: 64
cache_alignment	: 64
address sizes	: 46 bits physical, 48 bits virtual
power management:

processor	: 23
vendor_id	: GenuineIntel
cpu family	: 6
model		: 45
model name	: Intel(R) Xeon(R) CPU E5-2690 0 @ 2.90GHz
stepping	: 7
microcode	: 0x710
cpu MHz		: 1410.804
cache size	: 20480 KB
physical id	: 0
siblings	: 16
core id		: 7
cpu cores	: 8
apicid		: 15
initial apicid	: 15
fpu		: yes
fpu_exception	: yes
cpuid level	: 13
wp		: yes
flags		: fpu vme de pse tsc msr pae mce cx8 apic sep mtrr pge mca cmov pat pse36 clflush dts acpi mmx fxsr sse sse2 ss ht tm pbe syscall nx pdpe1gb rdtscp lm constant_tsc arch_perfmon pebs bts rep_good nopl xtopology nonstop_tsc aperfmperf eagerfpu pni pclmulqdq dtes64 monitor ds_cpl vmx smx est tm2 ssse3 cx16 xtpr pdcm pcid dca sse4_1 sse4_2 x2apic popcnt tsc_deadline_timer aes xsave avx lahf_lm ida arat epb xsaveopt pln pts dtherm tpr_shadow vnmi flexpriority ept vpid
bogomips	: 5785.95
clflush size	: 64
cache_alignment	: 64
address sizes	: 46 bits physical, 48 bits virtual
power management:

processor	: 24
vendor_id	: GenuineIntel
cpu family	: 6
model		: 45
model name	: Intel(R) Xeon(R) CPU E5-2690 0 @ 2.90GHz
stepping	: 7
microcode	: 0x710
cpu MHz		: 1499.957
cache size	: 20480 KB
physical id	: 1
siblings	: 16
core id		: 0
cpu cores	: 8
apicid		: 33
initial apicid	: 33
fpu		: yes
fpu_exception	: yes
cpuid level	: 13
wp		: yes
flags		: fpu vme de pse tsc msr pae mce cx8 apic sep mtrr pge mca cmov pat pse36 clflush dts acpi mmx fxsr sse sse2 ss ht tm pbe syscall nx pdpe1gb rdtscp lm constant_tsc arch_perfmon pebs bts rep_good nopl xtopology nonstop_tsc aperfmperf eagerfpu pni pclmulqdq dtes64 monitor ds_cpl vmx smx est tm2 ssse3 cx16 xtpr pdcm pcid dca sse4_1 sse4_2 x2apic popcnt tsc_deadline_timer aes xsave avx lahf_lm ida arat epb xsaveopt pln pts dtherm tpr_shadow vnmi flexpriority ept vpid
bogomips	: 5790.59
clflush size	: 64
cache_alignment	: 64
address sizes	: 46 bits physical, 48 bits virtual
power management:

processor	: 25
vendor_id	: GenuineIntel
cpu family	: 6
model		: 45
model name	: Intel(R) Xeon(R) CPU E5-2690 0 @ 2.90GHz
stepping	: 7
microcode	: 0x710
cpu MHz		: 1493.273
cache size	: 20480 KB
physical id	: 1
siblings	: 16
core id		: 1
cpu cores	: 8
apicid		: 35
initial apicid	: 35
fpu		: yes
fpu_exception	: yes
cpuid level	: 13
wp		: yes
flags		: fpu vme de pse tsc msr pae mce cx8 apic sep mtrr pge mca cmov pat pse36 clflush dts acpi mmx fxsr sse sse2 ss ht tm pbe syscall nx pdpe1gb rdtscp lm constant_tsc arch_perfmon pebs bts rep_good nopl xtopology nonstop_tsc aperfmperf eagerfpu pni pclmulqdq dtes64 monitor ds_cpl vmx smx est tm2 ssse3 cx16 xtpr pdcm pcid dca sse4_1 sse4_2 x2apic popcnt tsc_deadline_timer aes xsave avx lahf_lm ida arat epb xsaveopt pln pts dtherm tpr_shadow vnmi flexpriority ept vpid
bogomips	: 5790.59
clflush size	: 64
cache_alignment	: 64
address sizes	: 46 bits physical, 48 bits virtual
power management:

processor	: 26
vendor_id	: GenuineIntel
cpu family	: 6
model		: 45
model name	: Intel(R) Xeon(R) CPU E5-2690 0 @ 2.90GHz
stepping	: 7
microcode	: 0x710
cpu MHz		: 3151.371
cache size	: 20480 KB
physical id	: 1
siblings	: 16
core id		: 2
cpu cores	: 8
apicid		: 37
initial apicid	: 37
fpu		: yes
fpu_exception	: yes
cpuid level	: 13
wp		: yes
flags		: fpu vme de pse tsc msr pae mce cx8 apic sep mtrr pge mca cmov pat pse36 clflush dts acpi mmx fxsr sse sse2 ss ht tm pbe syscall nx pdpe1gb rdtscp lm constant_tsc arch_perfmon pebs bts rep_good nopl xtopology nonstop_tsc aperfmperf eagerfpu pni pclmulqdq dtes64 monitor ds_cpl vmx smx est tm2 ssse3 cx16 xtpr pdcm pcid dca sse4_1 sse4_2 x2apic popcnt tsc_deadline_timer aes xsave avx lahf_lm ida arat epb xsaveopt pln pts dtherm tpr_shadow vnmi flexpriority ept vpid
bogomips	: 5790.59
clflush size	: 64
cache_alignment	: 64
address sizes	: 46 bits physical, 48 bits virtual
power management:

processor	: 27
vendor_id	: GenuineIntel
cpu family	: 6
model		: 45
model name	: Intel(R) Xeon(R) CPU E5-2690 0 @ 2.90GHz
stepping	: 7
microcode	: 0x710
cpu MHz		: 1509.132
cache size	: 20480 KB
physical id	: 1
siblings	: 16
core id		: 3
cpu cores	: 8
apicid		: 39
initial apicid	: 39
fpu		: yes
fpu_exception	: yes
cpuid level	: 13
wp		: yes
flags		: fpu vme de pse tsc msr pae mce cx8 apic sep mtrr pge mca cmov pat pse36 clflush dts acpi mmx fxsr sse sse2 ss ht tm pbe syscall nx pdpe1gb rdtscp lm constant_tsc arch_perfmon pebs bts rep_good nopl xtopology nonstop_tsc aperfmperf eagerfpu pni pclmulqdq dtes64 monitor ds_cpl vmx smx est tm2 ssse3 cx16 xtpr pdcm pcid dca sse4_1 sse4_2 x2apic popcnt tsc_deadline_timer aes xsave avx lahf_lm ida arat epb xsaveopt pln pts dtherm tpr_shadow vnmi flexpriority ept vpid
bogomips	: 5790.59
clflush size	: 64
cache_alignment	: 64
address sizes	: 46 bits physical, 48 bits virtual
power management:

processor	: 28
vendor_id	: GenuineIntel
cpu family	: 6
model		: 45
model name	: Intel(R) Xeon(R) CPU E5-2690 0 @ 2.90GHz
stepping	: 7
microcode	: 0x710
cpu MHz		: 3236.105
cache size	: 20480 KB
physical id	: 1
siblings	: 16
core id		: 4
cpu cores	: 8
apicid		: 41
initial apicid	: 41
fpu		: yes
fpu_exception	: yes
cpuid level	: 13
wp		: yes
flags		: fpu vme de pse tsc msr pae mce cx8 apic sep mtrr pge mca cmov pat pse36 clflush dts acpi mmx fxsr sse sse2 ss ht tm pbe syscall nx pdpe1gb rdtscp lm constant_tsc arch_perfmon pebs bts rep_good nopl xtopology nonstop_tsc aperfmperf eagerfpu pni pclmulqdq dtes64 monitor ds_cpl vmx smx est tm2 ssse3 cx16 xtpr pdcm pcid dca sse4_1 sse4_2 x2apic popcnt tsc_deadline_timer aes xsave avx lahf_lm ida arat epb xsaveopt pln pts dtherm tpr_shadow vnmi flexpriority ept vpid
bogomips	: 5790.59
clflush size	: 64
cache_alignment	: 64
address sizes	: 46 bits physical, 48 bits virtual
power management:

processor	: 29
vendor_id	: GenuineIntel
cpu family	: 6
model		: 45
model name	: Intel(R) Xeon(R) CPU E5-2690 0 @ 2.90GHz
stepping	: 7
microcode	: 0x710
cpu MHz		: 1501.769
cache size	: 20480 KB
physical id	: 1
siblings	: 16
core id		: 5
cpu cores	: 8
apicid		: 43
initial apicid	: 43
fpu		: yes
fpu_exception	: yes
cpuid level	: 13
wp		: yes
flags		: fpu vme de pse tsc msr pae mce cx8 apic sep mtrr pge mca cmov pat pse36 clflush dts acpi mmx fxsr sse sse2 ss ht tm pbe syscall nx pdpe1gb rdtscp lm constant_tsc arch_perfmon pebs bts rep_good nopl xtopology nonstop_tsc aperfmperf eagerfpu pni pclmulqdq dtes64 monitor ds_cpl vmx smx est tm2 ssse3 cx16 xtpr pdcm pcid dca sse4_1 sse4_2 x2apic popcnt tsc_deadline_timer aes xsave avx lahf_lm ida arat epb xsaveopt pln pts dtherm tpr_shadow vnmi flexpriority ept vpid
bogomips	: 5790.59
clflush size	: 64
cache_alignment	: 64
address sizes	: 46 bits physical, 48 bits virtual
power management:

processor	: 30
vendor_id	: GenuineIntel
cpu family	: 6
model		: 45
model name	: Intel(R) Xeon(R) CPU E5-2690 0 @ 2.90GHz
stepping	: 7
microcode	: 0x710
cpu MHz		: 3264.085
cache size	: 20480 KB
physical id	: 1
siblings	: 16
core id		: 6
cpu cores	: 8
apicid		: 45
initial apicid	: 45
fpu		: yes
fpu_exception	: yes
cpuid level	: 13
wp		: yes
flags		: fpu vme de pse tsc msr pae mce cx8 apic sep mtrr pge mca cmov pat pse36 clflush dts acpi mmx fxsr sse sse2 ss ht tm pbe syscall nx pdpe1gb rdtscp lm constant_tsc arch_perfmon pebs bts rep_good nopl xtopology nonstop_tsc aperfmperf eagerfpu pni pclmulqdq dtes64 monitor ds_cpl vmx smx est tm2 ssse3 cx16 xtpr pdcm pcid dca sse4_1 sse4_2 x2apic popcnt tsc_deadline_timer aes xsave avx lahf_lm ida arat epb xsaveopt pln pts dtherm tpr_shadow vnmi flexpriority ept vpid
bogomips	: 5790.59
clflush size	: 64
cache_alignment	: 64
address sizes	: 46 bits physical, 48 bits virtual
power management:

processor	: 31
vendor_id	: GenuineIntel
cpu family	: 6
model		: 45
model name	: Intel(R) Xeon(R) CPU E5-2690 0 @ 2.90GHz
stepping	: 7
microcode	: 0x710
cpu MHz		: 3277.792
cache size	: 20480 KB
physical id	: 1
siblings	: 16
core id		: 7
cpu cores	: 8
apicid		: 47
initial apicid	: 47
fpu		: yes
fpu_exception	: yes
cpuid level	: 13
wp		: yes
flags		: fpu vme de pse tsc msr pae mce cx8 apic sep mtrr pge mca cmov pat pse36 clflush dts acpi mmx fxsr sse sse2 ss ht tm pbe syscall nx pdpe1gb rdtscp lm constant_tsc arch_perfmon pebs bts rep_good nopl xtopology nonstop_tsc aperfmperf eagerfpu pni pclmulqdq dtes64 monitor ds_cpl vmx smx est tm2 ssse3 cx16 xtpr pdcm pcid dca sse4_1 sse4_2 x2apic popcnt tsc_deadline_timer aes xsave avx lahf_lm ida arat epb xsaveopt pln pts dtherm tpr_shadow vnmi flexpriority ept vpid
bogomips	: 5790.59
clflush size	: 64
cache_alignment	: 64
address sizes	: 46 bits physical, 48 bits virtual
power management:



Memory: 4k page, physical 65742872k(306508k free), swap 10485756k(327504k free)

vm_info: Java HotSpot(TM) 64-Bit Server VM (25.66-b17) for linux-amd64 JRE (1.8.0_66-b17), built on Oct  6 2015 17:28:34 by "java_re" with gcc 4.3.0 20080428 (Red Hat 4.3.0-8)

time: Mon Oct 10 14:49:02 2016
elapsed time: 68 seconds (0d 0h 1m 8s)

