#
# There is insufficient memory for the Java Runtime Environment to continue.
# Native memory allocation (mmap) failed to map 11847860224 bytes for committing reserved memory.
# Possible reasons:
#   The system is out of physical RAM or swap space
#   In 32 bit mode, the process size limit was hit
# Possible solutions:
#   Reduce memory load on the system
#   Increase physical memory or swap space
#   Check if swap backing store is full
#   Use 64 bit Java on a 64 bit OS
#   Decrease Java heap size (-Xmx/-Xms)
#   Decrease number of Java threads
#   Decrease Java thread stack sizes (-Xss)
#   Set larger code cache with -XX:ReservedCodeCacheSize=
# This output file may be truncated or incomplete.
#
#  Out of Memory Error (os_linux.cpp:2627), pid=85892, tid=140401310443264
#
# JRE version: Java(TM) SE Runtime Environment (8.0_66-b17) (build 1.8.0_66-b17)
# Java VM: Java HotSpot(TM) 64-Bit Server VM (25.66-b17 mixed mode linux-amd64 )
# Failed to write core dump. Core dumps have been disabled. To enable core dumping, try "ulimit -c unlimited" before starting Java again
#

---------------  T H R E A D  ---------------

Current thread (0x00007fc21409f800):  VMThread [stack: 0x00007fb1ba2c2000,0x00007fb1ba3c3000] [id=85946]

Stack: [0x00007fb1ba2c2000,0x00007fb1ba3c3000],  sp=0x00007fb1ba3c11e0,  free space=1020k
Native frames: (J=compiled Java code, j=interpreted, Vv=VM code, C=native code)
V  [libjvm.so+0xab9a1a]  VMError::report_and_die()+0x2ba
V  [libjvm.so+0x4f9e0b]  report_vm_out_of_memory(char const*, int, unsigned long, VMErrorType, char const*)+0x8b
V  [libjvm.so+0x91a8a3]  os::Linux::commit_memory_impl(char*, unsigned long, bool)+0x103
V  [libjvm.so+0x91adf9]  os::pd_commit_memory(char*, unsigned long, unsigned long, bool)+0x29
V  [libjvm.so+0x91510a]  os::commit_memory(char*, unsigned long, unsigned long, bool)+0x2a
V  [libjvm.so+0x9887a3]  PSVirtualSpace::expand_by(unsigned long)+0x53
V  [libjvm.so+0x979090]  PSOldGen::expand(unsigned long)+0x170
V  [libjvm.so+0x97929b]  PSOldGen::resize(unsigned long)+0x1cb
V  [libjvm.so+0x980f71]  PSParallelCompact::invoke_no_policy(bool)+0x991
V  [libjvm.so+0x9868cd]  PSScavenge::invoke()+0x1ad
V  [libjvm.so+0x93e500]  ParallelScavengeHeap::failed_mem_allocate(unsigned long)+0x70
V  [libjvm.so+0xabb437]  VM_ParallelGCFailedAllocation::doit()+0x97
V  [libjvm.so+0xac2e65]  VM_Operation::evaluate()+0x55
V  [libjvm.so+0xac123a]  VMThread::evaluate_operation(VM_Operation*)+0xba
V  [libjvm.so+0xac15be]  VMThread::loop()+0x1ce
V  [libjvm.so+0xac1a30]  VMThread::run()+0x70
V  [libjvm.so+0x91cc68]  java_start(Thread*)+0x108

VM_Operation (0x00007fc21ae38e30): ParallelGCFailedAllocation, mode: safepoint, requested by thread 0x00007fc214009800


---------------  P R O C E S S  ---------------

Java Threads: ( => current thread )
  0x00007fc214268800 JavaThread "pool-1-thread-50" [_thread_blocked, id=86044, stack(0x00007fb03f1f2000,0x00007fb03f2f3000)]
  0x00007fc214266800 JavaThread "pool-1-thread-49" [_thread_blocked, id=86043, stack(0x00007fb03f2f3000,0x00007fb03f3f4000)]
  0x00007fc214264800 JavaThread "pool-1-thread-48" [_thread_blocked, id=86042, stack(0x00007fb03f3f4000,0x00007fb03f4f5000)]
  0x00007fc214262800 JavaThread "pool-1-thread-47" [_thread_blocked, id=86041, stack(0x00007fb03f4f5000,0x00007fb03f5f6000)]
  0x00007fc214260800 JavaThread "pool-1-thread-46" [_thread_blocked, id=86040, stack(0x00007fb03f5f6000,0x00007fb03f6f7000)]
  0x00007fc21425e800 JavaThread "pool-1-thread-45" [_thread_blocked, id=86039, stack(0x00007fb03f6f7000,0x00007fb03f7f8000)]
  0x00007fc21425c800 JavaThread "pool-1-thread-44" [_thread_blocked, id=86038, stack(0x00007fb03f7f8000,0x00007fb03f8f9000)]
  0x00007fc21425a800 JavaThread "pool-1-thread-43" [_thread_blocked, id=86037, stack(0x00007fb03f8f9000,0x00007fb03f9fa000)]
  0x00007fc214258800 JavaThread "pool-1-thread-42" [_thread_blocked, id=86036, stack(0x00007fb03f9fa000,0x00007fb03fafb000)]
  0x00007fc214256800 JavaThread "pool-1-thread-41" [_thread_blocked, id=86035, stack(0x00007fb03fafb000,0x00007fb03fbfc000)]
  0x00007fc214254800 JavaThread "pool-1-thread-40" [_thread_blocked, id=86034, stack(0x00007fb03fbfc000,0x00007fb03fcfd000)]
  0x00007fc214252800 JavaThread "pool-1-thread-39" [_thread_blocked, id=86033, stack(0x00007fb03fcfd000,0x00007fb03fdfe000)]
  0x00007fc214250800 JavaThread "pool-1-thread-38" [_thread_blocked, id=86032, stack(0x00007fb03fdfe000,0x00007fb03feff000)]
  0x00007fc21424e800 JavaThread "pool-1-thread-37" [_thread_blocked, id=86031, stack(0x00007fb03feff000,0x00007fb040000000)]
  0x00007fc21424d000 JavaThread "pool-1-thread-36" [_thread_blocked, id=86030, stack(0x00007fb1180bf000,0x00007fb1181c0000)]
  0x00007fc21424b000 JavaThread "pool-1-thread-35" [_thread_blocked, id=86029, stack(0x00007fb1181c0000,0x00007fb1182c1000)]
  0x00007fc214249800 JavaThread "pool-1-thread-34" [_thread_blocked, id=86028, stack(0x00007fb1182c1000,0x00007fb1183c2000)]
  0x00007fc214247800 JavaThread "pool-1-thread-33" [_thread_blocked, id=86027, stack(0x00007fb1183c2000,0x00007fb1184c3000)]
  0x00007fc214245800 JavaThread "pool-1-thread-32" [_thread_blocked, id=86026, stack(0x00007fb1184c3000,0x00007fb1185c4000)]
  0x00007fc214243800 JavaThread "pool-1-thread-31" [_thread_blocked, id=86025, stack(0x00007fb1185c4000,0x00007fb1186c5000)]
  0x00007fc214241800 JavaThread "pool-1-thread-30" [_thread_blocked, id=86024, stack(0x00007fb1186c5000,0x00007fb1187c6000)]
  0x00007fc21423f800 JavaThread "pool-1-thread-29" [_thread_blocked, id=86023, stack(0x00007fb1187c6000,0x00007fb1188c7000)]
  0x00007fc21423d800 JavaThread "pool-1-thread-28" [_thread_blocked, id=86022, stack(0x00007fb1188c7000,0x00007fb1189c8000)]
  0x00007fc21423b800 JavaThread "pool-1-thread-27" [_thread_blocked, id=86021, stack(0x00007fb1189c8000,0x00007fb118ac9000)]
  0x00007fc2142ce000 JavaThread "pool-1-thread-26" [_thread_blocked, id=86020, stack(0x00007fb118ac9000,0x00007fb118bca000)]
  0x00007fc2142cc000 JavaThread "pool-1-thread-25" [_thread_blocked, id=86019, stack(0x00007fb118bca000,0x00007fb118ccb000)]
  0x00007fc2142ca000 JavaThread "pool-1-thread-24" [_thread_blocked, id=86018, stack(0x00007fb118ccb000,0x00007fb118dcc000)]
  0x00007fc2142c8000 JavaThread "pool-1-thread-23" [_thread_blocked, id=86017, stack(0x00007fb118dcc000,0x00007fb118ecd000)]
  0x00007fc2142c6000 JavaThread "pool-1-thread-22" [_thread_blocked, id=86016, stack(0x00007fb118ecd000,0x00007fb118fce000)]
  0x00007fc2142c4800 JavaThread "pool-1-thread-21" [_thread_blocked, id=86015, stack(0x00007fb118fce000,0x00007fb1190cf000)]
  0x00007fc2142c2800 JavaThread "pool-1-thread-20" [_thread_blocked, id=86014, stack(0x00007fb1190cf000,0x00007fb1191d0000)]
  0x00007fc2142c0800 JavaThread "pool-1-thread-19" [_thread_blocked, id=86013, stack(0x00007fb1191d0000,0x00007fb1192d1000)]
  0x00007fc214141800 JavaThread "pool-1-thread-18" [_thread_blocked, id=86012, stack(0x00007fb1192d1000,0x00007fb1193d2000)]
  0x00007fc21413f800 JavaThread "pool-1-thread-17" [_thread_blocked, id=86011, stack(0x00007fb1193d2000,0x00007fb1194d3000)]
  0x00007fc21413d800 JavaThread "pool-1-thread-16" [_thread_blocked, id=86010, stack(0x00007fb1194d3000,0x00007fb1195d4000)]
  0x00007fc21413b000 JavaThread "pool-1-thread-15" [_thread_blocked, id=86009, stack(0x00007fb1195d4000,0x00007fb1196d5000)]
  0x00007fc21413a000 JavaThread "pool-1-thread-14" [_thread_blocked, id=86008, stack(0x00007fb1196d5000,0x00007fb1197d6000)]
  0x00007fc2142b1800 JavaThread "pool-1-thread-13" [_thread_blocked, id=86007, stack(0x00007fb1197d6000,0x00007fb1198d7000)]
  0x00007fc2142b0000 JavaThread "pool-1-thread-12" [_thread_blocked, id=86006, stack(0x00007fb1198d7000,0x00007fb1199d8000)]
  0x00007fc2142ae000 JavaThread "pool-1-thread-11" [_thread_blocked, id=86005, stack(0x00007fb1199d8000,0x00007fb119ad9000)]
  0x00007fc2142ac800 JavaThread "pool-1-thread-10" [_thread_blocked, id=86004, stack(0x00007fb12c0c9000,0x00007fb12c1ca000)]
  0x00007fc2141fe000 JavaThread "pool-1-thread-9" [_thread_blocked, id=86003, stack(0x00007fb12c1ca000,0x00007fb12c2cb000)]
  0x00007fc2141fc800 JavaThread "pool-1-thread-8" [_thread_blocked, id=86002, stack(0x00007fb1b80f2000,0x00007fb1b81f3000)]
  0x00007fc2141fa800 JavaThread "pool-1-thread-7" [_thread_blocked, id=86001, stack(0x00007fb1b81f3000,0x00007fb1b82f4000)]
  0x00007fc2141f9000 JavaThread "pool-1-thread-6" [_thread_blocked, id=86000, stack(0x00007fb1b82f4000,0x00007fb1b83f5000)]
  0x00007fc2141f7800 JavaThread "pool-1-thread-5" [_thread_blocked, id=85999, stack(0x00007fb1b83f5000,0x00007fb1b84f6000)]
  0x00007fc2141e5800 JavaThread "pool-1-thread-4" [_thread_blocked, id=85998, stack(0x00007fb1b84f6000,0x00007fb1b85f7000)]
  0x00007fc2141e3800 JavaThread "pool-1-thread-3" [_thread_blocked, id=85997, stack(0x00007fb1b85f7000,0x00007fb1b86f8000)]
  0x00007fc2141e2000 JavaThread "pool-1-thread-2" [_thread_blocked, id=85996, stack(0x00007fb1b86f8000,0x00007fb1b87f9000)]
  0x00007fc2141e1800 JavaThread "pool-1-thread-1" [_thread_blocked, id=85995, stack(0x00007fb1b87f9000,0x00007fb1b88fa000)]
  0x00007fc2141dd000 JavaThread "Monitor Ctrl-Break" daemon [_thread_in_native, id=85986, stack(0x00007fb1b8b37000,0x00007fb1b8c38000)]
  0x00007fc21410c800 JavaThread "Service Thread" daemon [_thread_blocked, id=85983, stack(0x00007fb1b8faf000,0x00007fb1b90b0000)]
  0x00007fc214107000 JavaThread "C1 CompilerThread14" daemon [_thread_blocked, id=85982, stack(0x00007fb1b90b0000,0x00007fb1b91b1000)]
  0x00007fc214105000 JavaThread "C1 CompilerThread13" daemon [_thread_blocked, id=85981, stack(0x00007fb1b91b1000,0x00007fb1b92b2000)]
  0x00007fc214103000 JavaThread "C1 CompilerThread12" daemon [_thread_blocked, id=85980, stack(0x00007fb1b92b2000,0x00007fb1b93b3000)]
  0x00007fc214101000 JavaThread "C1 CompilerThread11" daemon [_thread_blocked, id=85979, stack(0x00007fb1b93b3000,0x00007fb1b94b4000)]
  0x00007fc2140fe800 JavaThread "C1 CompilerThread10" daemon [_thread_blocked, id=85978, stack(0x00007fb1b94b4000,0x00007fb1b95b5000)]
  0x00007fc2140fc800 JavaThread "C2 CompilerThread9" daemon [_thread_blocked, id=85977, stack(0x00007fb1b95b5000,0x00007fb1b96b6000)]
  0x00007fc2140fa000 JavaThread "C2 CompilerThread8" daemon [_thread_blocked, id=85976, stack(0x00007fb1b96b6000,0x00007fb1b97b7000)]
  0x00007fc2140f8000 JavaThread "C2 CompilerThread7" daemon [_thread_blocked, id=85975, stack(0x00007fb1b97b7000,0x00007fb1b98b8000)]
  0x00007fc2140f5800 JavaThread "C2 CompilerThread6" daemon [_thread_blocked, id=85974, stack(0x00007fb1b98b8000,0x00007fb1b99b9000)]
  0x00007fc2140f3800 JavaThread "C2 CompilerThread5" daemon [_thread_blocked, id=85973, stack(0x00007fb1b99b9000,0x00007fb1b9aba000)]
  0x00007fc2140e9000 JavaThread "C2 CompilerThread4" daemon [_thread_blocked, id=85972, stack(0x00007fb1b9aba000,0x00007fb1b9bbb000)]
  0x00007fc2140e7000 JavaThread "C2 CompilerThread3" daemon [_thread_blocked, id=85971, stack(0x00007fb1b9bbb000,0x00007fb1b9cbc000)]
  0x00007fc2140e5000 JavaThread "C2 CompilerThread2" daemon [_thread_blocked, id=85970, stack(0x00007fb1b9cbc000,0x00007fb1b9dbd000)]
  0x00007fc2140e3000 JavaThread "C2 CompilerThread1" daemon [_thread_blocked, id=85969, stack(0x00007fb1b9dbd000,0x00007fb1b9ebe000)]
  0x00007fc2140e0000 JavaThread "C2 CompilerThread0" daemon [_thread_blocked, id=85968, stack(0x00007fb1b9ebe000,0x00007fb1b9fbf000)]
  0x00007fc2140de800 JavaThread "Signal Dispatcher" daemon [_thread_blocked, id=85967, stack(0x00007fb1b9fbf000,0x00007fb1ba0c0000)]
  0x00007fc2140a6800 JavaThread "Finalizer" daemon [_thread_blocked, id=85948, stack(0x00007fb1ba0c0000,0x00007fb1ba1c1000)]
  0x00007fc2140a4800 JavaThread "Reference Handler" daemon [_thread_blocked, id=85947, stack(0x00007fb1ba1c1000,0x00007fb1ba2c2000)]
  0x00007fc214009800 JavaThread "main" [_thread_blocked, id=85895, stack(0x00007fc21ad3a000,0x00007fc21ae3b000)]

Other Threads:
=>0x00007fc21409f800 VMThread [stack: 0x00007fb1ba2c2000,0x00007fb1ba3c3000] [id=85946]
  0x00007fc21410f800 WatcherThread [stack: 0x00007fb1b8eae000,0x00007fb1b8faf000] [id=85984]

VM state:at safepoint (normal execution)

VM Mutex/Monitor currently owned by a thread:  ([mutex/lock_event])
[0x00007fc214006770] ExpandHeap_lock - owner thread: 0x00007fc21409f800
[0x00007fc214006df0] Threads_lock - owner thread: 0x00007fc21409f800
[0x00007fc2140072f0] Heap_lock - owner thread: 0x00007fc214009800

Heap:
 PSYoungGen      total 21333504K, used 0K [0x00007fbcbad80000, 0x00007fc205000000, 0x00007fc205000000)
  eden space 20480512K, 0% used [0x00007fbcbad80000,0x00007fbcbad80000,0x00007fc19ce00000)
  from space 852992K, 0% used [0x00007fc19ce00000,0x00007fc19ce00000,0x00007fc1d0f00000)
  to   space 852992K, 0% used [0x00007fc1d0f00000,0x00007fc1d0f00000,0x00007fc205000000)
 ParOldGen       total 13653504K, used 11539478K [0x00007fb226800000, 0x00007fb567d80000, 0x00007fbcbad80000)
  object space 13653504K, 84% used [0x00007fb226800000,0x00007fb4e6d058f0,0x00007fb567d80000)
 Metaspace       used 5503K, capacity 5601K, committed 5632K, reserved 8192K

Card table byte_map: [0x00007fb21e90b000,0x00007fb226800000] byte_map_base: 0x00007f72457d7000

Marking Bits: (ParMarkBitMap*) 0x00007fc21a223020
 Begin Bits: [0x00007fb1350c0000, 0x00007fb174860000)
 End Bits:   [0x00007fb174860000, 0x00007fb1b4000000)

Polling page: 0x00007fc21ae65000

CodeCache: size=245760Kb used=8797Kb max_used=8797Kb free=236962Kb
 bounds [0x00007fc205000000, 0x00007fc2058d0000, 0x00007fc214000000]
 total_blobs=1434 nmethods=1145 adapters=199
 compilation: enabled

Compilation events (10 events):
Event: 47.092 Thread 0x00007fc2140fc800 nmethod 1140 0x00007fc20574f590 code [0x00007fc20574f6e0, 0x00007fc20574f738]
Event: 47.105 Thread 0x00007fc214103000 nmethod 1141% 0x00007fc205865dd0 code [0x00007fc2058669c0, 0x00007fc20586f3c8]
Event: 47.106 Thread 0x00007fc2140e7000 1142 % !   4       cal.sim.BiCategorySim::sampleOneRound @ 388 (1364 bytes)
Event: 47.375 Thread 0x00007fc2140e7000 nmethod 1142% 0x00007fc205886410 code [0x00007fc205886d80, 0x00007fc2058917d8]
Event: 47.376 Thread 0x00007fc2140e5000 1143 % !   4       cal.sim.BiCategorySim::sampleOneRound @ 263 (1364 bytes)
Event: 47.702 Thread 0x00007fc2140e5000 nmethod 1143% 0x00007fc20589c650 code [0x00007fc20589cf60, 0x00007fc2058a6f38]
Event: 59.176 Thread 0x00007fc2140fe800 1144       3       cal.sim.Article::initTitleDistribution (49 bytes)
Event: 59.177 Thread 0x00007fc2140fe800 nmethod 1144 0x00007fc2057b1510 code [0x00007fc2057b1680, 0x00007fc2057b18b0]
Event: 68.821 Thread 0x00007fc214105000 1145   !   3       cal.sim.BiCategorySim::sampleOneRound (1364 bytes)
Event: 68.830 Thread 0x00007fc214105000 nmethod 1145 0x00007fc2058b0fd0 code [0x00007fc2058b1ba0, 0x00007fc2058b9e68]

GC Heap History (10 events):
Event: 3.936 GC heap after
Heap after GC invocations=1 (full 0):
 PSYoungGen      total 5973504K, used 178046K [0x00007fbcbad80000, 0x00007fbf94080000, 0x00007fc205000000)
  eden space 5120512K, 0% used [0x00007fbcbad80000,0x00007fbcbad80000,0x00007fbdf3600000)
  from space 852992K, 20% used [0x00007fbdf3600000,0x00007fbdfe3df978,0x00007fbe27700000)
  to   space 852992K, 0% used [0x00007fbf5ff80000,0x00007fbf5ff80000,0x00007fbf94080000)
 ParOldGen       total 13653504K, used 39K [0x00007fb226800000, 0x00007fb567d80000, 0x00007fbcbad80000)
  object space 13653504K, 0% used [0x00007fb226800000,0x00007fb226809c70,0x00007fb567d80000)
 Metaspace       used 5165K, capacity 5217K, committed 5376K, reserved 8192K
}
Event: 6.283 GC heap before
{Heap before GC invocations=2 (full 0):
 PSYoungGen      total 5973504K, used 5298558K [0x00007fbcbad80000, 0x00007fbf94080000, 0x00007fc205000000)
  eden space 5120512K, 100% used [0x00007fbcbad80000,0x00007fbdf3600000,0x00007fbdf3600000)
  from space 852992K, 20% used [0x00007fbdf3600000,0x00007fbdfe3df978,0x00007fbe27700000)
  to   space 852992K, 0% used [0x00007fbf5ff80000,0x00007fbf5ff80000,0x00007fbf94080000)
 ParOldGen       total 13653504K, used 39K [0x00007fb226800000, 0x00007fb567d80000, 0x00007fbcbad80000)
  object space 13653504K, 0% used [0x00007fb226800000,0x00007fb226809c70,0x00007fb567d80000)
 Metaspace       used 5193K, capacity 5281K, committed 5376K, reserved 8192K
Event: 6.396 GC heap after
Heap after GC invocations=2 (full 0):
 PSYoungGen      total 11094016K, used 182184K [0x00007fbcbad80000, 0x00007fbf94080000, 0x00007fc205000000)
  eden space 10241024K, 0% used [0x00007fbcbad80000,0x00007fbcbad80000,0x00007fbf2be80000)
  from space 852992K, 21% used [0x00007fbf5ff80000,0x00007fbf6b16a340,0x00007fbf94080000)
  to   space 852992K, 0% used [0x00007fbf2be80000,0x00007fbf2be80000,0x00007fbf5ff80000)
 ParOldGen       total 13653504K, used 47K [0x00007fb226800000, 0x00007fb567d80000, 0x00007fbcbad80000)
  object space 13653504K, 0% used [0x00007fb226800000,0x00007fb22680bc70,0x00007fb567d80000)
 Metaspace       used 5193K, capacity 5281K, committed 5376K, reserved 8192K
}
Event: 11.991 GC heap before
{Heap before GC invocations=3 (full 0):
 PSYoungGen      total 11094016K, used 10423208K [0x00007fbcbad80000, 0x00007fbf94080000, 0x00007fc205000000)
  eden space 10241024K, 100% used [0x00007fbcbad80000,0x00007fbf2be80000,0x00007fbf2be80000)
  from space 852992K, 21% used [0x00007fbf5ff80000,0x00007fbf6b16a340,0x00007fbf94080000)
  to   space 852992K, 0% used [0x00007fbf2be80000,0x00007fbf2be80000,0x00007fbf5ff80000)
 ParOldGen       total 13653504K, used 47K [0x00007fb226800000, 0x00007fb567d80000, 0x00007fbcbad80000)
  object space 13653504K, 0% used [0x00007fb226800000,0x00007fb22680bc70,0x00007fb567d80000)
 Metaspace       used 5211K, capacity 5281K, committed 5376K, reserved 8192K
Event: 12.132 GC heap after
Heap after GC invocations=3 (full 0):
 PSYoungGen      total 11094016K, used 190347K [0x00007fbcbad80000, 0x00007fc205000000, 0x00007fc205000000)
  eden space 10241024K, 0% used [0x00007fbcbad80000,0x00007fbcbad80000,0x00007fbf2be80000)
  from space 852992K, 22% used [0x00007fbf2be80000,0x00007fbf37862c00,0x00007fbf5ff80000)
  to   space 852992K, 0% used [0x00007fc1d0f00000,0x00007fc1d0f00000,0x00007fc205000000)
 ParOldGen       total 13653504K, used 183K [0x00007fb226800000, 0x00007fb567d80000, 0x00007fbcbad80000)
  object space 13653504K, 0% used [0x00007fb226800000,0x00007fb22682dc88,0x00007fb567d80000)
 Metaspace       used 5211K, capacity 5281K, committed 5376K, reserved 8192K
}
Event: 16.453 GC heap before
{Heap before GC invocations=4 (full 0):
 PSYoungGen      total 11094016K, used 10431371K [0x00007fbcbad80000, 0x00007fc205000000, 0x00007fc205000000)
  eden space 10241024K, 100% used [0x00007fbcbad80000,0x00007fbf2be80000,0x00007fbf2be80000)
  from space 852992K, 22% used [0x00007fbf2be80000,0x00007fbf37862c00,0x00007fbf5ff80000)
  to   space 852992K, 0% used [0x00007fc1d0f00000,0x00007fc1d0f00000,0x00007fc205000000)
 ParOldGen       total 13653504K, used 183K [0x00007fb226800000, 0x00007fb567d80000, 0x00007fbcbad80000)
  object space 13653504K, 0% used [0x00007fb226800000,0x00007fb22682dc88,0x00007fb567d80000)
 Metaspace       used 5311K, capacity 5345K, committed 5376K, reserved 8192K
Event: 19.247 GC heap after
Heap after GC invocations=4 (full 0):
 PSYoungGen      total 21333504K, used 852964K [0x00007fbcbad80000, 0x00007fc205000000, 0x00007fc205000000)
  eden space 20480512K, 0% used [0x00007fbcbad80000,0x00007fbcbad80000,0x00007fc19ce00000)
  from space 852992K, 99% used [0x00007fc1d0f00000,0x00007fc204ff9010,0x00007fc205000000)
  to   space 852992K, 0% used [0x00007fc19ce00000,0x00007fc19ce00000,0x00007fc1d0f00000)
 ParOldGen       total 13653504K, used 2174513K [0x00007fb226800000, 0x00007fb567d80000, 0x00007fbcbad80000)
  object space 13653504K, 15% used [0x00007fb226800000,0x00007fb2ab38c500,0x00007fb567d80000)
 Metaspace       used 5311K, capacity 5345K, committed 5376K, reserved 8192K
}
Event: 74.577 GC heap before
{Heap before GC invocations=5 (full 0):
 PSYoungGen      total 21333504K, used 21333476K [0x00007fbcbad80000, 0x00007fc205000000, 0x00007fc205000000)
  eden space 20480512K, 100% used [0x00007fbcbad80000,0x00007fc19ce00000,0x00007fc19ce00000)
  from space 852992K, 99% used [0x00007fc1d0f00000,0x00007fc204ff9010,0x00007fc205000000)
  to   space 852992K, 0% used [0x00007fc19ce00000,0x00007fc19ce00000,0x00007fc1d0f00000)
 ParOldGen       total 13653504K, used 2174513K [0x00007fb226800000, 0x00007fb567d80000, 0x00007fbcbad80000)
  object space 13653504K, 15% used [0x00007fb226800000,0x00007fb2ab38c500,0x00007fb567d80000)
 Metaspace       used 5503K, capacity 5601K, committed 5632K, reserved 8192K
Event: 81.986 GC heap after
Heap after GC invocations=5 (full 0):
 PSYoungGen      total 21333504K, used 852971K [0x00007fbcbad80000, 0x00007fc205000000, 0x00007fc205000000)
  eden space 20480512K, 0% used [0x00007fbcbad80000,0x00007fbcbad80000,0x00007fc19ce00000)
  from space 852992K, 99% used [0x00007fc19ce00000,0x00007fc1d0efacd0,0x00007fc1d0f00000)
  to   space 852992K, 0% used [0x00007fc1d0f00000,0x00007fc1d0f00000,0x00007fc205000000)
 ParOldGen       total 13653504K, used 10986317K [0x00007fb226800000, 0x00007fb567d80000, 0x00007fbcbad80000)
  object space 13653504K, 80% used [0x00007fb226800000,0x00007fb4c50d3670,0x00007fb567d80000)
 Metaspace       used 5503K, capacity 5601K, committed 5632K, reserved 8192K
}
Event: 81.987 GC heap before
{Heap before GC invocations=6 (full 1):
 PSYoungGen      total 21333504K, used 852971K [0x00007fbcbad80000, 0x00007fc205000000, 0x00007fc205000000)
  eden space 20480512K, 0% used [0x00007fbcbad80000,0x00007fbcbad80000,0x00007fc19ce00000)
  from space 852992K, 99% used [0x00007fc19ce00000,0x00007fc1d0efacd0,0x00007fc1d0f00000)
  to   space 852992K, 0% used [0x00007fc1d0f00000,0x00007fc1d0f00000,0x00007fc205000000)
 ParOldGen       total 13653504K, used 10986317K [0x00007fb226800000, 0x00007fb567d80000, 0x00007fbcbad80000)
  object space 13653504K, 80% used [0x00007fb226800000,0x00007fb4c50d3670,0x00007fb567d80000)
 Metaspace       used 5503K, capacity 5601K, committed 5632K, reserved 8192K

Deoptimization events (10 events):
Event: 21.392 Thread 0x00007fc2142ac800 Uncommon trap: reason=unstable_if action=reinterpret pc=0x00007fc2057a4be8 method=cal.sim.BiCategorySim$TopicProbCalculator.call()Ljava/lang/Double; @ 4
Event: 21.392 Thread 0x00007fc214264800 Uncommon trap: reason=unstable_if action=reinterpret pc=0x00007fc2057a4be8 method=cal.sim.BiCategorySim$TopicProbCalculator.call()Ljava/lang/Double; @ 4
Event: 21.628 Thread 0x00007fc214009800 Uncommon trap: reason=unstable_if action=reinterpret pc=0x00007fc2057bd5f0 method=cal.sim.BiCategorySim.sampleOneRound(I)V @ 46
Event: 21.968 Thread 0x00007fc214009800 Uncommon trap: reason=intrinsic action=make_not_entrant pc=0x00007fc2057d71c4 method=cal.sim.BiCategorySim.sampleOneRound(I)V @ 310
Event: 22.218 Thread 0x00007fc214009800 Uncommon trap: reason=intrinsic action=make_not_entrant pc=0x00007fc2057f6f3c method=cal.sim.BiCategorySim.sampleOneRound(I)V @ 310
Event: 27.600 Thread 0x00007fc21424d000 Uncommon trap: reason=unstable_if action=reinterpret pc=0x00007fc2057555e8 method=java.util.concurrent.locks.AbstractQueuedSynchronizer.isOnSyncQueue(Ljava/util/concurrent/locks/AbstractQueuedSynchronizer$Node;)Z @ 13
Event: 28.171 Thread 0x00007fc2142c4800 Uncommon trap: reason=unstable_if action=reinterpret pc=0x00007fc2057589c8 method=java.util.concurrent.locks.AbstractQueuedSynchronizer.isOnSyncQueue(Ljava/util/concurrent/locks/AbstractQueuedSynchronizer$Node;)Z @ 13
Event: 46.920 Thread 0x00007fc214009800 Uncommon trap: reason=intrinsic action=make_not_entrant pc=0x00007fc205822c28 method=cal.sim.BiCategorySim.sampleOneRound(I)V @ 924
Event: 47.091 Thread 0x00007fc214009800 Uncommon trap: reason=intrinsic action=make_not_entrant pc=0x00007fc2058430f0 method=cal.sim.BiCategorySim.sampleOneRound(I)V @ 924
Event: 68.821 Thread 0x00007fc214009800 Uncommon trap: reason=intrinsic action=make_not_entrant pc=0x00007fc205858d88 method=cal.sim.BiCategorySim.sampleOneRound(I)V @ 924

Internal exceptions (7 events):
Event: 0.052 Thread 0x00007fc214009800 Exception <a 'java/lang/NoSuchMethodError': Method sun.misc.Unsafe.defineClass(Ljava/lang/String;[BII)Ljava/lang/Class; name or signature does not match> (0x00007fbcbad9ba10) thrown at [/HUDSON/workspace/8-2-build-linux-amd64/jdk8u66/4988/hotspot/src/shar
Event: 0.052 Thread 0x00007fc214009800 Exception <a 'java/lang/NoSuchMethodError': Method sun.misc.Unsafe.prefetchRead(Ljava/lang/Object;J)V name or signature does not match> (0x00007fbcbad9bdd8) thrown at [/HUDSON/workspace/8-2-build-linux-amd64/jdk8u66/4988/hotspot/src/share/vm/prims/jni.cpp
Event: 1.424 Thread 0x00007fc214009800 Exception <a 'java/security/PrivilegedActionException'> (0x00007fbd30bc6488) thrown at [/HUDSON/workspace/8-2-build-linux-amd64/jdk8u66/4988/hotspot/src/share/vm/prims/jvm.cpp, line 1386]
Event: 1.424 Thread 0x00007fc214009800 Exception <a 'java/security/PrivilegedActionException'> (0x00007fbd30bc6a08) thrown at [/HUDSON/workspace/8-2-build-linux-amd64/jdk8u66/4988/hotspot/src/share/vm/prims/jvm.cpp, line 1386]
Event: 1.424 Thread 0x00007fc214009800 Exception <a 'java/security/PrivilegedActionException'> (0x00007fbd30bc9660) thrown at [/HUDSON/workspace/8-2-build-linux-amd64/jdk8u66/4988/hotspot/src/share/vm/prims/jvm.cpp, line 1386]
Event: 1.424 Thread 0x00007fc214009800 Exception <a 'java/security/PrivilegedActionException'> (0x00007fbd30bc9be0) thrown at [/HUDSON/workspace/8-2-build-linux-amd64/jdk8u66/4988/hotspot/src/share/vm/prims/jvm.cpp, line 1386]
Event: 3.305 Thread 0x00007fc214009800 Implicit null exception at 0x00007fc2055545d5 to 0x00007fc20555578d

Events (10 events):
Event: 47.091 Thread 0x00007fc214009800 DEOPT PACKING pc=0x00007fc2058430f0 sp=0x00007fc21ae38f50
Event: 47.091 Thread 0x00007fc214009800 DEOPT UNPACKING pc=0x00007fc205005229 sp=0x00007fc21ae38ed0 mode 2
Event: 47.371 Thread 0x00007fc214009800 DEOPT PACKING pc=0x00007fc205762bba sp=0x00007fc21ae38c80
Event: 47.372 Thread 0x00007fc214009800 DEOPT UNPACKING pc=0x00007fc205047633 sp=0x00007fc21ae38c60 mode 0
Event: 47.390 Thread 0x00007fc214009800 DEOPT PACKING pc=0x00007fc20586e213 sp=0x00007fc21ae38c30
Event: 47.390 Thread 0x00007fc214009800 DEOPT UNPACKING pc=0x00007fc205047633 sp=0x00007fc21ae38c60 mode 0
Event: 68.821 Thread 0x00007fc214009800 Uncommon trap: trap_request=0xffffffcc fr.pc=0x00007fc205858d88
Event: 68.821 Thread 0x00007fc214009800 DEOPT PACKING pc=0x00007fc205858d88 sp=0x00007fc21ae38f40
Event: 68.821 Thread 0x00007fc214009800 DEOPT UNPACKING pc=0x00007fc205005229 sp=0x00007fc21ae38ed0 mode 2
Event: 74.577 Executing VM operation: ParallelGCFailedAllocation


Dynamic libraries:
00400000-00401000 r-xp 00000000 08:02 3944073                            /usr/java/jdk1.8.0_66/bin/java
00600000-00601000 rw-p 00000000 08:02 3944073                            /usr/java/jdk1.8.0_66/bin/java
01115000-01136000 rw-p 00000000 00:00 0                                  [heap]
7faffc000000-7faffc021000 rw-p 00000000 00:00 0 
7faffc021000-7fb000000000 ---p 00000000 00:00 0 
7fb004000000-7fb004021000 rw-p 00000000 00:00 0 
7fb004021000-7fb008000000 ---p 00000000 00:00 0 
7fb008000000-7fb008021000 rw-p 00000000 00:00 0 
7fb008021000-7fb00c000000 ---p 00000000 00:00 0 
7fb00c000000-7fb00c021000 rw-p 00000000 00:00 0 
7fb00c021000-7fb010000000 ---p 00000000 00:00 0 
7fb010000000-7fb010021000 rw-p 00000000 00:00 0 
7fb010021000-7fb014000000 ---p 00000000 00:00 0 
7fb014000000-7fb014021000 rw-p 00000000 00:00 0 
7fb014021000-7fb018000000 ---p 00000000 00:00 0 
7fb018000000-7fb018021000 rw-p 00000000 00:00 0 
7fb018021000-7fb01c000000 ---p 00000000 00:00 0 
7fb01c000000-7fb01c021000 rw-p 00000000 00:00 0 
7fb01c021000-7fb020000000 ---p 00000000 00:00 0 
7fb020000000-7fb020021000 rw-p 00000000 00:00 0 
7fb020021000-7fb024000000 ---p 00000000 00:00 0 
7fb024000000-7fb024021000 rw-p 00000000 00:00 0 
7fb024021000-7fb028000000 ---p 00000000 00:00 0 
7fb028000000-7fb028021000 rw-p 00000000 00:00 0 
7fb028021000-7fb02c000000 ---p 00000000 00:00 0 
7fb02c000000-7fb02c021000 rw-p 00000000 00:00 0 
7fb02c021000-7fb030000000 ---p 00000000 00:00 0 
7fb030000000-7fb030021000 rw-p 00000000 00:00 0 
7fb030021000-7fb034000000 ---p 00000000 00:00 0 
7fb034000000-7fb034021000 rw-p 00000000 00:00 0 
7fb034021000-7fb038000000 ---p 00000000 00:00 0 
7fb038000000-7fb038021000 rw-p 00000000 00:00 0 
7fb038021000-7fb03c000000 ---p 00000000 00:00 0 
7fb03f1f2000-7fb03f1f5000 ---p 00000000 00:00 0 
7fb03f1f5000-7fb03f2f3000 rw-p 00000000 00:00 0                          [stack:86044]
7fb03f2f3000-7fb03f2f6000 ---p 00000000 00:00 0 
7fb03f2f6000-7fb03f3f4000 rw-p 00000000 00:00 0                          [stack:86043]
7fb03f3f4000-7fb03f3f7000 ---p 00000000 00:00 0 
7fb03f3f7000-7fb03f4f5000 rw-p 00000000 00:00 0                          [stack:86042]
7fb03f4f5000-7fb03f4f8000 ---p 00000000 00:00 0 
7fb03f4f8000-7fb03f5f6000 rw-p 00000000 00:00 0                          [stack:86041]
7fb03f5f6000-7fb03f5f9000 ---p 00000000 00:00 0 
7fb03f5f9000-7fb03f6f7000 rw-p 00000000 00:00 0                          [stack:86040]
7fb03f6f7000-7fb03f6fa000 ---p 00000000 00:00 0 
7fb03f6fa000-7fb03f7f8000 rw-p 00000000 00:00 0                          [stack:86039]
7fb03f7f8000-7fb03f7fb000 ---p 00000000 00:00 0 
7fb03f7fb000-7fb03f8f9000 rw-p 00000000 00:00 0                          [stack:86038]
7fb03f8f9000-7fb03f8fc000 ---p 00000000 00:00 0 
7fb03f8fc000-7fb03f9fa000 rw-p 00000000 00:00 0                          [stack:86037]
7fb03f9fa000-7fb03f9fd000 ---p 00000000 00:00 0 
7fb03f9fd000-7fb03fafb000 rw-p 00000000 00:00 0                          [stack:86036]
7fb03fafb000-7fb03fafe000 ---p 00000000 00:00 0 
7fb03fafe000-7fb03fbfc000 rw-p 00000000 00:00 0                          [stack:86035]
7fb03fbfc000-7fb03fbff000 ---p 00000000 00:00 0 
7fb03fbff000-7fb03fcfd000 rw-p 00000000 00:00 0                          [stack:86034]
7fb03fcfd000-7fb03fd00000 ---p 00000000 00:00 0 
7fb03fd00000-7fb03fdfe000 rw-p 00000000 00:00 0                          [stack:86033]
7fb03fdfe000-7fb03fe01000 ---p 00000000 00:00 0 
7fb03fe01000-7fb03feff000 rw-p 00000000 00:00 0                          [stack:86032]
7fb03feff000-7fb03ff02000 ---p 00000000 00:00 0 
7fb03ff02000-7fb040000000 rw-p 00000000 00:00 0                          [stack:86031]
7fb040000000-7fb040021000 rw-p 00000000 00:00 0 
7fb040021000-7fb044000000 ---p 00000000 00:00 0 
7fb044000000-7fb044021000 rw-p 00000000 00:00 0 
7fb044021000-7fb048000000 ---p 00000000 00:00 0 
7fb048000000-7fb048021000 rw-p 00000000 00:00 0 
7fb048021000-7fb04c000000 ---p 00000000 00:00 0 
7fb04c000000-7fb04c021000 rw-p 00000000 00:00 0 
7fb04c021000-7fb050000000 ---p 00000000 00:00 0 
7fb050000000-7fb050021000 rw-p 00000000 00:00 0 
7fb050021000-7fb054000000 ---p 00000000 00:00 0 
7fb054000000-7fb054021000 rw-p 00000000 00:00 0 
7fb054021000-7fb058000000 ---p 00000000 00:00 0 
7fb058000000-7fb058021000 rw-p 00000000 00:00 0 
7fb058021000-7fb05c000000 ---p 00000000 00:00 0 
7fb05c000000-7fb05c021000 rw-p 00000000 00:00 0 
7fb05c021000-7fb060000000 ---p 00000000 00:00 0 
7fb060000000-7fb060021000 rw-p 00000000 00:00 0 
7fb060021000-7fb064000000 ---p 00000000 00:00 0 
7fb064000000-7fb064021000 rw-p 00000000 00:00 0 
7fb064021000-7fb068000000 ---p 00000000 00:00 0 
7fb068000000-7fb068021000 rw-p 00000000 00:00 0 
7fb068021000-7fb06c000000 ---p 00000000 00:00 0 
7fb06c000000-7fb06c021000 rw-p 00000000 00:00 0 
7fb06c021000-7fb070000000 ---p 00000000 00:00 0 
7fb070000000-7fb070021000 rw-p 00000000 00:00 0 
7fb070021000-7fb074000000 ---p 00000000 00:00 0 
7fb074000000-7fb074021000 rw-p 00000000 00:00 0 
7fb074021000-7fb078000000 ---p 00000000 00:00 0 
7fb078000000-7fb078021000 rw-p 00000000 00:00 0 
7fb078021000-7fb07c000000 ---p 00000000 00:00 0 
7fb07c000000-7fb07c021000 rw-p 00000000 00:00 0 
7fb07c021000-7fb080000000 ---p 00000000 00:00 0 
7fb080000000-7fb080021000 rw-p 00000000 00:00 0 
7fb080021000-7fb084000000 ---p 00000000 00:00 0 
7fb084000000-7fb084021000 rw-p 00000000 00:00 0 
7fb084021000-7fb088000000 ---p 00000000 00:00 0 
7fb088000000-7fb088021000 rw-p 00000000 00:00 0 
7fb088021000-7fb08c000000 ---p 00000000 00:00 0 
7fb08c000000-7fb08c021000 rw-p 00000000 00:00 0 
7fb08c021000-7fb090000000 ---p 00000000 00:00 0 
7fb090000000-7fb090021000 rw-p 00000000 00:00 0 
7fb090021000-7fb094000000 ---p 00000000 00:00 0 
7fb094000000-7fb094021000 rw-p 00000000 00:00 0 
7fb094021000-7fb098000000 ---p 00000000 00:00 0 
7fb098000000-7fb098021000 rw-p 00000000 00:00 0 
7fb098021000-7fb09c000000 ---p 00000000 00:00 0 
7fb09c000000-7fb09c021000 rw-p 00000000 00:00 0 
7fb09c021000-7fb0a0000000 ---p 00000000 00:00 0 
7fb0a0000000-7fb0a0021000 rw-p 00000000 00:00 0 
7fb0a0021000-7fb0a4000000 ---p 00000000 00:00 0 
7fb0a4000000-7fb0a4021000 rw-p 00000000 00:00 0 
7fb0a4021000-7fb0a8000000 ---p 00000000 00:00 0 
7fb0a8000000-7fb0a8021000 rw-p 00000000 00:00 0 
7fb0a8021000-7fb0ac000000 ---p 00000000 00:00 0 
7fb0ac000000-7fb0ac021000 rw-p 00000000 00:00 0 
7fb0ac021000-7fb0b0000000 ---p 00000000 00:00 0 
7fb0b0000000-7fb0b0021000 rw-p 00000000 00:00 0 
7fb0b0021000-7fb0b4000000 ---p 00000000 00:00 0 
7fb0b4000000-7fb0b4021000 rw-p 00000000 00:00 0 
7fb0b4021000-7fb0b8000000 ---p 00000000 00:00 0 
7fb0b8000000-7fb0b8021000 rw-p 00000000 00:00 0 
7fb0b8021000-7fb0bc000000 ---p 00000000 00:00 0 
7fb0bc000000-7fb0bc021000 rw-p 00000000 00:00 0 
7fb0bc021000-7fb0c0000000 ---p 00000000 00:00 0 
7fb0c0000000-7fb0c0021000 rw-p 00000000 00:00 0 
7fb0c0021000-7fb0c4000000 ---p 00000000 00:00 0 
7fb0c4000000-7fb0c4021000 rw-p 00000000 00:00 0 
7fb0c4021000-7fb0c8000000 ---p 00000000 00:00 0 
7fb0c8000000-7fb0c80e3000 rw-p 00000000 00:00 0 
7fb0c80e3000-7fb0cc000000 ---p 00000000 00:00 0 
7fb0cc000000-7fb0cc021000 rw-p 00000000 00:00 0 
7fb0cc021000-7fb0d0000000 ---p 00000000 00:00 0 
7fb0d0000000-7fb0d0021000 rw-p 00000000 00:00 0 
7fb0d0021000-7fb0d4000000 ---p 00000000 00:00 0 
7fb0d4000000-7fb0d40c6000 rw-p 00000000 00:00 0 
7fb0d40c6000-7fb0d8000000 ---p 00000000 00:00 0 
7fb0d8000000-7fb0d8021000 rw-p 00000000 00:00 0 
7fb0d8021000-7fb0dc000000 ---p 00000000 00:00 0 
7fb0dc000000-7fb0dc0b0000 rw-p 00000000 00:00 0 
7fb0dc0b0000-7fb0e0000000 ---p 00000000 00:00 0 
7fb0e0000000-7fb0e02fa000 rw-p 00000000 00:00 0 
7fb0e02fa000-7fb0e4000000 ---p 00000000 00:00 0 
7fb0e4000000-7fb0e40cf000 rw-p 00000000 00:00 0 
7fb0e40cf000-7fb0e8000000 ---p 00000000 00:00 0 
7fb0e8000000-7fb0e80af000 rw-p 00000000 00:00 0 
7fb0e80af000-7fb0ec000000 ---p 00000000 00:00 0 
7fb0ec000000-7fb0edb8f000 rw-p 00000000 00:00 0 
7fb0edb8f000-7fb0f0000000 ---p 00000000 00:00 0 
7fb0f0000000-7fb0f040c000 rw-p 00000000 00:00 0 
7fb0f040c000-7fb0f4000000 ---p 00000000 00:00 0 
7fb0f4000000-7fb0f4902000 rw-p 00000000 00:00 0 
7fb0f4902000-7fb0f8000000 ---p 00000000 00:00 0 
7fb0f8000000-7fb0f82fa000 rw-p 00000000 00:00 0 
7fb0f82fa000-7fb0fc000000 ---p 00000000 00:00 0 
7fb0fc000000-7fb0fc243000 rw-p 00000000 00:00 0 
7fb0fc243000-7fb100000000 ---p 00000000 00:00 0 
7fb100000000-7fb100c53000 rw-p 00000000 00:00 0 
7fb100c53000-7fb104000000 ---p 00000000 00:00 0 
7fb104000000-7fb104e1c000 rw-p 00000000 00:00 0 
7fb104e1c000-7fb108000000 ---p 00000000 00:00 0 
7fb108000000-7fb108b87000 rw-p 00000000 00:00 0 
7fb108b87000-7fb10c000000 ---p 00000000 00:00 0 
7fb10c000000-7fb10cb0a000 rw-p 00000000 00:00 0 
7fb10cb0a000-7fb110000000 ---p 00000000 00:00 0 
7fb110000000-7fb110b02000 rw-p 00000000 00:00 0 
7fb110b02000-7fb114000000 ---p 00000000 00:00 0 
7fb114000000-7fb114021000 rw-p 00000000 00:00 0 
7fb114021000-7fb118000000 ---p 00000000 00:00 0 
7fb1180bf000-7fb1180c2000 ---p 00000000 00:00 0 
7fb1180c2000-7fb1181c0000 rw-p 00000000 00:00 0                          [stack:86030]
7fb1181c0000-7fb1181c3000 ---p 00000000 00:00 0 
7fb1181c3000-7fb1182c1000 rw-p 00000000 00:00 0                          [stack:86029]
7fb1182c1000-7fb1182c4000 ---p 00000000 00:00 0 
7fb1182c4000-7fb1183c2000 rw-p 00000000 00:00 0                          [stack:86028]
7fb1183c2000-7fb1183c5000 ---p 00000000 00:00 0 
7fb1183c5000-7fb1184c3000 rw-p 00000000 00:00 0                          [stack:86027]
7fb1184c3000-7fb1184c6000 ---p 00000000 00:00 0 
7fb1184c6000-7fb1185c4000 rw-p 00000000 00:00 0                          [stack:86026]
7fb1185c4000-7fb1185c7000 ---p 00000000 00:00 0 
7fb1185c7000-7fb1186c5000 rw-p 00000000 00:00 0                          [stack:86025]
7fb1186c5000-7fb1186c8000 ---p 00000000 00:00 0 
7fb1186c8000-7fb1187c6000 rw-p 00000000 00:00 0                          [stack:86024]
7fb1187c6000-7fb1187c9000 ---p 00000000 00:00 0 
7fb1187c9000-7fb1188c7000 rw-p 00000000 00:00 0                          [stack:86023]
7fb1188c7000-7fb1188ca000 ---p 00000000 00:00 0 
7fb1188ca000-7fb1189c8000 rw-p 00000000 00:00 0                          [stack:86022]
7fb1189c8000-7fb1189cb000 ---p 00000000 00:00 0 
7fb1189cb000-7fb118ac9000 rw-p 00000000 00:00 0                          [stack:86021]
7fb118ac9000-7fb118acc000 ---p 00000000 00:00 0 
7fb118acc000-7fb118bca000 rw-p 00000000 00:00 0                          [stack:86020]
7fb118bca000-7fb118bcd000 ---p 00000000 00:00 0 
7fb118bcd000-7fb118ccb000 rw-p 00000000 00:00 0                          [stack:86019]
7fb118ccb000-7fb118cce000 ---p 00000000 00:00 0 
7fb118cce000-7fb118dcc000 rw-p 00000000 00:00 0                          [stack:86018]
7fb118dcc000-7fb118dcf000 ---p 00000000 00:00 0 
7fb118dcf000-7fb118ecd000 rw-p 00000000 00:00 0                          [stack:86017]
7fb118ecd000-7fb118ed0000 ---p 00000000 00:00 0 
7fb118ed0000-7fb118fce000 rw-p 00000000 00:00 0                          [stack:86016]
7fb118fce000-7fb118fd1000 ---p 00000000 00:00 0 
7fb118fd1000-7fb1190cf000 rw-p 00000000 00:00 0                          [stack:86015]
7fb1190cf000-7fb1190d2000 ---p 00000000 00:00 0 
7fb1190d2000-7fb1191d0000 rw-p 00000000 00:00 0                          [stack:86014]
7fb1191d0000-7fb1191d3000 ---p 00000000 00:00 0 
7fb1191d3000-7fb1192d1000 rw-p 00000000 00:00 0                          [stack:86013]
7fb1192d1000-7fb1192d4000 ---p 00000000 00:00 0 
7fb1192d4000-7fb1193d2000 rw-p 00000000 00:00 0                          [stack:86012]
7fb1193d2000-7fb1193d5000 ---p 00000000 00:00 0 
7fb1193d5000-7fb1194d3000 rw-p 00000000 00:00 0                          [stack:86011]
7fb1194d3000-7fb1194d6000 ---p 00000000 00:00 0 
7fb1194d6000-7fb1195d4000 rw-p 00000000 00:00 0                          [stack:86010]
7fb1195d4000-7fb1195d7000 ---p 00000000 00:00 0 
7fb1195d7000-7fb1196d5000 rw-p 00000000 00:00 0                          [stack:86009]
7fb1196d5000-7fb1196d8000 ---p 00000000 00:00 0 
7fb1196d8000-7fb1197d6000 rw-p 00000000 00:00 0                          [stack:86008]
7fb1197d6000-7fb1197d9000 ---p 00000000 00:00 0 
7fb1197d9000-7fb1198d7000 rw-p 00000000 00:00 0                          [stack:86007]
7fb1198d7000-7fb1198da000 ---p 00000000 00:00 0 
7fb1198da000-7fb1199d8000 rw-p 00000000 00:00 0                          [stack:86006]
7fb1199d8000-7fb1199db000 ---p 00000000 00:00 0 
7fb1199db000-7fb119ad9000 rw-p 00000000 00:00 0                          [stack:86005]
7fb119ad9000-7fb120000000 r--p 00000000 08:02 3815722                    /usr/lib/locale/locale-archive
7fb120000000-7fb120021000 rw-p 00000000 00:00 0 
7fb120021000-7fb124000000 ---p 00000000 00:00 0 
7fb124000000-7fb124021000 rw-p 00000000 00:00 0 
7fb124021000-7fb128000000 ---p 00000000 00:00 0 
7fb128000000-7fb12828c000 rw-p 00000000 00:00 0 
7fb12828c000-7fb12c000000 ---p 00000000 00:00 0 
7fb12c0c9000-7fb12c0cc000 ---p 00000000 00:00 0 
7fb12c0cc000-7fb12c1ca000 rw-p 00000000 00:00 0                          [stack:86004]
7fb12c1ca000-7fb12c1cd000 ---p 00000000 00:00 0 
7fb12c1cd000-7fb1b4000000 rw-p 00000000 00:00 0                          [stack:86003]
7fb1b4000000-7fb1b4021000 rw-p 00000000 00:00 0 
7fb1b4021000-7fb1b8000000 ---p 00000000 00:00 0 
7fb1b80f2000-7fb1b80f5000 ---p 00000000 00:00 0 
7fb1b80f5000-7fb1b81f3000 rw-p 00000000 00:00 0                          [stack:86002]
7fb1b81f3000-7fb1b81f6000 ---p 00000000 00:00 0 
7fb1b81f6000-7fb1b82f4000 rw-p 00000000 00:00 0                          [stack:86001]
7fb1b82f4000-7fb1b82f7000 ---p 00000000 00:00 0 
7fb1b82f7000-7fb1b83f5000 rw-p 00000000 00:00 0                          [stack:86000]
7fb1b83f5000-7fb1b83f8000 ---p 00000000 00:00 0 
7fb1b83f8000-7fb1b84f6000 rw-p 00000000 00:00 0                          [stack:85999]
7fb1b84f6000-7fb1b84f9000 ---p 00000000 00:00 0 
7fb1b84f9000-7fb1b85f7000 rw-p 00000000 00:00 0                          [stack:85998]
7fb1b85f7000-7fb1b85fa000 ---p 00000000 00:00 0 
7fb1b85fa000-7fb1b86f8000 rw-p 00000000 00:00 0                          [stack:85997]
7fb1b86f8000-7fb1b86fb000 ---p 00000000 00:00 0 
7fb1b86fb000-7fb1b87f9000 rw-p 00000000 00:00 0                          [stack:85996]
7fb1b87f9000-7fb1b87fc000 ---p 00000000 00:00 0 
7fb1b87fc000-7fb1b88fa000 rw-p 00000000 00:00 0                          [stack:85995]
7fb1b88fa000-7fb1b8904000 r--s 00116000 08:02 4338655                    /usr/java/jdk1.8.0_66/jre/lib/ext/localedata.jar
7fb1b8904000-7fb1b8920000 r--s 00393000 08:02 4338646                    /usr/java/jdk1.8.0_66/jre/lib/ext/cldrdata.jar
7fb1b8920000-7fb1b8936000 r-xp 00000000 08:02 4089303                    /usr/java/jdk1.8.0_66/jre/lib/amd64/libnet.so
7fb1b8936000-7fb1b8b36000 ---p 00016000 08:02 4089303                    /usr/java/jdk1.8.0_66/jre/lib/amd64/libnet.so
7fb1b8b36000-7fb1b8b37000 rw-p 00016000 08:02 4089303                    /usr/java/jdk1.8.0_66/jre/lib/amd64/libnet.so
7fb1b8b37000-7fb1b8b3a000 ---p 00000000 00:00 0 
7fb1b8b3a000-7fb1b8c38000 rw-p 00000000 00:00 0                          [stack:85986]
7fb1b8c38000-7fb1b8c39000 r-xp 00000000 08:02 3957237                    /root/idea/bin/libbreakgen64.so
7fb1b8c39000-7fb1b8e38000 ---p 00001000 08:02 3957237                    /root/idea/bin/libbreakgen64.so
7fb1b8e38000-7fb1b8e39000 r--p 00000000 08:02 3957237                    /root/idea/bin/libbreakgen64.so
7fb1b8e39000-7fb1b8e3a000 rw-p 00001000 08:02 3957237                    /root/idea/bin/libbreakgen64.so
7fb1b8e3a000-7fb1b8e4d000 r--s 000df000 08:02 4337707                    /root/.m2/repository/org/apache/commons/commons-math/2.2/commons-math-2.2.jar
7fb1b8e4d000-7fb1b8e5e000 r--s 00156000 08:02 4112041                    /root/.m2/repository/org/apache/lucene/lucene-analyzers-common/6.2.0/lucene-analyzers-common-6.2.0.jar
7fb1b8e5e000-7fb1b8e89000 r--s 0024c000 08:02 4112042                    /root/.m2/repository/org/apache/lucene/lucene-core/6.2.0/lucene-core-6.2.0.jar
7fb1b8e89000-7fb1b8e9b000 r--s 00345000 08:02 4089239                    /usr/java/jdk1.8.0_66/jre/lib/resources.jar
7fb1b8e9b000-7fb1b8eae000 r--s 000d5000 08:02 4089145                    /usr/java/jdk1.8.0_66/jre/lib/plugin.jar
7fb1b8eae000-7fb1b8eaf000 ---p 00000000 00:00 0 
7fb1b8eaf000-7fb1b8faf000 rw-p 00000000 00:00 0                          [stack:85984]
7fb1b8faf000-7fb1b8fb2000 ---p 00000000 00:00 0 
7fb1b8fb2000-7fb1b90b0000 rw-p 00000000 00:00 0                          [stack:85983]
7fb1b90b0000-7fb1b90b3000 ---p 00000000 00:00 0 
7fb1b90b3000-7fb1b91b1000 rw-p 00000000 00:00 0                          [stack:85982]
7fb1b91b1000-7fb1b91b4000 ---p 00000000 00:00 0 
7fb1b91b4000-7fb1b92b2000 rw-p 00000000 00:00 0                          [stack:85981]
7fb1b92b2000-7fb1b92b5000 ---p 00000000 00:00 0 
7fb1b92b5000-7fb1b93b3000 rw-p 00000000 00:00 0                          [stack:85980]
7fb1b93b3000-7fb1b93b6000 ---p 00000000 00:00 0 
7fb1b93b6000-7fb1b94b4000 rw-p 00000000 00:00 0                          [stack:85979]
7fb1b94b4000-7fb1b94b7000 ---p 00000000 00:00 0 
7fb1b94b7000-7fb1b95b5000 rw-p 00000000 00:00 0                          [stack:85978]
7fb1b95b5000-7fb1b95b8000 ---p 00000000 00:00 0 
7fb1b95b8000-7fb1b96b6000 rw-p 00000000 00:00 0                          [stack:85977]
7fb1b96b6000-7fb1b96b9000 ---p 00000000 00:00 0 
7fb1b96b9000-7fb1b97b7000 rw-p 00000000 00:00 0                          [stack:85976]
7fb1b97b7000-7fb1b97ba000 ---p 00000000 00:00 0 
7fb1b97ba000-7fb1b98b8000 rw-p 00000000 00:00 0                          [stack:85975]
7fb1b98b8000-7fb1b98bb000 ---p 00000000 00:00 0 
7fb1b98bb000-7fb1b99b9000 rw-p 00000000 00:00 0                          [stack:85974]
7fb1b99b9000-7fb1b99bc000 ---p 00000000 00:00 0 
7fb1b99bc000-7fb1b9aba000 rw-p 00000000 00:00 0                          [stack:85973]
7fb1b9aba000-7fb1b9abd000 ---p 00000000 00:00 0 
7fb1b9abd000-7fb1b9bbb000 rw-p 00000000 00:00 0                          [stack:85972]
7fb1b9bbb000-7fb1b9bbe000 ---p 00000000 00:00 0 
7fb1b9bbe000-7fb1b9cbc000 rw-p 00000000 00:00 0                          [stack:85971]
7fb1b9cbc000-7fb1b9cbf000 ---p 00000000 00:00 0 
7fb1b9cbf000-7fb1b9dbd000 rw-p 00000000 00:00 0                          [stack:85970]
7fb1b9dbd000-7fb1b9dc0000 ---p 00000000 00:00 0 
7fb1b9dc0000-7fb1b9ebe000 rw-p 00000000 00:00 0                          [stack:85969]
7fb1b9ebe000-7fb1b9ec1000 ---p 00000000 00:00 0 
7fb1b9ec1000-7fb1b9fbf000 rw-p 00000000 00:00 0                          [stack:85968]
7fb1b9fbf000-7fb1b9fc2000 ---p 00000000 00:00 0 
7fb1b9fc2000-7fb1ba0c0000 rw-p 00000000 00:00 0                          [stack:85967]
7fb1ba0c0000-7fb1ba0c3000 ---p 00000000 00:00 0 
7fb1ba0c3000-7fb1ba1c1000 rw-p 00000000 00:00 0                          [stack:85948]
7fb1ba1c1000-7fb1ba1c4000 ---p 00000000 00:00 0 
7fb1ba1c4000-7fb1ba2c2000 rw-p 00000000 00:00 0                          [stack:85947]
7fb1ba2c2000-7fb1ba2c3000 ---p 00000000 00:00 0 
7fb1ba2c3000-7fb1bc000000 rw-p 00000000 00:00 0                          [stack:85946]
7fb1bc000000-7fb1bc021000 rw-p 00000000 00:00 0 
7fb1bc021000-7fb1c0000000 ---p 00000000 00:00 0 
7fb1c0000000-7fb1c0021000 rw-p 00000000 00:00 0 
7fb1c0021000-7fb1c4000000 ---p 00000000 00:00 0 
7fb1c4000000-7fb1c4021000 rw-p 00000000 00:00 0 
7fb1c4021000-7fb1c8000000 ---p 00000000 00:00 0 
7fb1c8000000-7fb1c8021000 rw-p 00000000 00:00 0 
7fb1c8021000-7fb1cc000000 ---p 00000000 00:00 0 
7fb1cc000000-7fb1cc021000 rw-p 00000000 00:00 0 
7fb1cc021000-7fb1d0000000 ---p 00000000 00:00 0 
7fb1d0000000-7fb1d0021000 rw-p 00000000 00:00 0 
7fb1d0021000-7fb1d4000000 ---p 00000000 00:00 0 
7fb1d4000000-7fb1d4021000 rw-p 00000000 00:00 0 
7fb1d4021000-7fb1d8000000 ---p 00000000 00:00 0 
7fb1d8000000-7fb1d8021000 rw-p 00000000 00:00 0 
7fb1d8021000-7fb1dc000000 ---p 00000000 00:00 0 
7fb1dc000000-7fb1dc021000 rw-p 00000000 00:00 0 
7fb1dc021000-7fb1e0000000 ---p 00000000 00:00 0 
7fb1e0000000-7fb1e0021000 rw-p 00000000 00:00 0 
7fb1e0021000-7fb1e4000000 ---p 00000000 00:00 0 
7fb1e4000000-7fb1e4021000 rw-p 00000000 00:00 0 
7fb1e4021000-7fb1e8000000 ---p 00000000 00:00 0 
7fb1e8000000-7fb1e8021000 rw-p 00000000 00:00 0 
7fb1e8021000-7fb1ec000000 ---p 00000000 00:00 0 
7fb1ec000000-7fb1ec021000 rw-p 00000000 00:00 0 
7fb1ec021000-7fb1f0000000 ---p 00000000 00:00 0 
7fb1f0000000-7fb1f0021000 rw-p 00000000 00:00 0 
7fb1f0021000-7fb1f4000000 ---p 00000000 00:00 0 
7fb1f4000000-7fb1f4021000 rw-p 00000000 00:00 0 
7fb1f4021000-7fb1f8000000 ---p 00000000 00:00 0 
7fb1f8000000-7fb1f8021000 rw-p 00000000 00:00 0 
7fb1f8021000-7fb1fc000000 ---p 00000000 00:00 0 
7fb1fc000000-7fb1fc021000 rw-p 00000000 00:00 0 
7fb1fc021000-7fb200000000 ---p 00000000 00:00 0 
7fb200000000-7fb200021000 rw-p 00000000 00:00 0 
7fb200021000-7fb204000000 ---p 00000000 00:00 0 
7fb204000000-7fb204021000 rw-p 00000000 00:00 0 
7fb204021000-7fb208000000 ---p 00000000 00:00 0 
7fb208000000-7fb208021000 rw-p 00000000 00:00 0 
7fb208021000-7fb20c000000 ---p 00000000 00:00 0 
7fb20c000000-7fb20c021000 rw-p 00000000 00:00 0 
7fb20c021000-7fb210000000 ---p 00000000 00:00 0 
7fb210000000-7fb210021000 rw-p 00000000 00:00 0 
7fb210021000-7fb214000000 ---p 00000000 00:00 0 
7fb214003000-7fb214005000 r--s 0001e000 08:02 3957149                    /root/idea/lib/idea_rt.jar
7fb214005000-7fb214006000 r--s 001cc000 08:02 4112119                    /root/.m2/repository/org/carrot2/morfologik-polish/2.1.0/morfologik-polish-2.1.0.jar
7fb214006000-7fb21400b000 r--s 00096000 08:02 4089253                    /usr/java/jdk1.8.0_66/jre/lib/jsse.jar
7fb21400b000-7fb216f0d000 rw-p 00000000 00:00 0 
7fb216f0d000-7fb2170e6000 r--s 03d20000 08:02 4089203                    /usr/java/jdk1.8.0_66/jre/lib/rt.jar
7fb2170e6000-7fb2176dc000 rw-p 00000000 00:00 0 
7fb2176dc000-7fb21795c000 ---p 00000000 00:00 0 
7fb21795c000-7fb217e52000 rw-p 00000000 00:00 0 
7fb217e52000-7fb217e53000 ---p 00000000 00:00 0 
7fb217e53000-7fb217f53000 rw-p 00000000 00:00 0                          [stack:85945]
7fb217f53000-7fb217f54000 ---p 00000000 00:00 0 
7fb217f54000-7fb218054000 rw-p 00000000 00:00 0                          [stack:85944]
7fb218054000-7fb218055000 ---p 00000000 00:00 0 
7fb218055000-7fb218155000 rw-p 00000000 00:00 0                          [stack:85943]
7fb218155000-7fb218156000 ---p 00000000 00:00 0 
7fb218156000-7fb218256000 rw-p 00000000 00:00 0                          [stack:85942]
7fb218256000-7fb218257000 ---p 00000000 00:00 0 
7fb218257000-7fb218357000 rw-p 00000000 00:00 0                          [stack:85941]
7fb218357000-7fb218358000 ---p 00000000 00:00 0 
7fb218358000-7fb218458000 rw-p 00000000 00:00 0                          [stack:85940]
7fb218458000-7fb218459000 ---p 00000000 00:00 0 
7fb218459000-7fb218559000 rw-p 00000000 00:00 0                          [stack:85939]
7fb218559000-7fb21855a000 ---p 00000000 00:00 0 
7fb21855a000-7fb21865a000 rw-p 00000000 00:00 0                          [stack:85938]
7fb21865a000-7fb21865b000 ---p 00000000 00:00 0 
7fb21865b000-7fb21875b000 rw-p 00000000 00:00 0                          [stack:85937]
7fb21875b000-7fb21875c000 ---p 00000000 00:00 0 
7fb21875c000-7fb21885c000 rw-p 00000000 00:00 0                          [stack:85936]
7fb21885c000-7fb21885d000 ---p 00000000 00:00 0 
7fb21885d000-7fb21895d000 rw-p 00000000 00:00 0                          [stack:85935]
7fb21895d000-7fb21895e000 ---p 00000000 00:00 0 
7fb21895e000-7fb218a5e000 rw-p 00000000 00:00 0                          [stack:85934]
7fb218a5e000-7fb218a5f000 ---p 00000000 00:00 0 
7fb218a5f000-7fb218b5f000 rw-p 00000000 00:00 0                          [stack:85933]
7fb218b5f000-7fb218b60000 ---p 00000000 00:00 0 
7fb218b60000-7fb218c60000 rw-p 00000000 00:00 0                          [stack:85932]
7fb218c60000-7fb218c61000 ---p 00000000 00:00 0 
7fb218c61000-7fb218d61000 rw-p 00000000 00:00 0                          [stack:85931]
7fb218d61000-7fb218d62000 ---p 00000000 00:00 0 
7fb218d62000-7fb218e62000 rw-p 00000000 00:00 0                          [stack:85930]
7fb218e62000-7fb218e63000 ---p 00000000 00:00 0 
7fb218e63000-7fb218f63000 rw-p 00000000 00:00 0                          [stack:85929]
7fb218f63000-7fb218f64000 ---p 00000000 00:00 0 
7fb218f64000-7fb219064000 rw-p 00000000 00:00 0                          [stack:85928]
7fb219064000-7fb219065000 ---p 00000000 00:00 0 
7fb219065000-7fb219165000 rw-p 00000000 00:00 0                          [stack:85927]
7fb219165000-7fb219166000 ---p 00000000 00:00 0 
7fb219166000-7fb219266000 rw-p 00000000 00:00 0                          [stack:85926]
7fb219266000-7fb219267000 ---p 00000000 00:00 0 
7fb219267000-7fb219367000 rw-p 00000000 00:00 0                          [stack:85925]
7fb219367000-7fb219368000 ---p 00000000 00:00 0 
7fb219368000-7fb21ae73000 rw-p 00000000 00:00 0                          [stack:85924]
7fb21ae73000-7fb21e90b000 ---p 00000000 00:00 0 
7fb21e90b000-7fb220316000 rw-p 00000000 00:00 0 
7fb220316000-7fb223dad000 ---p 00000000 00:00 0 
7fb223dad000-7fb2267ff000 rw-p 00000000 00:00 0 
7fb2267ff000-7fb567d80000 rw-p 00000000 00:00 0 
7fb82a07f000-7fb82a080000 rw-p 00000000 00:00 0 
7fb82a080000-7fbcbad80000 ---p 00000000 00:00 0 
7fbcbad80000-7fc205000000 rw-p 00000000 00:00 0 
7fc205000000-7fc2058d0000 rwxp 00000000 00:00 0 
7fc2058d0000-7fc214000000 ---p 00000000 00:00 0 
7fc214000000-7fc214560000 rw-p 00000000 00:00 0 
7fc214560000-7fc218000000 ---p 00000000 00:00 0 
7fc218000000-7fc218001000 r--s 00134000 08:02 4112118                    /root/.m2/repository/org/apache/lucene/lucene-analyzers-morfologik/6.2.0/lucene-analyzers-morfologik-6.2.0.jar
7fc218001000-7fc218002000 r--s 00004000 08:02 4112103                    /root/.m2/repository/org/carrot2/morfologik-fsa/2.1.0/morfologik-fsa-2.1.0.jar
7fc218002000-7fc218004000 r--s 0000b000 08:02 4112102                    /root/.m2/repository/org/carrot2/morfologik-stemming/2.1.0/morfologik-stemming-2.1.0.jar
7fc218004000-7fc21801f000 r--s 001fe000 08:02 4089121                    /usr/java/jdk1.8.0_66/jre/lib/deploy.jar
7fc21801f000-7fc218040000 rw-p 00000000 00:00 0 
7fc218040000-7fc218041000 ---p 00000000 00:00 0 
7fc218041000-7fc218165000 rw-p 00000000 00:00 0                          [stack:85923]
7fc218165000-7fc218501000 ---p 00000000 00:00 0 
7fc218501000-7fc21851b000 r-xp 00000000 08:02 4089299                    /usr/java/jdk1.8.0_66/jre/lib/amd64/libzip.so
7fc21851b000-7fc21871b000 ---p 0001a000 08:02 4089299                    /usr/java/jdk1.8.0_66/jre/lib/amd64/libzip.so
7fc21871b000-7fc21871c000 rw-p 0001a000 08:02 4089299                    /usr/java/jdk1.8.0_66/jre/lib/amd64/libzip.so
7fc21871c000-7fc218728000 r-xp 00000000 08:02 3805706                    /usr/lib64/libnss_files-2.17.so
7fc218728000-7fc218927000 ---p 0000c000 08:02 3805706                    /usr/lib64/libnss_files-2.17.so
7fc218927000-7fc218928000 r--p 0000b000 08:02 3805706                    /usr/lib64/libnss_files-2.17.so
7fc218928000-7fc218929000 rw-p 0000c000 08:02 3805706                    /usr/lib64/libnss_files-2.17.so
7fc218929000-7fc21892f000 rw-p 00000000 00:00 0 
7fc21892f000-7fc218959000 r-xp 00000000 08:02 4089294                    /usr/java/jdk1.8.0_66/jre/lib/amd64/libjava.so
7fc218959000-7fc218b59000 ---p 0002a000 08:02 4089294                    /usr/java/jdk1.8.0_66/jre/lib/amd64/libjava.so
7fc218b59000-7fc218b5b000 rw-p 0002a000 08:02 4089294                    /usr/java/jdk1.8.0_66/jre/lib/amd64/libjava.so
7fc218b5b000-7fc218b68000 r-xp 00000000 08:02 4089298                    /usr/java/jdk1.8.0_66/jre/lib/amd64/libverify.so
7fc218b68000-7fc218d68000 ---p 0000d000 08:02 4089298                    /usr/java/jdk1.8.0_66/jre/lib/amd64/libverify.so
7fc218d68000-7fc218d6a000 rw-p 0000d000 08:02 4089298                    /usr/java/jdk1.8.0_66/jre/lib/amd64/libverify.so
7fc218d6a000-7fc218d71000 r-xp 00000000 08:02 3805709                    /usr/lib64/librt-2.17.so
7fc218d71000-7fc218f70000 ---p 00007000 08:02 3805709                    /usr/lib64/librt-2.17.so
7fc218f70000-7fc218f71000 r--p 00006000 08:02 3805709                    /usr/lib64/librt-2.17.so
7fc218f71000-7fc218f72000 rw-p 00007000 08:02 3805709                    /usr/lib64/librt-2.17.so
7fc218f72000-7fc219073000 r-xp 00000000 08:02 3805703                    /usr/lib64/libm-2.17.so
7fc219073000-7fc219272000 ---p 00101000 08:02 3805703                    /usr/lib64/libm-2.17.so
7fc219272000-7fc219273000 r--p 00100000 08:02 3805703                    /usr/lib64/libm-2.17.so
7fc219273000-7fc219274000 rw-p 00101000 08:02 3805703                    /usr/lib64/libm-2.17.so
7fc219274000-7fc219f32000 r-xp 00000000 08:02 4338748                    /usr/java/jdk1.8.0_66/jre/lib/amd64/server/libjvm.so
7fc219f32000-7fc21a131000 ---p 00cbe000 08:02 4338748                    /usr/java/jdk1.8.0_66/jre/lib/amd64/server/libjvm.so
7fc21a131000-7fc21a20a000 rw-p 00cbd000 08:02 4338748                    /usr/java/jdk1.8.0_66/jre/lib/amd64/server/libjvm.so
7fc21a20a000-7fc21a24e000 rw-p 00000000 00:00 0 
7fc21a24e000-7fc21a405000 r-xp 00000000 08:02 3805545                    /usr/lib64/libc-2.17.so
7fc21a405000-7fc21a605000 ---p 001b7000 08:02 3805545                    /usr/lib64/libc-2.17.so
7fc21a605000-7fc21a609000 r--p 001b7000 08:02 3805545                    /usr/lib64/libc-2.17.so
7fc21a609000-7fc21a60b000 rw-p 001bb000 08:02 3805545                    /usr/lib64/libc-2.17.so
7fc21a60b000-7fc21a610000 rw-p 00000000 00:00 0 
7fc21a610000-7fc21a613000 r-xp 00000000 08:02 3805702                    /usr/lib64/libdl-2.17.so
7fc21a613000-7fc21a812000 ---p 00003000 08:02 3805702                    /usr/lib64/libdl-2.17.so
7fc21a812000-7fc21a813000 r--p 00002000 08:02 3805702                    /usr/lib64/libdl-2.17.so
7fc21a813000-7fc21a814000 rw-p 00003000 08:02 3805702                    /usr/lib64/libdl-2.17.so
7fc21a814000-7fc21a829000 r-xp 00000000 08:02 4089023                    /usr/java/jdk1.8.0_66/lib/amd64/jli/libjli.so
7fc21a829000-7fc21aa29000 ---p 00015000 08:02 4089023                    /usr/java/jdk1.8.0_66/lib/amd64/jli/libjli.so
7fc21aa29000-7fc21aa2a000 rw-p 00015000 08:02 4089023                    /usr/java/jdk1.8.0_66/lib/amd64/jli/libjli.so
7fc21aa2a000-7fc21aa40000 r-xp 00000000 08:02 3805571                    /usr/lib64/libpthread-2.17.so
7fc21aa40000-7fc21ac40000 ---p 00016000 08:02 3805571                    /usr/lib64/libpthread-2.17.so
7fc21ac40000-7fc21ac41000 r--p 00016000 08:02 3805571                    /usr/lib64/libpthread-2.17.so
7fc21ac41000-7fc21ac42000 rw-p 00017000 08:02 3805571                    /usr/lib64/libpthread-2.17.so
7fc21ac42000-7fc21ac46000 rw-p 00000000 00:00 0 
7fc21ac46000-7fc21ac67000 r-xp 00000000 08:02 3864684                    /usr/lib64/ld-2.17.so
7fc21ac67000-7fc21ac68000 r--s 00006000 08:02 4064837                    /root/.m2/repository/org/ansj/tree_split/1.0.1/tree_split-1.0.1.jar
7fc21ac68000-7fc21ad3a000 rw-p 00000000 00:00 0 
7fc21ad3a000-7fc21ad3d000 ---p 00000000 00:00 0 
7fc21ad3d000-7fc21ae3f000 rw-p 00000000 00:00 0                          [stack:85895]
7fc21ae3f000-7fc21ae41000 r--s 004a1000 08:02 4064801                    /root/.m2/repository/org/ansj/ansj_seg/0.9/ansj_seg-0.9.jar
7fc21ae41000-7fc21ae42000 r--s 00000000 08:02 4089127                    /usr/java/jdk1.8.0_66/jre/lib/management-agent.jar
7fc21ae42000-7fc21ae44000 r--s 00007000 08:02 4089321                    /usr/java/jdk1.8.0_66/jre/lib/jfxswt.jar
7fc21ae44000-7fc21ae49000 r--s 00083000 08:02 4089120                    /usr/java/jdk1.8.0_66/jre/lib/jfr.jar
7fc21ae49000-7fc21ae4c000 r--s 0001a000 08:02 4089319                    /usr/java/jdk1.8.0_66/jre/lib/jce.jar
7fc21ae4c000-7fc21ae56000 r--s 0006b000 08:02 4089130                    /usr/java/jdk1.8.0_66/jre/lib/javaws.jar
7fc21ae56000-7fc21ae5c000 r--s 002f8000 08:02 4089201                    /usr/java/jdk1.8.0_66/jre/lib/charsets.jar
7fc21ae5c000-7fc21ae64000 rw-s 00000000 08:02 4233238                    /tmp/hsperfdata_root/85892
7fc21ae64000-7fc21ae65000 rw-p 00000000 00:00 0 
7fc21ae65000-7fc21ae66000 ---p 00000000 00:00 0 
7fc21ae66000-7fc21ae67000 rw-p 00000000 00:00 0 
7fc21ae67000-7fc21ae68000 r--p 00021000 08:02 3864684                    /usr/lib64/ld-2.17.so
7fc21ae68000-7fc21ae69000 rw-p 00022000 08:02 3864684                    /usr/lib64/ld-2.17.so
7fc21ae69000-7fc21ae6a000 rw-p 00000000 00:00 0 
7ffffd2e3000-7ffffd305000 rw-p 00000000 00:00 0                          [stack]
7ffffd3fe000-7ffffd400000 r-xp 00000000 00:00 0                          [vdso]
ffffffffff600000-ffffffffff601000 r-xp 00000000 00:00 0                  [vsyscall]

VM Arguments:
jvm_args: -ea -Xmx65000m -Xms20000m -Didea.launcher.port=7538 -Didea.launcher.bin.path=/root/idea/bin -Dfile.encoding=UTF-8 
java_command: com.intellij.rt.execution.application.AppMain cal.sim.BiCategorySim
java_class_path (initial): /usr/java/jdk1.8.0_66/jre/lib/charsets.jar:/usr/java/jdk1.8.0_66/jre/lib/deploy.jar:/usr/java/jdk1.8.0_66/jre/lib/ext/cldrdata.jar:/usr/java/jdk1.8.0_66/jre/lib/ext/dnsns.jar:/usr/java/jdk1.8.0_66/jre/lib/ext/jaccess.jar:/usr/java/jdk1.8.0_66/jre/lib/ext/jfxrt.jar:/usr/java/jdk1.8.0_66/jre/lib/ext/localedata.jar:/usr/java/jdk1.8.0_66/jre/lib/ext/nashorn.jar:/usr/java/jdk1.8.0_66/jre/lib/ext/sunec.jar:/usr/java/jdk1.8.0_66/jre/lib/ext/sunjce_provider.jar:/usr/java/jdk1.8.0_66/jre/lib/ext/sunpkcs11.jar:/usr/java/jdk1.8.0_66/jre/lib/ext/zipfs.jar:/usr/java/jdk1.8.0_66/jre/lib/javaws.jar:/usr/java/jdk1.8.0_66/jre/lib/jce.jar:/usr/java/jdk1.8.0_66/jre/lib/jfr.jar:/usr/java/jdk1.8.0_66/jre/lib/jfxswt.jar:/usr/java/jdk1.8.0_66/jre/lib/jsse.jar:/usr/java/jdk1.8.0_66/jre/lib/management-agent.jar:/usr/java/jdk1.8.0_66/jre/lib/plugin.jar:/usr/java/jdk1.8.0_66/jre/lib/resources.jar:/usr/java/jdk1.8.0_66/jre/lib/rt.jar:/root/shunyang/BiCategorySim_2/target/classes:/root/.m2/repository/org/ansj/ansj_seg/0.9/ansj_seg-0.9.jar:/root/.m2/repository/org/ansj/tree_split/1.0.1/tree_split-1.0.1.jar:/root/.m2/repository/org/carrot2/morfologik-stemming/2.1.0/morfologik-stemming-2.1.0.jar:/root/.m2/repository/org/carrot2/morfologik-fsa/2.1.0/morfologik-fsa-2.1.0.jar:/root/.m2/repository/org/apache/lucene/lucene-analyzers-morfologik/6.2.0/lucene-analyzers-morfologik-6.2.0.jar:/root/.m2/repository/org/apache/lucene/lucene-core/6.2.0/lucene-core-6.2.0.jar:/root/.m2/repository/org/carrot2/morfologik-polish/2.1.0/morfologik-polish-2.1.0.jar:/root/.m2/repository/org/apache/lucene/lucene-analyzers-common/6.2.0/lucene-analyzers-common-6.2.0.jar:/root/.m2/repository/org/apache/commons/commons-math/2.2/commons-math-2.2.jar:/root/idea/lib/idea_rt.jar
Launcher Type: SUN_STANDARD

Environment Variables:
JAVA_HOME=/usr/java/latest
PATH=/usr/lib64/qt-3.3/bin:/root/perl5/bin:/usr/local/apache-maven-3.3.9/bin:/usr/local/sbin:/usr/local/bin:/usr/sbin:/usr/bin:/usr/local/cmake-3.6.0/bin:/root/cuixuan/Big-Data/hadoop-2.7.1/bin:/root/cuixuan/Test-Big-Data/apache-hive-2.2.0-SNAPSHOT-bin/bin:/usr/java/latest/bin:/root/cuixuan/Big-Data/mahout-0.12.2/bin:/root/cuixuan/Big-Data/spark-1.6.0/bin:/root/bin
LD_LIBRARY_PATH=/root/idea/bin:
SHELL=/bin/bash
DISPLAY=:1

Signal Handlers:
SIGSEGV: [libjvm.so+0xaba2a0], sa_mask[0]=11111111011111111101111111111110, sa_flags=SA_RESTART|SA_SIGINFO
SIGBUS: [libjvm.so+0xaba2a0], sa_mask[0]=11111111011111111101111111111110, sa_flags=SA_RESTART|SA_SIGINFO
SIGFPE: [libjvm.so+0x917710], sa_mask[0]=11111111011111111101111111111110, sa_flags=SA_RESTART|SA_SIGINFO
SIGPIPE: [libjvm.so+0x917710], sa_mask[0]=11111111011111111101111111111110, sa_flags=SA_RESTART|SA_SIGINFO
SIGXFSZ: [libjvm.so+0x917710], sa_mask[0]=11111111011111111101111111111110, sa_flags=SA_RESTART|SA_SIGINFO
SIGILL: [libjvm.so+0x917710], sa_mask[0]=11111111011111111101111111111110, sa_flags=SA_RESTART|SA_SIGINFO
SIGUSR1: SIG_DFL, sa_mask[0]=00000000000000000000000000000000, sa_flags=none
SIGUSR2: [libjvm.so+0x918d40], sa_mask[0]=00100000000000000000000000000000, sa_flags=SA_RESTART|SA_SIGINFO
SIGHUP: [libjvm.so+0x91a140], sa_mask[0]=11111111011111111101111111111110, sa_flags=SA_RESTART|SA_SIGINFO
SIGINT: [libjvm.so+0x91a140], sa_mask[0]=11111111011111111101111111111110, sa_flags=SA_RESTART|SA_SIGINFO
SIGTERM: [libjvm.so+0x91a140], sa_mask[0]=11111111011111111101111111111110, sa_flags=SA_RESTART|SA_SIGINFO
SIGQUIT: [libjvm.so+0x91a140], sa_mask[0]=11111111011111111101111111111110, sa_flags=SA_RESTART|SA_SIGINFO


---------------  S Y S T E M  ---------------

OS:CentOS Linux release 7.2.1511 (Core) 

uname:Linux 3.10.0-229.el7.x86_64 #1 SMP Fri Mar 6 11:36:42 UTC 2015 x86_64
libc:glibc 2.17 NPTL 2.17 
rlimit: STACK 8192k, CORE 0k, NPROC 256738, NOFILE 327680, AS infinity
load average:5.52 2.06 1.06

/proc/meminfo:
MemTotal:       65742872 kB
MemFree:          255332 kB
MemAvailable:    5256336 kB
Buffers:          271628 kB
Cached:          4335524 kB
SwapCached:       658472 kB
Active:         56812456 kB
Inactive:        6604148 kB
Active(anon):   54607460 kB
Inactive(anon):  4325176 kB
Active(file):    2204996 kB
Inactive(file):  2278972 kB
Unevictable:           0 kB
Mlocked:               0 kB
SwapTotal:      10485756 kB
SwapFree:         344176 kB
Dirty:              1108 kB
Writeback:             0 kB
AnonPages:      58152388 kB
Mapped:           176516 kB
Shmem:            123160 kB
Slab:            1037000 kB
SReclaimable:     854896 kB
SUnreclaim:       182104 kB
KernelStack:       52944 kB
PageTables:       188912 kB
NFS_Unstable:          0 kB
Bounce:                0 kB
WritebackTmp:          0 kB
CommitLimit:    43357192 kB
Committed_AS:   115793872 kB
VmallocTotal:   34359738367 kB
VmallocUsed:      427828 kB
VmallocChunk:   34325770748 kB
HardwareCorrupted:     0 kB
AnonHugePages:  38361088 kB
HugePages_Total:       0
HugePages_Free:        0
HugePages_Rsvd:        0
HugePages_Surp:        0
Hugepagesize:       2048 kB
DirectMap4k:      421212 kB
DirectMap2M:    53014528 kB
DirectMap1G:    15728640 kB


CPU:total 32 (8 cores per cpu, 2 threads per core) family 6 model 45 stepping 7, cmov, cx8, fxsr, mmx, sse, sse2, sse3, ssse3, sse4.1, sse4.2, popcnt, avx, aes, clmul, ht, tsc, tscinvbit, tscinv

/proc/cpuinfo:
processor	: 0
vendor_id	: GenuineIntel
cpu family	: 6
model		: 45
model name	: Intel(R) Xeon(R) CPU E5-2690 0 @ 2.90GHz
stepping	: 7
microcode	: 0x710
cpu MHz		: 1277.132
cache size	: 20480 KB
physical id	: 0
siblings	: 16
core id		: 0
cpu cores	: 8
apicid		: 0
initial apicid	: 0
fpu		: yes
fpu_exception	: yes
cpuid level	: 13
wp		: yes
flags		: fpu vme de pse tsc msr pae mce cx8 apic sep mtrr pge mca cmov pat pse36 clflush dts acpi mmx fxsr sse sse2 ss ht tm pbe syscall nx pdpe1gb rdtscp lm constant_tsc arch_perfmon pebs bts rep_good nopl xtopology nonstop_tsc aperfmperf eagerfpu pni pclmulqdq dtes64 monitor ds_cpl vmx smx est tm2 ssse3 cx16 xtpr pdcm pcid dca sse4_1 sse4_2 x2apic popcnt tsc_deadline_timer aes xsave avx lahf_lm ida arat epb xsaveopt pln pts dtherm tpr_shadow vnmi flexpriority ept vpid
bogomips	: 5785.95
clflush size	: 64
cache_alignment	: 64
address sizes	: 46 bits physical, 48 bits virtual
power management:

processor	: 1
vendor_id	: GenuineIntel
cpu family	: 6
model		: 45
model name	: Intel(R) Xeon(R) CPU E5-2690 0 @ 2.90GHz
stepping	: 7
microcode	: 0x710
cpu MHz		: 1506.640
cache size	: 20480 KB
physical id	: 0
siblings	: 16
core id		: 1
cpu cores	: 8
apicid		: 2
initial apicid	: 2
fpu		: yes
fpu_exception	: yes
cpuid level	: 13
wp		: yes
flags		: fpu vme de pse tsc msr pae mce cx8 apic sep mtrr pge mca cmov pat pse36 clflush dts acpi mmx fxsr sse sse2 ss ht tm pbe syscall nx pdpe1gb rdtscp lm constant_tsc arch_perfmon pebs bts rep_good nopl xtopology nonstop_tsc aperfmperf eagerfpu pni pclmulqdq dtes64 monitor ds_cpl vmx smx est tm2 ssse3 cx16 xtpr pdcm pcid dca sse4_1 sse4_2 x2apic popcnt tsc_deadline_timer aes xsave avx lahf_lm ida arat epb xsaveopt pln pts dtherm tpr_shadow vnmi flexpriority ept vpid
bogomips	: 5785.95
clflush size	: 64
cache_alignment	: 64
address sizes	: 46 bits physical, 48 bits virtual
power management:

processor	: 2
vendor_id	: GenuineIntel
cpu family	: 6
model		: 45
model name	: Intel(R) Xeon(R) CPU E5-2690 0 @ 2.90GHz
stepping	: 7
microcode	: 0x710
cpu MHz		: 1230.574
cache size	: 20480 KB
physical id	: 0
siblings	: 16
core id		: 2
cpu cores	: 8
apicid		: 4
initial apicid	: 4
fpu		: yes
fpu_exception	: yes
cpuid level	: 13
wp		: yes
flags		: fpu vme de pse tsc msr pae mce cx8 apic sep mtrr pge mca cmov pat pse36 clflush dts acpi mmx fxsr sse sse2 ss ht tm pbe syscall nx pdpe1gb rdtscp lm constant_tsc arch_perfmon pebs bts rep_good nopl xtopology nonstop_tsc aperfmperf eagerfpu pni pclmulqdq dtes64 monitor ds_cpl vmx smx est tm2 ssse3 cx16 xtpr pdcm pcid dca sse4_1 sse4_2 x2apic popcnt tsc_deadline_timer aes xsave avx lahf_lm ida arat epb xsaveopt pln pts dtherm tpr_shadow vnmi flexpriority ept vpid
bogomips	: 5785.95
clflush size	: 64
cache_alignment	: 64
address sizes	: 46 bits physical, 48 bits virtual
power management:

processor	: 3
vendor_id	: GenuineIntel
cpu family	: 6
model		: 45
model name	: Intel(R) Xeon(R) CPU E5-2690 0 @ 2.90GHz
stepping	: 7
microcode	: 0x710
cpu MHz		: 1602.476
cache size	: 20480 KB
physical id	: 0
siblings	: 16
core id		: 3
cpu cores	: 8
apicid		: 6
initial apicid	: 6
fpu		: yes
fpu_exception	: yes
cpuid level	: 13
wp		: yes
flags		: fpu vme de pse tsc msr pae mce cx8 apic sep mtrr pge mca cmov pat pse36 clflush dts acpi mmx fxsr sse sse2 ss ht tm pbe syscall nx pdpe1gb rdtscp lm constant_tsc arch_perfmon pebs bts rep_good nopl xtopology nonstop_tsc aperfmperf eagerfpu pni pclmulqdq dtes64 monitor ds_cpl vmx smx est tm2 ssse3 cx16 xtpr pdcm pcid dca sse4_1 sse4_2 x2apic popcnt tsc_deadline_timer aes xsave avx lahf_lm ida arat epb xsaveopt pln pts dtherm tpr_shadow vnmi flexpriority ept vpid
bogomips	: 5785.95
clflush size	: 64
cache_alignment	: 64
address sizes	: 46 bits physical, 48 bits virtual
power management:

processor	: 4
vendor_id	: GenuineIntel
cpu family	: 6
model		: 45
model name	: Intel(R) Xeon(R) CPU E5-2690 0 @ 2.90GHz
stepping	: 7
microcode	: 0x710
cpu MHz		: 1540.964
cache size	: 20480 KB
physical id	: 0
siblings	: 16
core id		: 4
cpu cores	: 8
apicid		: 8
initial apicid	: 8
fpu		: yes
fpu_exception	: yes
cpuid level	: 13
wp		: yes
flags		: fpu vme de pse tsc msr pae mce cx8 apic sep mtrr pge mca cmov pat pse36 clflush dts acpi mmx fxsr sse sse2 ss ht tm pbe syscall nx pdpe1gb rdtscp lm constant_tsc arch_perfmon pebs bts rep_good nopl xtopology nonstop_tsc aperfmperf eagerfpu pni pclmulqdq dtes64 monitor ds_cpl vmx smx est tm2 ssse3 cx16 xtpr pdcm pcid dca sse4_1 sse4_2 x2apic popcnt tsc_deadline_timer aes xsave avx lahf_lm ida arat epb xsaveopt pln pts dtherm tpr_shadow vnmi flexpriority ept vpid
bogomips	: 5785.95
clflush size	: 64
cache_alignment	: 64
address sizes	: 46 bits physical, 48 bits virtual
power management:

processor	: 5
vendor_id	: GenuineIntel
cpu family	: 6
model		: 45
model name	: Intel(R) Xeon(R) CPU E5-2690 0 @ 2.90GHz
stepping	: 7
microcode	: 0x710
cpu MHz		: 1230.687
cache size	: 20480 KB
physical id	: 0
siblings	: 16
core id		: 5
cpu cores	: 8
apicid		: 10
initial apicid	: 10
fpu		: yes
fpu_exception	: yes
cpuid level	: 13
wp		: yes
flags		: fpu vme de pse tsc msr pae mce cx8 apic sep mtrr pge mca cmov pat pse36 clflush dts acpi mmx fxsr sse sse2 ss ht tm pbe syscall nx pdpe1gb rdtscp lm constant_tsc arch_perfmon pebs bts rep_good nopl xtopology nonstop_tsc aperfmperf eagerfpu pni pclmulqdq dtes64 monitor ds_cpl vmx smx est tm2 ssse3 cx16 xtpr pdcm pcid dca sse4_1 sse4_2 x2apic popcnt tsc_deadline_timer aes xsave avx lahf_lm ida arat epb xsaveopt pln pts dtherm tpr_shadow vnmi flexpriority ept vpid
bogomips	: 5785.95
clflush size	: 64
cache_alignment	: 64
address sizes	: 46 bits physical, 48 bits virtual
power management:

processor	: 6
vendor_id	: GenuineIntel
cpu family	: 6
model		: 45
model name	: Intel(R) Xeon(R) CPU E5-2690 0 @ 2.90GHz
stepping	: 7
microcode	: 0x710
cpu MHz		: 1310.664
cache size	: 20480 KB
physical id	: 0
siblings	: 16
core id		: 6
cpu cores	: 8
apicid		: 12
initial apicid	: 12
fpu		: yes
fpu_exception	: yes
cpuid level	: 13
wp		: yes
flags		: fpu vme de pse tsc msr pae mce cx8 apic sep mtrr pge mca cmov pat pse36 clflush dts acpi mmx fxsr sse sse2 ss ht tm pbe syscall nx pdpe1gb rdtscp lm constant_tsc arch_perfmon pebs bts rep_good nopl xtopology nonstop_tsc aperfmperf eagerfpu pni pclmulqdq dtes64 monitor ds_cpl vmx smx est tm2 ssse3 cx16 xtpr pdcm pcid dca sse4_1 sse4_2 x2apic popcnt tsc_deadline_timer aes xsave avx lahf_lm ida arat epb xsaveopt pln pts dtherm tpr_shadow vnmi flexpriority ept vpid
bogomips	: 5785.95
clflush size	: 64
cache_alignment	: 64
address sizes	: 46 bits physical, 48 bits virtual
power management:

processor	: 7
vendor_id	: GenuineIntel
cpu family	: 6
model		: 45
model name	: Intel(R) Xeon(R) CPU E5-2690 0 @ 2.90GHz
stepping	: 7
microcode	: 0x710
cpu MHz		: 1422.359
cache size	: 20480 KB
physical id	: 0
siblings	: 16
core id		: 7
cpu cores	: 8
apicid		: 14
initial apicid	: 14
fpu		: yes
fpu_exception	: yes
cpuid level	: 13
wp		: yes
flags		: fpu vme de pse tsc msr pae mce cx8 apic sep mtrr pge mca cmov pat pse36 clflush dts acpi mmx fxsr sse sse2 ss ht tm pbe syscall nx pdpe1gb rdtscp lm constant_tsc arch_perfmon pebs bts rep_good nopl xtopology nonstop_tsc aperfmperf eagerfpu pni pclmulqdq dtes64 monitor ds_cpl vmx smx est tm2 ssse3 cx16 xtpr pdcm pcid dca sse4_1 sse4_2 x2apic popcnt tsc_deadline_timer aes xsave avx lahf_lm ida arat epb xsaveopt pln pts dtherm tpr_shadow vnmi flexpriority ept vpid
bogomips	: 5785.95
clflush size	: 64
cache_alignment	: 64
address sizes	: 46 bits physical, 48 bits virtual
power management:

processor	: 8
vendor_id	: GenuineIntel
cpu family	: 6
model		: 45
model name	: Intel(R) Xeon(R) CPU E5-2690 0 @ 2.90GHz
stepping	: 7
microcode	: 0x710
cpu MHz		: 3350.066
cache size	: 20480 KB
physical id	: 1
siblings	: 16
core id		: 0
cpu cores	: 8
apicid		: 32
initial apicid	: 32
fpu		: yes
fpu_exception	: yes
cpuid level	: 13
wp		: yes
flags		: fpu vme de pse tsc msr pae mce cx8 apic sep mtrr pge mca cmov pat pse36 clflush dts acpi mmx fxsr sse sse2 ss ht tm pbe syscall nx pdpe1gb rdtscp lm constant_tsc arch_perfmon pebs bts rep_good nopl xtopology nonstop_tsc aperfmperf eagerfpu pni pclmulqdq dtes64 monitor ds_cpl vmx smx est tm2 ssse3 cx16 xtpr pdcm pcid dca sse4_1 sse4_2 x2apic popcnt tsc_deadline_timer aes xsave avx lahf_lm ida arat epb xsaveopt pln pts dtherm tpr_shadow vnmi flexpriority ept vpid
bogomips	: 5790.59
clflush size	: 64
cache_alignment	: 64
address sizes	: 46 bits physical, 48 bits virtual
power management:

processor	: 9
vendor_id	: GenuineIntel
cpu family	: 6
model		: 45
model name	: Intel(R) Xeon(R) CPU E5-2690 0 @ 2.90GHz
stepping	: 7
microcode	: 0x710
cpu MHz		: 3344.515
cache size	: 20480 KB
physical id	: 1
siblings	: 16
core id		: 1
cpu cores	: 8
apicid		: 34
initial apicid	: 34
fpu		: yes
fpu_exception	: yes
cpuid level	: 13
wp		: yes
flags		: fpu vme de pse tsc msr pae mce cx8 apic sep mtrr pge mca cmov pat pse36 clflush dts acpi mmx fxsr sse sse2 ss ht tm pbe syscall nx pdpe1gb rdtscp lm constant_tsc arch_perfmon pebs bts rep_good nopl xtopology nonstop_tsc aperfmperf eagerfpu pni pclmulqdq dtes64 monitor ds_cpl vmx smx est tm2 ssse3 cx16 xtpr pdcm pcid dca sse4_1 sse4_2 x2apic popcnt tsc_deadline_timer aes xsave avx lahf_lm ida arat epb xsaveopt pln pts dtherm tpr_shadow vnmi flexpriority ept vpid
bogomips	: 5790.59
clflush size	: 64
cache_alignment	: 64
address sizes	: 46 bits physical, 48 bits virtual
power management:

processor	: 10
vendor_id	: GenuineIntel
cpu family	: 6
model		: 45
model name	: Intel(R) Xeon(R) CPU E5-2690 0 @ 2.90GHz
stepping	: 7
microcode	: 0x710
cpu MHz		: 3277.906
cache size	: 20480 KB
physical id	: 1
siblings	: 16
core id		: 2
cpu cores	: 8
apicid		: 36
initial apicid	: 36
fpu		: yes
fpu_exception	: yes
cpuid level	: 13
wp		: yes
flags		: fpu vme de pse tsc msr pae mce cx8 apic sep mtrr pge mca cmov pat pse36 clflush dts acpi mmx fxsr sse sse2 ss ht tm pbe syscall nx pdpe1gb rdtscp lm constant_tsc arch_perfmon pebs bts rep_good nopl xtopology nonstop_tsc aperfmperf eagerfpu pni pclmulqdq dtes64 monitor ds_cpl vmx smx est tm2 ssse3 cx16 xtpr pdcm pcid dca sse4_1 sse4_2 x2apic popcnt tsc_deadline_timer aes xsave avx lahf_lm ida arat epb xsaveopt pln pts dtherm tpr_shadow vnmi flexpriority ept vpid
bogomips	: 5790.59
clflush size	: 64
cache_alignment	: 64
address sizes	: 46 bits physical, 48 bits virtual
power management:

processor	: 11
vendor_id	: GenuineIntel
cpu family	: 6
model		: 45
model name	: Intel(R) Xeon(R) CPU E5-2690 0 @ 2.90GHz
stepping	: 7
microcode	: 0x710
cpu MHz		: 3345.761
cache size	: 20480 KB
physical id	: 1
siblings	: 16
core id		: 3
cpu cores	: 8
apicid		: 38
initial apicid	: 38
fpu		: yes
fpu_exception	: yes
cpuid level	: 13
wp		: yes
flags		: fpu vme de pse tsc msr pae mce cx8 apic sep mtrr pge mca cmov pat pse36 clflush dts acpi mmx fxsr sse sse2 ss ht tm pbe syscall nx pdpe1gb rdtscp lm constant_tsc arch_perfmon pebs bts rep_good nopl xtopology nonstop_tsc aperfmperf eagerfpu pni pclmulqdq dtes64 monitor ds_cpl vmx smx est tm2 ssse3 cx16 xtpr pdcm pcid dca sse4_1 sse4_2 x2apic popcnt tsc_deadline_timer aes xsave avx lahf_lm ida arat epb xsaveopt pln pts dtherm tpr_shadow vnmi flexpriority ept vpid
bogomips	: 5790.59
clflush size	: 64
cache_alignment	: 64
address sizes	: 46 bits physical, 48 bits virtual
power management:

processor	: 12
vendor_id	: GenuineIntel
cpu family	: 6
model		: 45
model name	: Intel(R) Xeon(R) CPU E5-2690 0 @ 2.90GHz
stepping	: 7
microcode	: 0x710
cpu MHz		: 3287.421
cache size	: 20480 KB
physical id	: 1
siblings	: 16
core id		: 4
cpu cores	: 8
apicid		: 40
initial apicid	: 40
fpu		: yes
fpu_exception	: yes
cpuid level	: 13
wp		: yes
flags		: fpu vme de pse tsc msr pae mce cx8 apic sep mtrr pge mca cmov pat pse36 clflush dts acpi mmx fxsr sse sse2 ss ht tm pbe syscall nx pdpe1gb rdtscp lm constant_tsc arch_perfmon pebs bts rep_good nopl xtopology nonstop_tsc aperfmperf eagerfpu pni pclmulqdq dtes64 monitor ds_cpl vmx smx est tm2 ssse3 cx16 xtpr pdcm pcid dca sse4_1 sse4_2 x2apic popcnt tsc_deadline_timer aes xsave avx lahf_lm ida arat epb xsaveopt pln pts dtherm tpr_shadow vnmi flexpriority ept vpid
bogomips	: 5790.59
clflush size	: 64
cache_alignment	: 64
address sizes	: 46 bits physical, 48 bits virtual
power management:

processor	: 13
vendor_id	: GenuineIntel
cpu family	: 6
model		: 45
model name	: Intel(R) Xeon(R) CPU E5-2690 0 @ 2.90GHz
stepping	: 7
microcode	: 0x710
cpu MHz		: 3582.519
cache size	: 20480 KB
physical id	: 1
siblings	: 16
core id		: 5
cpu cores	: 8
apicid		: 42
initial apicid	: 42
fpu		: yes
fpu_exception	: yes
cpuid level	: 13
wp		: yes
flags		: fpu vme de pse tsc msr pae mce cx8 apic sep mtrr pge mca cmov pat pse36 clflush dts acpi mmx fxsr sse sse2 ss ht tm pbe syscall nx pdpe1gb rdtscp lm constant_tsc arch_perfmon pebs bts rep_good nopl xtopology nonstop_tsc aperfmperf eagerfpu pni pclmulqdq dtes64 monitor ds_cpl vmx smx est tm2 ssse3 cx16 xtpr pdcm pcid dca sse4_1 sse4_2 x2apic popcnt tsc_deadline_timer aes xsave avx lahf_lm ida arat epb xsaveopt pln pts dtherm tpr_shadow vnmi flexpriority ept vpid
bogomips	: 5790.59
clflush size	: 64
cache_alignment	: 64
address sizes	: 46 bits physical, 48 bits virtual
power management:

processor	: 14
vendor_id	: GenuineIntel
cpu family	: 6
model		: 45
model name	: Intel(R) Xeon(R) CPU E5-2690 0 @ 2.90GHz
stepping	: 7
microcode	: 0x710
cpu MHz		: 3364.566
cache size	: 20480 KB
physical id	: 1
siblings	: 16
core id		: 6
cpu cores	: 8
apicid		: 44
initial apicid	: 44
fpu		: yes
fpu_exception	: yes
cpuid level	: 13
wp		: yes
flags		: fpu vme de pse tsc msr pae mce cx8 apic sep mtrr pge mca cmov pat pse36 clflush dts acpi mmx fxsr sse sse2 ss ht tm pbe syscall nx pdpe1gb rdtscp lm constant_tsc arch_perfmon pebs bts rep_good nopl xtopology nonstop_tsc aperfmperf eagerfpu pni pclmulqdq dtes64 monitor ds_cpl vmx smx est tm2 ssse3 cx16 xtpr pdcm pcid dca sse4_1 sse4_2 x2apic popcnt tsc_deadline_timer aes xsave avx lahf_lm ida arat epb xsaveopt pln pts dtherm tpr_shadow vnmi flexpriority ept vpid
bogomips	: 5790.59
clflush size	: 64
cache_alignment	: 64
address sizes	: 46 bits physical, 48 bits virtual
power management:

processor	: 15
vendor_id	: GenuineIntel
cpu family	: 6
model		: 45
model name	: Intel(R) Xeon(R) CPU E5-2690 0 @ 2.90GHz
stepping	: 7
microcode	: 0x710
cpu MHz		: 3589.996
cache size	: 20480 KB
physical id	: 1
siblings	: 16
core id		: 7
cpu cores	: 8
apicid		: 46
initial apicid	: 46
fpu		: yes
fpu_exception	: yes
cpuid level	: 13
wp		: yes
flags		: fpu vme de pse tsc msr pae mce cx8 apic sep mtrr pge mca cmov pat pse36 clflush dts acpi mmx fxsr sse sse2 ss ht tm pbe syscall nx pdpe1gb rdtscp lm constant_tsc arch_perfmon pebs bts rep_good nopl xtopology nonstop_tsc aperfmperf eagerfpu pni pclmulqdq dtes64 monitor ds_cpl vmx smx est tm2 ssse3 cx16 xtpr pdcm pcid dca sse4_1 sse4_2 x2apic popcnt tsc_deadline_timer aes xsave avx lahf_lm ida arat epb xsaveopt pln pts dtherm tpr_shadow vnmi flexpriority ept vpid
bogomips	: 5790.59
clflush size	: 64
cache_alignment	: 64
address sizes	: 46 bits physical, 48 bits virtual
power management:

processor	: 16
vendor_id	: GenuineIntel
cpu family	: 6
model		: 45
model name	: Intel(R) Xeon(R) CPU E5-2690 0 @ 2.90GHz
stepping	: 7
microcode	: 0x710
cpu MHz		: 3299.996
cache size	: 20480 KB
physical id	: 0
siblings	: 16
core id		: 0
cpu cores	: 8
apicid		: 1
initial apicid	: 1
fpu		: yes
fpu_exception	: yes
cpuid level	: 13
wp		: yes
flags		: fpu vme de pse tsc msr pae mce cx8 apic sep mtrr pge mca cmov pat pse36 clflush dts acpi mmx fxsr sse sse2 ss ht tm pbe syscall nx pdpe1gb rdtscp lm constant_tsc arch_perfmon pebs bts rep_good nopl xtopology nonstop_tsc aperfmperf eagerfpu pni pclmulqdq dtes64 monitor ds_cpl vmx smx est tm2 ssse3 cx16 xtpr pdcm pcid dca sse4_1 sse4_2 x2apic popcnt tsc_deadline_timer aes xsave avx lahf_lm ida arat epb xsaveopt pln pts dtherm tpr_shadow vnmi flexpriority ept vpid
bogomips	: 5785.95
clflush size	: 64
cache_alignment	: 64
address sizes	: 46 bits physical, 48 bits virtual
power management:

processor	: 17
vendor_id	: GenuineIntel
cpu family	: 6
model		: 45
model name	: Intel(R) Xeon(R) CPU E5-2690 0 @ 2.90GHz
stepping	: 7
microcode	: 0x710
cpu MHz		: 1659.570
cache size	: 20480 KB
physical id	: 0
siblings	: 16
core id		: 1
cpu cores	: 8
apicid		: 3
initial apicid	: 3
fpu		: yes
fpu_exception	: yes
cpuid level	: 13
wp		: yes
flags		: fpu vme de pse tsc msr pae mce cx8 apic sep mtrr pge mca cmov pat pse36 clflush dts acpi mmx fxsr sse sse2 ss ht tm pbe syscall nx pdpe1gb rdtscp lm constant_tsc arch_perfmon pebs bts rep_good nopl xtopology nonstop_tsc aperfmperf eagerfpu pni pclmulqdq dtes64 monitor ds_cpl vmx smx est tm2 ssse3 cx16 xtpr pdcm pcid dca sse4_1 sse4_2 x2apic popcnt tsc_deadline_timer aes xsave avx lahf_lm ida arat epb xsaveopt pln pts dtherm tpr_shadow vnmi flexpriority ept vpid
bogomips	: 5785.95
clflush size	: 64
cache_alignment	: 64
address sizes	: 46 bits physical, 48 bits virtual
power management:

processor	: 18
vendor_id	: GenuineIntel
cpu family	: 6
model		: 45
model name	: Intel(R) Xeon(R) CPU E5-2690 0 @ 2.90GHz
stepping	: 7
microcode	: 0x710
cpu MHz		: 2056.167
cache size	: 20480 KB
physical id	: 0
siblings	: 16
core id		: 2
cpu cores	: 8
apicid		: 5
initial apicid	: 5
fpu		: yes
fpu_exception	: yes
cpuid level	: 13
wp		: yes
flags		: fpu vme de pse tsc msr pae mce cx8 apic sep mtrr pge mca cmov pat pse36 clflush dts acpi mmx fxsr sse sse2 ss ht tm pbe syscall nx pdpe1gb rdtscp lm constant_tsc arch_perfmon pebs bts rep_good nopl xtopology nonstop_tsc aperfmperf eagerfpu pni pclmulqdq dtes64 monitor ds_cpl vmx smx est tm2 ssse3 cx16 xtpr pdcm pcid dca sse4_1 sse4_2 x2apic popcnt tsc_deadline_timer aes xsave avx lahf_lm ida arat epb xsaveopt pln pts dtherm tpr_shadow vnmi flexpriority ept vpid
bogomips	: 5785.95
clflush size	: 64
cache_alignment	: 64
address sizes	: 46 bits physical, 48 bits virtual
power management:

processor	: 19
vendor_id	: GenuineIntel
cpu family	: 6
model		: 45
model name	: Intel(R) Xeon(R) CPU E5-2690 0 @ 2.90GHz
stepping	: 7
microcode	: 0x710
cpu MHz		: 1348.726
cache size	: 20480 KB
physical id	: 0
siblings	: 16
core id		: 3
cpu cores	: 8
apicid		: 7
initial apicid	: 7
fpu		: yes
fpu_exception	: yes
cpuid level	: 13
wp		: yes
flags		: fpu vme de pse tsc msr pae mce cx8 apic sep mtrr pge mca cmov pat pse36 clflush dts acpi mmx fxsr sse sse2 ss ht tm pbe syscall nx pdpe1gb rdtscp lm constant_tsc arch_perfmon pebs bts rep_good nopl xtopology nonstop_tsc aperfmperf eagerfpu pni pclmulqdq dtes64 monitor ds_cpl vmx smx est tm2 ssse3 cx16 xtpr pdcm pcid dca sse4_1 sse4_2 x2apic popcnt tsc_deadline_timer aes xsave avx lahf_lm ida arat epb xsaveopt pln pts dtherm tpr_shadow vnmi flexpriority ept vpid
bogomips	: 5785.95
clflush size	: 64
cache_alignment	: 64
address sizes	: 46 bits physical, 48 bits virtual
power management:

processor	: 20
vendor_id	: GenuineIntel
cpu family	: 6
model		: 45
model name	: Intel(R) Xeon(R) CPU E5-2690 0 @ 2.90GHz
stepping	: 7
microcode	: 0x710
cpu MHz		: 1501.316
cache size	: 20480 KB
physical id	: 0
siblings	: 16
core id		: 4
cpu cores	: 8
apicid		: 9
initial apicid	: 9
fpu		: yes
fpu_exception	: yes
cpuid level	: 13
wp		: yes
flags		: fpu vme de pse tsc msr pae mce cx8 apic sep mtrr pge mca cmov pat pse36 clflush dts acpi mmx fxsr sse sse2 ss ht tm pbe syscall nx pdpe1gb rdtscp lm constant_tsc arch_perfmon pebs bts rep_good nopl xtopology nonstop_tsc aperfmperf eagerfpu pni pclmulqdq dtes64 monitor ds_cpl vmx smx est tm2 ssse3 cx16 xtpr pdcm pcid dca sse4_1 sse4_2 x2apic popcnt tsc_deadline_timer aes xsave avx lahf_lm ida arat epb xsaveopt pln pts dtherm tpr_shadow vnmi flexpriority ept vpid
bogomips	: 5785.95
clflush size	: 64
cache_alignment	: 64
address sizes	: 46 bits physical, 48 bits virtual
power management:

processor	: 21
vendor_id	: GenuineIntel
cpu family	: 6
model		: 45
model name	: Intel(R) Xeon(R) CPU E5-2690 0 @ 2.90GHz
stepping	: 7
microcode	: 0x710
cpu MHz		: 2105.785
cache size	: 20480 KB
physical id	: 0
siblings	: 16
core id		: 5
cpu cores	: 8
apicid		: 11
initial apicid	: 11
fpu		: yes
fpu_exception	: yes
cpuid level	: 13
wp		: yes
flags		: fpu vme de pse tsc msr pae mce cx8 apic sep mtrr pge mca cmov pat pse36 clflush dts acpi mmx fxsr sse sse2 ss ht tm pbe syscall nx pdpe1gb rdtscp lm constant_tsc arch_perfmon pebs bts rep_good nopl xtopology nonstop_tsc aperfmperf eagerfpu pni pclmulqdq dtes64 monitor ds_cpl vmx smx est tm2 ssse3 cx16 xtpr pdcm pcid dca sse4_1 sse4_2 x2apic popcnt tsc_deadline_timer aes xsave avx lahf_lm ida arat epb xsaveopt pln pts dtherm tpr_shadow vnmi flexpriority ept vpid
bogomips	: 5785.95
clflush size	: 64
cache_alignment	: 64
address sizes	: 46 bits physical, 48 bits virtual
power management:

processor	: 22
vendor_id	: GenuineIntel
cpu family	: 6
model		: 45
model name	: Intel(R) Xeon(R) CPU E5-2690 0 @ 2.90GHz
stepping	: 7
microcode	: 0x710
cpu MHz		: 1528.843
cache size	: 20480 KB
physical id	: 0
siblings	: 16
core id		: 6
cpu cores	: 8
apicid		: 13
initial apicid	: 13
fpu		: yes
fpu_exception	: yes
cpuid level	: 13
wp		: yes
flags		: fpu vme de pse tsc msr pae mce cx8 apic sep mtrr pge mca cmov pat pse36 clflush dts acpi mmx fxsr sse sse2 ss ht tm pbe syscall nx pdpe1gb rdtscp lm constant_tsc arch_perfmon pebs bts rep_good nopl xtopology nonstop_tsc aperfmperf eagerfpu pni pclmulqdq dtes64 monitor ds_cpl vmx smx est tm2 ssse3 cx16 xtpr pdcm pcid dca sse4_1 sse4_2 x2apic popcnt tsc_deadline_timer aes xsave avx lahf_lm ida arat epb xsaveopt pln pts dtherm tpr_shadow vnmi flexpriority ept vpid
bogomips	: 5785.95
clflush size	: 64
cache_alignment	: 64
address sizes	: 46 bits physical, 48 bits virtual
power management:

processor	: 23
vendor_id	: GenuineIntel
cpu family	: 6
model		: 45
model name	: Intel(R) Xeon(R) CPU E5-2690 0 @ 2.90GHz
stepping	: 7
microcode	: 0x710
cpu MHz		: 1292.199
cache size	: 20480 KB
physical id	: 0
siblings	: 16
core id		: 7
cpu cores	: 8
apicid		: 15
initial apicid	: 15
fpu		: yes
fpu_exception	: yes
cpuid level	: 13
wp		: yes
flags		: fpu vme de pse tsc msr pae mce cx8 apic sep mtrr pge mca cmov pat pse36 clflush dts acpi mmx fxsr sse sse2 ss ht tm pbe syscall nx pdpe1gb rdtscp lm constant_tsc arch_perfmon pebs bts rep_good nopl xtopology nonstop_tsc aperfmperf eagerfpu pni pclmulqdq dtes64 monitor ds_cpl vmx smx est tm2 ssse3 cx16 xtpr pdcm pcid dca sse4_1 sse4_2 x2apic popcnt tsc_deadline_timer aes xsave avx lahf_lm ida arat epb xsaveopt pln pts dtherm tpr_shadow vnmi flexpriority ept vpid
bogomips	: 5785.95
clflush size	: 64
cache_alignment	: 64
address sizes	: 46 bits physical, 48 bits virtual
power management:

processor	: 24
vendor_id	: GenuineIntel
cpu family	: 6
model		: 45
model name	: Intel(R) Xeon(R) CPU E5-2690 0 @ 2.90GHz
stepping	: 7
microcode	: 0x710
cpu MHz		: 3301.355
cache size	: 20480 KB
physical id	: 1
siblings	: 16
core id		: 0
cpu cores	: 8
apicid		: 33
initial apicid	: 33
fpu		: yes
fpu_exception	: yes
cpuid level	: 13
wp		: yes
flags		: fpu vme de pse tsc msr pae mce cx8 apic sep mtrr pge mca cmov pat pse36 clflush dts acpi mmx fxsr sse sse2 ss ht tm pbe syscall nx pdpe1gb rdtscp lm constant_tsc arch_perfmon pebs bts rep_good nopl xtopology nonstop_tsc aperfmperf eagerfpu pni pclmulqdq dtes64 monitor ds_cpl vmx smx est tm2 ssse3 cx16 xtpr pdcm pcid dca sse4_1 sse4_2 x2apic popcnt tsc_deadline_timer aes xsave avx lahf_lm ida arat epb xsaveopt pln pts dtherm tpr_shadow vnmi flexpriority ept vpid
bogomips	: 5790.59
clflush size	: 64
cache_alignment	: 64
address sizes	: 46 bits physical, 48 bits virtual
power management:

processor	: 25
vendor_id	: GenuineIntel
cpu family	: 6
model		: 45
model name	: Intel(R) Xeon(R) CPU E5-2690 0 @ 2.90GHz
stepping	: 7
microcode	: 0x710
cpu MHz		: 3299.996
cache size	: 20480 KB
physical id	: 1
siblings	: 16
core id		: 1
cpu cores	: 8
apicid		: 35
initial apicid	: 35
fpu		: yes
fpu_exception	: yes
cpuid level	: 13
wp		: yes
flags		: fpu vme de pse tsc msr pae mce cx8 apic sep mtrr pge mca cmov pat pse36 clflush dts acpi mmx fxsr sse sse2 ss ht tm pbe syscall nx pdpe1gb rdtscp lm constant_tsc arch_perfmon pebs bts rep_good nopl xtopology nonstop_tsc aperfmperf eagerfpu pni pclmulqdq dtes64 monitor ds_cpl vmx smx est tm2 ssse3 cx16 xtpr pdcm pcid dca sse4_1 sse4_2 x2apic popcnt tsc_deadline_timer aes xsave avx lahf_lm ida arat epb xsaveopt pln pts dtherm tpr_shadow vnmi flexpriority ept vpid
bogomips	: 5790.59
clflush size	: 64
cache_alignment	: 64
address sizes	: 46 bits physical, 48 bits virtual
power management:

processor	: 26
vendor_id	: GenuineIntel
cpu family	: 6
model		: 45
model name	: Intel(R) Xeon(R) CPU E5-2690 0 @ 2.90GHz
stepping	: 7
microcode	: 0x710
cpu MHz		: 3443.070
cache size	: 20480 KB
physical id	: 1
siblings	: 16
core id		: 2
cpu cores	: 8
apicid		: 37
initial apicid	: 37
fpu		: yes
fpu_exception	: yes
cpuid level	: 13
wp		: yes
flags		: fpu vme de pse tsc msr pae mce cx8 apic sep mtrr pge mca cmov pat pse36 clflush dts acpi mmx fxsr sse sse2 ss ht tm pbe syscall nx pdpe1gb rdtscp lm constant_tsc arch_perfmon pebs bts rep_good nopl xtopology nonstop_tsc aperfmperf eagerfpu pni pclmulqdq dtes64 monitor ds_cpl vmx smx est tm2 ssse3 cx16 xtpr pdcm pcid dca sse4_1 sse4_2 x2apic popcnt tsc_deadline_timer aes xsave avx lahf_lm ida arat epb xsaveopt pln pts dtherm tpr_shadow vnmi flexpriority ept vpid
bogomips	: 5790.59
clflush size	: 64
cache_alignment	: 64
address sizes	: 46 bits physical, 48 bits virtual
power management:

processor	: 27
vendor_id	: GenuineIntel
cpu family	: 6
model		: 45
model name	: Intel(R) Xeon(R) CPU E5-2690 0 @ 2.90GHz
stepping	: 7
microcode	: 0x710
cpu MHz		: 3299.996
cache size	: 20480 KB
physical id	: 1
siblings	: 16
core id		: 3
cpu cores	: 8
apicid		: 39
initial apicid	: 39
fpu		: yes
fpu_exception	: yes
cpuid level	: 13
wp		: yes
flags		: fpu vme de pse tsc msr pae mce cx8 apic sep mtrr pge mca cmov pat pse36 clflush dts acpi mmx fxsr sse sse2 ss ht tm pbe syscall nx pdpe1gb rdtscp lm constant_tsc arch_perfmon pebs bts rep_good nopl xtopology nonstop_tsc aperfmperf eagerfpu pni pclmulqdq dtes64 monitor ds_cpl vmx smx est tm2 ssse3 cx16 xtpr pdcm pcid dca sse4_1 sse4_2 x2apic popcnt tsc_deadline_timer aes xsave avx lahf_lm ida arat epb xsaveopt pln pts dtherm tpr_shadow vnmi flexpriority ept vpid
bogomips	: 5790.59
clflush size	: 64
cache_alignment	: 64
address sizes	: 46 bits physical, 48 bits virtual
power management:

processor	: 28
vendor_id	: GenuineIntel
cpu family	: 6
model		: 45
model name	: Intel(R) Xeon(R) CPU E5-2690 0 @ 2.90GHz
stepping	: 7
microcode	: 0x710
cpu MHz		: 3299.996
cache size	: 20480 KB
physical id	: 1
siblings	: 16
core id		: 4
cpu cores	: 8
apicid		: 41
initial apicid	: 41
fpu		: yes
fpu_exception	: yes
cpuid level	: 13
wp		: yes
flags		: fpu vme de pse tsc msr pae mce cx8 apic sep mtrr pge mca cmov pat pse36 clflush dts acpi mmx fxsr sse sse2 ss ht tm pbe syscall nx pdpe1gb rdtscp lm constant_tsc arch_perfmon pebs bts rep_good nopl xtopology nonstop_tsc aperfmperf eagerfpu pni pclmulqdq dtes64 monitor ds_cpl vmx smx est tm2 ssse3 cx16 xtpr pdcm pcid dca sse4_1 sse4_2 x2apic popcnt tsc_deadline_timer aes xsave avx lahf_lm ida arat epb xsaveopt pln pts dtherm tpr_shadow vnmi flexpriority ept vpid
bogomips	: 5790.59
clflush size	: 64
cache_alignment	: 64
address sizes	: 46 bits physical, 48 bits virtual
power management:

processor	: 29
vendor_id	: GenuineIntel
cpu family	: 6
model		: 45
model name	: Intel(R) Xeon(R) CPU E5-2690 0 @ 2.90GHz
stepping	: 7
microcode	: 0x710
cpu MHz		: 3599.964
cache size	: 20480 KB
physical id	: 1
siblings	: 16
core id		: 5
cpu cores	: 8
apicid		: 43
initial apicid	: 43
fpu		: yes
fpu_exception	: yes
cpuid level	: 13
wp		: yes
flags		: fpu vme de pse tsc msr pae mce cx8 apic sep mtrr pge mca cmov pat pse36 clflush dts acpi mmx fxsr sse sse2 ss ht tm pbe syscall nx pdpe1gb rdtscp lm constant_tsc arch_perfmon pebs bts rep_good nopl xtopology nonstop_tsc aperfmperf eagerfpu pni pclmulqdq dtes64 monitor ds_cpl vmx smx est tm2 ssse3 cx16 xtpr pdcm pcid dca sse4_1 sse4_2 x2apic popcnt tsc_deadline_timer aes xsave avx lahf_lm ida arat epb xsaveopt pln pts dtherm tpr_shadow vnmi flexpriority ept vpid
bogomips	: 5790.59
clflush size	: 64
cache_alignment	: 64
address sizes	: 46 bits physical, 48 bits virtual
power management:

processor	: 30
vendor_id	: GenuineIntel
cpu family	: 6
model		: 45
model name	: Intel(R) Xeon(R) CPU E5-2690 0 @ 2.90GHz
stepping	: 7
microcode	: 0x710
cpu MHz		: 3464.593
cache size	: 20480 KB
physical id	: 1
siblings	: 16
core id		: 6
cpu cores	: 8
apicid		: 45
initial apicid	: 45
fpu		: yes
fpu_exception	: yes
cpuid level	: 13
wp		: yes
flags		: fpu vme de pse tsc msr pae mce cx8 apic sep mtrr pge mca cmov pat pse36 clflush dts acpi mmx fxsr sse sse2 ss ht tm pbe syscall nx pdpe1gb rdtscp lm constant_tsc arch_perfmon pebs bts rep_good nopl xtopology nonstop_tsc aperfmperf eagerfpu pni pclmulqdq dtes64 monitor ds_cpl vmx smx est tm2 ssse3 cx16 xtpr pdcm pcid dca sse4_1 sse4_2 x2apic popcnt tsc_deadline_timer aes xsave avx lahf_lm ida arat epb xsaveopt pln pts dtherm tpr_shadow vnmi flexpriority ept vpid
bogomips	: 5790.59
clflush size	: 64
cache_alignment	: 64
address sizes	: 46 bits physical, 48 bits virtual
power management:

processor	: 31
vendor_id	: GenuineIntel
cpu family	: 6
model		: 45
model name	: Intel(R) Xeon(R) CPU E5-2690 0 @ 2.90GHz
stepping	: 7
microcode	: 0x710
cpu MHz		: 3299.996
cache size	: 20480 KB
physical id	: 1
siblings	: 16
core id		: 7
cpu cores	: 8
apicid		: 47
initial apicid	: 47
fpu		: yes
fpu_exception	: yes
cpuid level	: 13
wp		: yes
flags		: fpu vme de pse tsc msr pae mce cx8 apic sep mtrr pge mca cmov pat pse36 clflush dts acpi mmx fxsr sse sse2 ss ht tm pbe syscall nx pdpe1gb rdtscp lm constant_tsc arch_perfmon pebs bts rep_good nopl xtopology nonstop_tsc aperfmperf eagerfpu pni pclmulqdq dtes64 monitor ds_cpl vmx smx est tm2 ssse3 cx16 xtpr pdcm pcid dca sse4_1 sse4_2 x2apic popcnt tsc_deadline_timer aes xsave avx lahf_lm ida arat epb xsaveopt pln pts dtherm tpr_shadow vnmi flexpriority ept vpid
bogomips	: 5790.59
clflush size	: 64
cache_alignment	: 64
address sizes	: 46 bits physical, 48 bits virtual
power management:



Memory: 4k page, physical 65742872k(254836k free), swap 10485756k(344176k free)

vm_info: Java HotSpot(TM) 64-Bit Server VM (25.66-b17) for linux-amd64 JRE (1.8.0_66-b17), built on Oct  6 2015 17:28:34 by "java_re" with gcc 4.3.0 20080428 (Red Hat 4.3.0-8)

time: Tue Oct 11 15:44:05 2016
elapsed time: 86 seconds (0d 0h 1m 26s)

