#
# There is insufficient memory for the Java Runtime Environment to continue.
# Native memory allocation (mmap) failed to map 8621916160 bytes for committing reserved memory.
# Possible reasons:
#   The system is out of physical RAM or swap space
#   In 32 bit mode, the process size limit was hit
# Possible solutions:
#   Reduce memory load on the system
#   Increase physical memory or swap space
#   Check if swap backing store is full
#   Use 64 bit Java on a 64 bit OS
#   Decrease Java heap size (-Xmx/-Xms)
#   Decrease number of Java threads
#   Decrease Java thread stack sizes (-Xss)
#   Set larger code cache with -XX:ReservedCodeCacheSize=
# This output file may be truncated or incomplete.
#
#  Out of Memory Error (os_linux.cpp:2627), pid=201631, tid=140332944541440
#
# JRE version: Java(TM) SE Runtime Environment (8.0_66-b17) (build 1.8.0_66-b17)
# Java VM: Java HotSpot(TM) 64-Bit Server VM (25.66-b17 mixed mode linux-amd64 )
# Failed to write core dump. Core dumps have been disabled. To enable core dumping, try "ulimit -c unlimited" before starting Java again
#

---------------  T H R E A D  ---------------

Current thread (0x00007fae7409f800):  VMThread [stack: 0x00007fa1cf3f4000,0x00007fa1cf4f5000] [id=201696]

Stack: [0x00007fa1cf3f4000,0x00007fa1cf4f5000],  sp=0x00007fa1cf4f3360,  free space=1020k
Native frames: (J=compiled Java code, j=interpreted, Vv=VM code, C=native code)
V  [libjvm.so+0xab9a1a]  VMError::report_and_die()+0x2ba
V  [libjvm.so+0x4f9e0b]  report_vm_out_of_memory(char const*, int, unsigned long, VMErrorType, char const*)+0x8b
V  [libjvm.so+0x91a8a3]  os::Linux::commit_memory_impl(char*, unsigned long, bool)+0x103
V  [libjvm.so+0x91adf9]  os::pd_commit_memory(char*, unsigned long, unsigned long, bool)+0x29
V  [libjvm.so+0x91510a]  os::commit_memory(char*, unsigned long, unsigned long, bool)+0x2a
V  [libjvm.so+0x9887a3]  PSVirtualSpace::expand_by(unsigned long)+0x53
V  [libjvm.so+0x979090]  PSOldGen::expand(unsigned long)+0x170
V  [libjvm.so+0x97929b]  PSOldGen::resize(unsigned long)+0x1cb
V  [libjvm.so+0x980f71]  PSParallelCompact::invoke_no_policy(bool)+0x991
V  [libjvm.so+0x9868cd]  PSScavenge::invoke()+0x1ad
V  [libjvm.so+0x93e500]  ParallelScavengeHeap::failed_mem_allocate(unsigned long)+0x70
V  [libjvm.so+0xabb437]  VM_ParallelGCFailedAllocation::doit()+0x97
V  [libjvm.so+0xac2e65]  VM_Operation::evaluate()+0x55
V  [libjvm.so+0xac123a]  VMThread::evaluate_operation(VM_Operation*)+0xba
V  [libjvm.so+0xac15be]  VMThread::loop()+0x1ce
V  [libjvm.so+0xac1a30]  VMThread::run()+0x70
V  [libjvm.so+0x91cc68]  java_start(Thread*)+0x108

VM_Operation (0x00007fae7b65ede0): ParallelGCFailedAllocation, mode: safepoint, requested by thread 0x00007fae74009800


---------------  P R O C E S S  ---------------

Java Threads: ( => current thread )
  0x00007fae741dd000 JavaThread "Monitor Ctrl-Break" daemon [_thread_in_native, id=201723, stack(0x00007fa1cdcdd000,0x00007fa1cddde000)]
  0x00007fae7410c800 JavaThread "Service Thread" daemon [_thread_blocked, id=201721, stack(0x00007fa1ce0e1000,0x00007fa1ce1e2000)]
  0x00007fae74107800 JavaThread "C1 CompilerThread14" daemon [_thread_blocked, id=201720, stack(0x00007fa1ce1e2000,0x00007fa1ce2e3000)]
  0x00007fae74105000 JavaThread "C1 CompilerThread13" daemon [_thread_blocked, id=201719, stack(0x00007fa1ce2e3000,0x00007fa1ce3e4000)]
  0x00007fae74103000 JavaThread "C1 CompilerThread12" daemon [_thread_blocked, id=201718, stack(0x00007fa1ce3e4000,0x00007fa1ce4e5000)]
  0x00007fae74100800 JavaThread "C1 CompilerThread11" daemon [_thread_blocked, id=201717, stack(0x00007fa1ce4e5000,0x00007fa1ce5e6000)]
  0x00007fae740fe800 JavaThread "C1 CompilerThread10" daemon [_thread_blocked, id=201716, stack(0x00007fa1ce5e6000,0x00007fa1ce6e7000)]
  0x00007fae740fc800 JavaThread "C2 CompilerThread9" daemon [_thread_blocked, id=201715, stack(0x00007fa1ce6e7000,0x00007fa1ce7e8000)]
  0x00007fae740fa000 JavaThread "C2 CompilerThread8" daemon [_thread_blocked, id=201714, stack(0x00007fa1ce7e8000,0x00007fa1ce8e9000)]
  0x00007fae740f8000 JavaThread "C2 CompilerThread7" daemon [_thread_blocked, id=201713, stack(0x00007fa1ce8e9000,0x00007fa1ce9ea000)]
  0x00007fae740f6000 JavaThread "C2 CompilerThread6" daemon [_thread_blocked, id=201712, stack(0x00007fa1ce9ea000,0x00007fa1ceaeb000)]
  0x00007fae740f3800 JavaThread "C2 CompilerThread5" daemon [_thread_blocked, id=201711, stack(0x00007fa1ceaeb000,0x00007fa1cebec000)]
  0x00007fae740e9800 JavaThread "C2 CompilerThread4" daemon [_thread_blocked, id=201710, stack(0x00007fa1cebec000,0x00007fa1ceced000)]
  0x00007fae740e7000 JavaThread "C2 CompilerThread3" daemon [_thread_blocked, id=201709, stack(0x00007fa1ceced000,0x00007fa1cedee000)]
  0x00007fae740e5000 JavaThread "C2 CompilerThread2" daemon [_thread_blocked, id=201708, stack(0x00007fa1cedee000,0x00007fa1ceeef000)]
  0x00007fae740e3000 JavaThread "C2 CompilerThread1" daemon [_thread_blocked, id=201707, stack(0x00007fa1ceeef000,0x00007fa1ceff0000)]
  0x00007fae740e0000 JavaThread "C2 CompilerThread0" daemon [_thread_blocked, id=201706, stack(0x00007fa1ceff0000,0x00007fa1cf0f1000)]
  0x00007fae740de800 JavaThread "Signal Dispatcher" daemon [_thread_blocked, id=201705, stack(0x00007fa1cf0f1000,0x00007fa1cf1f2000)]
  0x00007fae740a6800 JavaThread "Finalizer" daemon [_thread_blocked, id=201703, stack(0x00007fa1cf1f2000,0x00007fa1cf2f3000)]
  0x00007fae740a4800 JavaThread "Reference Handler" daemon [_thread_blocked, id=201702, stack(0x00007fa1cf2f3000,0x00007fa1cf3f4000)]
  0x00007fae74009800 JavaThread "main" [_thread_blocked, id=201633, stack(0x00007fae7b560000,0x00007fae7b661000)]

Other Threads:
=>0x00007fae7409f800 VMThread [stack: 0x00007fa1cf3f4000,0x00007fa1cf4f5000] [id=201696]
  0x00007fae7410f000 WatcherThread [stack: 0x00007fa1cdfe0000,0x00007fa1ce0e1000] [id=201722]

VM state:at safepoint (normal execution)

VM Mutex/Monitor currently owned by a thread:  ([mutex/lock_event])
[0x00007fae74006770] ExpandHeap_lock - owner thread: 0x00007fae7409f800
[0x00007fae74006df0] Threads_lock - owner thread: 0x00007fae7409f800
[0x00007fae740072f0] Heap_lock - owner thread: 0x00007fae74009800

Heap:
 PSYoungGen      total 10834432K, used 1087158K [0x00007faa53580000, 0x00007fae65000000, 0x00007fae65000000)
  eden space 5688832K, 0% used [0x00007faa53580000,0x00007faa53580000,0x00007fabae900000)
  from space 5145600K, 21% used [0x00007fad2af00000,0x00007fad6d4ad988,0x00007fae65000000)
  to   space 5688832K, 0% used [0x00007fabae900000,0x00007fabae900000,0x00007fad09c80000)
 ParOldGen       total 25713664K, used 25713198K [0x00007fa230000000, 0x00007fa851700000, 0x00007faa53580000)
  object space 25713664K, 99% used [0x00007fa230000000,0x00007fa85168bab0,0x00007fa851700000)
 Metaspace       used 5358K, capacity 5409K, committed 5632K, reserved 8192K

Card table byte_map: [0x00007fa229e57000,0x00007fa230000000] byte_map_base: 0x00007f6258cd7000

Marking Bits: (ParMarkBitMap*) 0x00007fae7aa49020
 Begin Bits: [0x00007fa156580000, 0x00007fa1872c0000)
 End Bits:   [0x00007fa1872c0000, 0x00007fa1b8000000)

Polling page: 0x00007fae7b68b000

CodeCache: size=245760Kb used=7389Kb max_used=7399Kb free=238370Kb
 bounds [0x00007fae65000000, 0x00007fae65750000, 0x00007fae74000000]
 total_blobs=1283 nmethods=1000 adapters=193
 compilation: enabled

Compilation events (10 events):
Event: 54.412 Thread 0x00007fae74103000  996 %     3       cal.sim.BiCategorySim::init @ 105 (881 bytes)
Event: 54.417 Thread 0x00007fae74103000 nmethod 996% 0x00007fae6571bb10 code [0x00007fae6571c340, 0x00007fae65721428]
Event: 54.418 Thread 0x00007fae74107800  997       3       cal.sim.BiCategorySim::init (881 bytes)
Event: 54.421 Thread 0x00007fae74107800 nmethod 997 0x00007fae65726650 code [0x00007fae65726e60, 0x00007fae6572be28]
Event: 54.421 Thread 0x00007fae740fa000  998 %     4       cal.sim.BiCategorySim::init @ 105 (881 bytes)
Event: 54.427 Thread 0x00007fae740fa000 nmethod 998% 0x00007fae65730e10 code [0x00007fae65730fa0, 0x00007fae657313b8]
Event: 54.433 Thread 0x00007fae74100800  999 %     3       cal.sim.BiCategorySim::init @ 105 (881 bytes)
Event: 54.437 Thread 0x00007fae74100800 nmethod 999% 0x00007fae657318d0 code [0x00007fae657320e0, 0x00007fae657371a8]
Event: 54.440 Thread 0x00007fae740e0000 1000 %     4       cal.sim.BiCategorySim::init @ 105 (881 bytes)
Event: 54.469 Thread 0x00007fae740e0000 nmethod 1000% 0x00007fae6573e8d0 code [0x00007fae6573ed20, 0x00007fae65740a00]

GC Heap History (10 events):
Event: 52.682 GC heap after
Heap after GC invocations=9 (full 0):
 PSYoungGen      total 16560640K, used 43600K [0x00007faa53580000, 0x00007fae65000000, 0x00007fae65000000)
  eden space 16516608K, 0% used [0x00007faa53580000,0x00007faa53580000,0x00007fae43700000)
  from space 44032K, 99% used [0x00007fae43700000,0x00007fae46194018,0x00007fae46200000)
  to   space 285184K, 0% used [0x00007fae53980000,0x00007fae53980000,0x00007fae65000000)
 ParOldGen       total 13653504K, used 231591K [0x00007fa230000000, 0x00007fa571580000, 0x00007faa53580000)
  object space 13653504K, 1% used [0x00007fa230000000,0x00007fa23e229e50,0x00007fa571580000)
 Metaspace       used 5302K, capacity 5409K, committed 5632K, reserved 8192K
}
Event: 57.454 GC heap before
{Heap before GC invocations=10 (full 0):
 PSYoungGen      total 16560640K, used 16560208K [0x00007faa53580000, 0x00007fae65000000, 0x00007fae65000000)
  eden space 16516608K, 100% used [0x00007faa53580000,0x00007fae43700000,0x00007fae43700000)
  from space 44032K, 99% used [0x00007fae43700000,0x00007fae46194018,0x00007fae46200000)
  to   space 285184K, 0% used [0x00007fae53980000,0x00007fae53980000,0x00007fae65000000)
 ParOldGen       total 13653504K, used 231591K [0x00007fa230000000, 0x00007fa571580000, 0x00007faa53580000)
  object space 13653504K, 1% used [0x00007fa230000000,0x00007fa23e229e50,0x00007fa571580000)
 Metaspace       used 5358K, capacity 5409K, committed 5632K, reserved 8192K
Event: 61.018 GC heap after
Heap after GC invocations=10 (full 0):
 PSYoungGen      total 7060480K, used 285157K [0x00007faa53580000, 0x00007fae65000000, 0x00007fae65000000)
  eden space 6775296K, 0% used [0x00007faa53580000,0x00007faa53580000,0x00007fabf0e00000)
  from space 285184K, 99% used [0x00007fae53980000,0x00007fae64ff94b0,0x00007fae65000000)
  to   space 5145600K, 0% used [0x00007fabf0e00000,0x00007fabf0e00000,0x00007fad2af00000)
 ParOldGen       total 13653504K, used 13269787K [0x00007fa230000000, 0x00007fa571580000, 0x00007faa53580000)
  object space 13653504K, 97% used [0x00007fa230000000,0x00007fa559ec6ee8,0x00007fa571580000)
 Metaspace       used 5358K, capacity 5409K, committed 5632K, reserved 8192K
}
Event: 61.018 GC heap before
{Heap before GC invocations=11 (full 1):
 PSYoungGen      total 7060480K, used 285157K [0x00007faa53580000, 0x00007fae65000000, 0x00007fae65000000)
  eden space 6775296K, 0% used [0x00007faa53580000,0x00007faa53580000,0x00007fabf0e00000)
  from space 285184K, 99% used [0x00007fae53980000,0x00007fae64ff94b0,0x00007fae65000000)
  to   space 5145600K, 0% used [0x00007fabf0e00000,0x00007fabf0e00000,0x00007fad2af00000)
 ParOldGen       total 13653504K, used 13269787K [0x00007fa230000000, 0x00007fa571580000, 0x00007faa53580000)
  object space 13653504K, 97% used [0x00007fa230000000,0x00007fa559ec6ee8,0x00007fa571580000)
 Metaspace       used 5358K, capacity 5409K, committed 5632K, reserved 8192K
Event: 68.249 GC heap after
Heap after GC invocations=11 (full 1):
 PSYoungGen      total 7060480K, used 0K [0x00007faa53580000, 0x00007fae65000000, 0x00007fae65000000)
  eden space 6775296K, 0% used [0x00007faa53580000,0x00007faa53580000,0x00007fabf0e00000)
  from space 285184K, 0% used [0x00007fae53980000,0x00007fae53980000,0x00007fae65000000)
  to   space 5145600K, 0% used [0x00007fabf0e00000,0x00007fabf0e00000,0x00007fad2af00000)
 ParOldGen       total 25713664K, used 13253545K [0x00007fa230000000, 0x00007fa851700000, 0x00007faa53580000)
  object space 25713664K, 51% used [0x00007fa230000000,0x00007fa558eea690,0x00007fa851700000)
 Metaspace       used 5358K, capacity 5409K, committed 5632K, reserved 8192K
}
Event: 69.440 GC heap before
{Heap before GC invocations=12 (full 1):
 PSYoungGen      total 7060480K, used 6775296K [0x00007faa53580000, 0x00007fae65000000, 0x00007fae65000000)
  eden space 6775296K, 100% used [0x00007faa53580000,0x00007fabf0e00000,0x00007fabf0e00000)
  from space 285184K, 0% used [0x00007fae53980000,0x00007fae53980000,0x00007fae65000000)
  to   space 5145600K, 0% used [0x00007fabf0e00000,0x00007fabf0e00000,0x00007fad2af00000)
 ParOldGen       total 25713664K, used 13253545K [0x00007fa230000000, 0x00007fa851700000, 0x00007faa53580000)
  object space 25713664K, 51% used [0x00007fa230000000,0x00007fa558eea690,0x00007fa851700000)
 Metaspace       used 5358K, capacity 5409K, committed 5632K, reserved 8192K
Event: 70.234 GC heap after
Heap after GC invocations=12 (full 1):
 PSYoungGen      total 11920896K, used 5145592K [0x00007faa53580000, 0x00007fae65000000, 0x00007fae65000000)
  eden space 6775296K, 0% used [0x00007faa53580000,0x00007faa53580000,0x00007fabf0e00000)
  from space 5145600K, 99% used [0x00007fabf0e00000,0x00007fad2aefe2d0,0x00007fad2af00000)
  to   space 5145600K, 0% used [0x00007fad2af00000,0x00007fad2af00000,0x00007fae65000000)
 ParOldGen       total 25713664K, used 14967473K [0x00007fa230000000, 0x00007fa851700000, 0x00007faa53580000)
  object space 25713664K, 58% used [0x00007fa230000000,0x00007fa5c18ac690,0x00007fa851700000)
 Metaspace       used 5358K, capacity 5409K, committed 5632K, reserved 8192K
}
Event: 71.414 GC heap before
{Heap before GC invocations=13 (full 1):
 PSYoungGen      total 11920896K, used 11920888K [0x00007faa53580000, 0x00007fae65000000, 0x00007fae65000000)
  eden space 6775296K, 100% used [0x00007faa53580000,0x00007fabf0e00000,0x00007fabf0e00000)
  from space 5145600K, 99% used [0x00007fabf0e00000,0x00007fad2aefe2d0,0x00007fad2af00000)
  to   space 5145600K, 0% used [0x00007fad2af00000,0x00007fad2af00000,0x00007fae65000000)
 ParOldGen       total 25713664K, used 14967473K [0x00007fa230000000, 0x00007fa851700000, 0x00007faa53580000)
  object space 25713664K, 58% used [0x00007fa230000000,0x00007fa5c18ac690,0x00007fa851700000)
 Metaspace       used 5358K, capacity 5409K, committed 5632K, reserved 8192K
Event: 76.056 GC heap after
Heap after GC invocations=13 (full 1):
 PSYoungGen      total 10834432K, used 5145596K [0x00007faa53580000, 0x00007fae65000000, 0x00007fae65000000)
  eden space 5688832K, 0% used [0x00007faa53580000,0x00007faa53580000,0x00007fabae900000)
  from space 5145600K, 99% used [0x00007fad2af00000,0x00007fae64fff220,0x00007fae65000000)
  to   space 5688832K, 0% used [0x00007fabae900000,0x00007fabae900000,0x00007fad09c80000)
 ParOldGen       total 25713664K, used 21925131K [0x00007fa230000000, 0x00007fa851700000, 0x00007faa53580000)
  object space 25713664K, 85% used [0x00007fa230000000,0x00007fa76a342fe0,0x00007fa851700000)
 Metaspace       used 5358K, capacity 5409K, committed 5632K, reserved 8192K
}
Event: 76.056 GC heap before
{Heap before GC invocations=14 (full 2):
 PSYoungGen      total 10834432K, used 5145596K [0x00007faa53580000, 0x00007fae65000000, 0x00007fae65000000)
  eden space 5688832K, 0% used [0x00007faa53580000,0x00007faa53580000,0x00007fabae900000)
  from space 5145600K, 99% used [0x00007fad2af00000,0x00007fae64fff220,0x00007fae65000000)
  to   space 5688832K, 0% used [0x00007fabae900000,0x00007fabae900000,0x00007fad09c80000)
 ParOldGen       total 25713664K, used 21925131K [0x00007fa230000000, 0x00007fa851700000, 0x00007faa53580000)
  object space 25713664K, 85% used [0x00007fa230000000,0x00007fa76a342fe0,0x00007fa851700000)
 Metaspace       used 5358K, capacity 5409K, committed 5632K, reserved 8192K

Deoptimization events (10 events):
Event: 54.093 Thread 0x00007fae74009800 Uncommon trap: reason=unstable_if action=reinterpret pc=0x00007fae656f1cc8 method=cal.sim.BiWords.equals(Ljava/lang/Object;)Z @ 44
Event: 54.093 Thread 0x00007fae74009800 Uncommon trap: reason=unstable_if action=reinterpret pc=0x00007fae6567b698 method=cal.sim.BiWords.equals(Ljava/lang/Object;)Z @ 44
Event: 54.116 Thread 0x00007fae74009800 Uncommon trap: reason=unstable_if action=reinterpret pc=0x00007fae656bce3c method=java.util.regex.Pattern$CharProperty.match(Ljava/util/regex/Matcher;ILjava/lang/CharSequence;)Z @ 40
Event: 54.124 Thread 0x00007fae74009800 Uncommon trap: reason=unstable_if action=reinterpret pc=0x00007fae656fdcb0 method=knowledge.MustSets.addMustSetsFromDocument(Ljava/util/ArrayList;)V @ 11
Event: 54.213 Thread 0x00007fae74009800 Uncommon trap: reason=bimorphic action=maybe_recompile pc=0x00007fae6567a55c method=java.util.HashMap.putVal(ILjava/lang/Object;Ljava/lang/Object;ZZ)Ljava/lang/Object; @ 203
Event: 54.271 Thread 0x00007fae74009800 Uncommon trap: reason=bimorphic action=maybe_recompile pc=0x00007fae6567a55c method=java.util.HashMap.putVal(ILjava/lang/Object;Ljava/lang/Object;ZZ)Ljava/lang/Object; @ 203
Event: 54.274 Thread 0x00007fae74009800 Uncommon trap: reason=bimorphic action=maybe_recompile pc=0x00007fae6567a55c method=java.util.HashMap.putVal(ILjava/lang/Object;Ljava/lang/Object;ZZ)Ljava/lang/Object; @ 203
Event: 54.303 Thread 0x00007fae74009800 Uncommon trap: reason=bimorphic action=maybe_recompile pc=0x00007fae6567a55c method=java.util.HashMap.putVal(ILjava/lang/Object;Ljava/lang/Object;ZZ)Ljava/lang/Object; @ 203
Event: 54.344 Thread 0x00007fae74009800 Uncommon trap: reason=unstable_if action=reinterpret pc=0x00007fae65719d18 method=knowledge.MustSets.addSingletonMustSets(Ljava/util/Set;)V @ 13
Event: 54.432 Thread 0x00007fae74009800 Uncommon trap: reason=unstable_if action=reinterpret pc=0x00007fae657312d8 method=cal.sim.BiCategorySim.init()V @ 109

Internal exceptions (8 events):
Event: 0.064 Thread 0x00007fae74009800 Exception <a 'java/lang/NoSuchMethodError': Method sun.misc.Unsafe.defineClass(Ljava/lang/String;[BII)Ljava/lang/Class; name or signature does not match> (0x00007faa5359bac0) thrown at [/HUDSON/workspace/8-2-build-linux-amd64/jdk8u66/4988/hotspot/src/shar
Event: 0.064 Thread 0x00007fae74009800 Exception <a 'java/lang/NoSuchMethodError': Method sun.misc.Unsafe.prefetchRead(Ljava/lang/Object;J)V name or signature does not match> (0x00007faa5359be88) thrown at [/HUDSON/workspace/8-2-build-linux-amd64/jdk8u66/4988/hotspot/src/share/vm/prims/jni.cpp
Event: 1.278 Thread 0x00007fae74009800 Exception <a 'java/security/PrivilegedActionException'> (0x00007faad5bc3a30) thrown at [/HUDSON/workspace/8-2-build-linux-amd64/jdk8u66/4988/hotspot/src/share/vm/prims/jvm.cpp, line 1386]
Event: 1.278 Thread 0x00007fae74009800 Exception <a 'java/security/PrivilegedActionException'> (0x00007faad5bc3fb0) thrown at [/HUDSON/workspace/8-2-build-linux-amd64/jdk8u66/4988/hotspot/src/share/vm/prims/jvm.cpp, line 1386]
Event: 1.279 Thread 0x00007fae74009800 Exception <a 'java/security/PrivilegedActionException'> (0x00007faad5bc6c08) thrown at [/HUDSON/workspace/8-2-build-linux-amd64/jdk8u66/4988/hotspot/src/share/vm/prims/jvm.cpp, line 1386]
Event: 1.279 Thread 0x00007fae74009800 Exception <a 'java/security/PrivilegedActionException'> (0x00007faad5bc7188) thrown at [/HUDSON/workspace/8-2-build-linux-amd64/jdk8u66/4988/hotspot/src/share/vm/prims/jvm.cpp, line 1386]
Event: 3.080 Thread 0x00007fae74009800 Implicit null exception at 0x00007fae65562d11 to 0x00007fae65564611
Event: 54.344 Thread 0x00007fae74009800 Implicit null exception at 0x00007fae657188c4 to 0x00007fae65719d01

Events (10 events):
Event: 54.470 Thread 0x00007fae74009800 DEOPT UNPACKING pc=0x00007fae65047633 sp=0x00007fae7b65ed20 mode 0
Event: 57.454 Executing VM operation: ParallelGCFailedAllocation
Event: 68.249 Executing VM operation: ParallelGCFailedAllocation done
Event: 68.249 Executing VM operation: RevokeBias
Event: 69.307 Executing VM operation: RevokeBias done
Event: 69.308 Executing VM operation: RevokeBias
Event: 70.234 Executing VM operation: RevokeBias done
Event: 70.235 Executing VM operation: RevokeBias
Event: 71.127 Executing VM operation: RevokeBias done
Event: 71.414 Executing VM operation: ParallelGCFailedAllocation


Dynamic libraries:
00400000-00401000 r-xp 00000000 08:02 3944073                            /usr/java/jdk1.8.0_66/bin/java
00600000-00601000 rw-p 00000000 08:02 3944073                            /usr/java/jdk1.8.0_66/bin/java
02281000-022a2000 rw-p 00000000 00:00 0                                  [heap]
7fa0f0000000-7fa0f0021000 rw-p 00000000 00:00 0 
7fa0f0021000-7fa0f4000000 ---p 00000000 00:00 0 
7fa0f4000000-7fa0f4021000 rw-p 00000000 00:00 0 
7fa0f4021000-7fa0f8000000 ---p 00000000 00:00 0 
7fa0f8000000-7fa0f80a7000 rw-p 00000000 00:00 0 
7fa0f80a7000-7fa0fc000000 ---p 00000000 00:00 0 
7fa0fc000000-7fa0fc021000 rw-p 00000000 00:00 0 
7fa0fc021000-7fa100000000 ---p 00000000 00:00 0 
7fa100000000-7fa100149000 rw-p 00000000 00:00 0 
7fa100149000-7fa104000000 ---p 00000000 00:00 0 
7fa104000000-7fa104061000 rw-p 00000000 00:00 0 
7fa104061000-7fa108000000 ---p 00000000 00:00 0 
7fa108000000-7fa108103000 rw-p 00000000 00:00 0 
7fa108103000-7fa10c000000 ---p 00000000 00:00 0 
7fa10c000000-7fa10c0b0000 rw-p 00000000 00:00 0 
7fa10c0b0000-7fa110000000 ---p 00000000 00:00 0 
7fa110000000-7fa11038f000 rw-p 00000000 00:00 0 
7fa11038f000-7fa114000000 ---p 00000000 00:00 0 
7fa114000000-7fa114282000 rw-p 00000000 00:00 0 
7fa114282000-7fa118000000 ---p 00000000 00:00 0 
7fa118000000-7fa1182d9000 rw-p 00000000 00:00 0 
7fa1182d9000-7fa11c000000 ---p 00000000 00:00 0 
7fa11c000000-7fa11c4eb000 rw-p 00000000 00:00 0 
7fa11c4eb000-7fa120000000 ---p 00000000 00:00 0 
7fa120000000-7fa120271000 rw-p 00000000 00:00 0 
7fa120271000-7fa124000000 ---p 00000000 00:00 0 
7fa124000000-7fa1245b9000 rw-p 00000000 00:00 0 
7fa1245b9000-7fa128000000 ---p 00000000 00:00 0 
7fa128000000-7fa1285de000 rw-p 00000000 00:00 0 
7fa1285de000-7fa12c000000 ---p 00000000 00:00 0 
7fa12c000000-7fa12c550000 rw-p 00000000 00:00 0 
7fa12c550000-7fa130000000 ---p 00000000 00:00 0 
7fa130000000-7fa1307b0000 rw-p 00000000 00:00 0 
7fa1307b0000-7fa134000000 ---p 00000000 00:00 0 
7fa134000000-7fa13435c000 rw-p 00000000 00:00 0 
7fa13435c000-7fa138000000 ---p 00000000 00:00 0 
7fa138000000-7fa138021000 rw-p 00000000 00:00 0 
7fa138021000-7fa13c000000 ---p 00000000 00:00 0 
7fa13dad9000-7fa144000000 r--p 00000000 08:02 3815722                    /usr/lib/locale/locale-archive
7fa144000000-7fa144021000 rw-p 00000000 00:00 0 
7fa144021000-7fa148000000 ---p 00000000 00:00 0 
7fa148000000-7fa148021000 rw-p 00000000 00:00 0 
7fa148021000-7fa14c000000 ---p 00000000 00:00 0 
7fa14c000000-7fa14c28c000 rw-p 00000000 00:00 0 
7fa14c28c000-7fa150000000 ---p 00000000 00:00 0 
7fa1503d8000-7fa1b8000000 rw-p 00000000 00:00 0 
7fa1b8000000-7fa1b8021000 rw-p 00000000 00:00 0 
7fa1b8021000-7fa1bc000000 ---p 00000000 00:00 0 
7fa1c0000000-7fa1c0021000 rw-p 00000000 00:00 0 
7fa1c0021000-7fa1c4000000 ---p 00000000 00:00 0 
7fa1c8000000-7fa1c8021000 rw-p 00000000 00:00 0 
7fa1c8021000-7fa1cc000000 ---p 00000000 00:00 0 
7fa1ccbc5000-7fa1cdac6000 rw-p 00000000 00:00 0 
7fa1cdac6000-7fa1cdadc000 r-xp 00000000 08:02 4089303                    /usr/java/jdk1.8.0_66/jre/lib/amd64/libnet.so
7fa1cdadc000-7fa1cdcdc000 ---p 00016000 08:02 4089303                    /usr/java/jdk1.8.0_66/jre/lib/amd64/libnet.so
7fa1cdcdc000-7fa1cdcdd000 rw-p 00016000 08:02 4089303                    /usr/java/jdk1.8.0_66/jre/lib/amd64/libnet.so
7fa1cdcdd000-7fa1cdce0000 ---p 00000000 00:00 0 
7fa1cdce0000-7fa1cddde000 rw-p 00000000 00:00 0                          [stack:201723]
7fa1cddde000-7fa1cdddf000 r-xp 00000000 08:02 3957237                    /root/idea/bin/libbreakgen64.so
7fa1cdddf000-7fa1cdfde000 ---p 00001000 08:02 3957237                    /root/idea/bin/libbreakgen64.so
7fa1cdfde000-7fa1cdfdf000 r--p 00000000 08:02 3957237                    /root/idea/bin/libbreakgen64.so
7fa1cdfdf000-7fa1cdfe0000 rw-p 00001000 08:02 3957237                    /root/idea/bin/libbreakgen64.so
7fa1cdfe0000-7fa1cdfe1000 ---p 00000000 00:00 0 
7fa1cdfe1000-7fa1ce0e1000 rw-p 00000000 00:00 0                          [stack:201722]
7fa1ce0e1000-7fa1ce0e4000 ---p 00000000 00:00 0 
7fa1ce0e4000-7fa1ce1e2000 rw-p 00000000 00:00 0                          [stack:201721]
7fa1ce1e2000-7fa1ce1e5000 ---p 00000000 00:00 0 
7fa1ce1e5000-7fa1ce2e3000 rw-p 00000000 00:00 0                          [stack:201720]
7fa1ce2e3000-7fa1ce2e6000 ---p 00000000 00:00 0 
7fa1ce2e6000-7fa1ce3e4000 rw-p 00000000 00:00 0                          [stack:201719]
7fa1ce3e4000-7fa1ce3e7000 ---p 00000000 00:00 0 
7fa1ce3e7000-7fa1ce4e5000 rw-p 00000000 00:00 0                          [stack:201718]
7fa1ce4e5000-7fa1ce4e8000 ---p 00000000 00:00 0 
7fa1ce4e8000-7fa1ce5e6000 rw-p 00000000 00:00 0                          [stack:201717]
7fa1ce5e6000-7fa1ce5e9000 ---p 00000000 00:00 0 
7fa1ce5e9000-7fa1ce6e7000 rw-p 00000000 00:00 0                          [stack:201716]
7fa1ce6e7000-7fa1ce6ea000 ---p 00000000 00:00 0 
7fa1ce6ea000-7fa1ce7e8000 rw-p 00000000 00:00 0                          [stack:201715]
7fa1ce7e8000-7fa1ce7eb000 ---p 00000000 00:00 0 
7fa1ce7eb000-7fa1ce8e9000 rw-p 00000000 00:00 0                          [stack:201714]
7fa1ce8e9000-7fa1ce8ec000 ---p 00000000 00:00 0 
7fa1ce8ec000-7fa1ce9ea000 rw-p 00000000 00:00 0                          [stack:201713]
7fa1ce9ea000-7fa1ce9ed000 ---p 00000000 00:00 0 
7fa1ce9ed000-7fa1ceaeb000 rw-p 00000000 00:00 0                          [stack:201712]
7fa1ceaeb000-7fa1ceaee000 ---p 00000000 00:00 0 
7fa1ceaee000-7fa1cebec000 rw-p 00000000 00:00 0                          [stack:201711]
7fa1cebec000-7fa1cebef000 ---p 00000000 00:00 0 
7fa1cebef000-7fa1ceced000 rw-p 00000000 00:00 0                          [stack:201710]
7fa1ceced000-7fa1cecf0000 ---p 00000000 00:00 0 
7fa1cecf0000-7fa1cedee000 rw-p 00000000 00:00 0                          [stack:201709]
7fa1cedee000-7fa1cedf1000 ---p 00000000 00:00 0 
7fa1cedf1000-7fa1ceeef000 rw-p 00000000 00:00 0                          [stack:201708]
7fa1ceeef000-7fa1ceef2000 ---p 00000000 00:00 0 
7fa1ceef2000-7fa1ceff0000 rw-p 00000000 00:00 0                          [stack:201707]
7fa1ceff0000-7fa1ceff3000 ---p 00000000 00:00 0 
7fa1ceff3000-7fa1cf0f1000 rw-p 00000000 00:00 0                          [stack:201706]
7fa1cf0f1000-7fa1cf0f4000 ---p 00000000 00:00 0 
7fa1cf0f4000-7fa1cf1f2000 rw-p 00000000 00:00 0                          [stack:201705]
7fa1cf1f2000-7fa1cf1f5000 ---p 00000000 00:00 0 
7fa1cf1f5000-7fa1cf2f3000 rw-p 00000000 00:00 0                          [stack:201703]
7fa1cf2f3000-7fa1cf2f6000 ---p 00000000 00:00 0 
7fa1cf2f6000-7fa1cf3f4000 rw-p 00000000 00:00 0                          [stack:201702]
7fa1cf3f4000-7fa1cf3f5000 ---p 00000000 00:00 0 
7fa1cf3f5000-7fa1d0000000 rw-p 00000000 00:00 0                          [stack:201696]
7fa1d0000000-7fa1d0021000 rw-p 00000000 00:00 0 
7fa1d0021000-7fa1d4000000 ---p 00000000 00:00 0 
7fa1d4054000-7fa1d405e000 r--s 00116000 08:02 4338655                    /usr/java/jdk1.8.0_66/jre/lib/ext/localedata.jar
7fa1d405e000-7fa1d407a000 r--s 00393000 08:02 4338646                    /usr/java/jdk1.8.0_66/jre/lib/ext/cldrdata.jar
7fa1d407a000-7fa1d408d000 r--s 000df000 08:02 4337707                    /root/.m2/repository/org/apache/commons/commons-math/2.2/commons-math-2.2.jar
7fa1d408d000-7fa1d409e000 r--s 00156000 08:02 4112041                    /root/.m2/repository/org/apache/lucene/lucene-analyzers-common/6.2.0/lucene-analyzers-common-6.2.0.jar
7fa1d409e000-7fa1d40c9000 r--s 0024c000 08:02 4112042                    /root/.m2/repository/org/apache/lucene/lucene-core/6.2.0/lucene-core-6.2.0.jar
7fa1d40c9000-7fa1d40db000 r--s 00345000 08:02 4089239                    /usr/java/jdk1.8.0_66/jre/lib/resources.jar
7fa1d40db000-7fa1d40ee000 r--s 000d5000 08:02 4089145                    /usr/java/jdk1.8.0_66/jre/lib/plugin.jar
7fa1d40ee000-7fa1d8000000 rw-p 00000000 00:00 0 
7fa1d8000000-7fa1d8021000 rw-p 00000000 00:00 0 
7fa1d8021000-7fa1dc000000 ---p 00000000 00:00 0 
7fa1dc000000-7fa1dc021000 rw-p 00000000 00:00 0 
7fa1dc021000-7fa1e0000000 ---p 00000000 00:00 0 
7fa1e0000000-7fa1e0021000 rw-p 00000000 00:00 0 
7fa1e0021000-7fa1e4000000 ---p 00000000 00:00 0 
7fa1e4000000-7fa1e402c000 rw-p 00000000 00:00 0 
7fa1e402c000-7fa1e8000000 ---p 00000000 00:00 0 
7fa1e8000000-7fa1e8021000 rw-p 00000000 00:00 0 
7fa1e8021000-7fa1ec000000 ---p 00000000 00:00 0 
7fa1ec000000-7fa1ec021000 rw-p 00000000 00:00 0 
7fa1ec021000-7fa1f0000000 ---p 00000000 00:00 0 
7fa1f0000000-7fa1f0021000 rw-p 00000000 00:00 0 
7fa1f0021000-7fa1f4000000 ---p 00000000 00:00 0 
7fa1f4000000-7fa1f4021000 rw-p 00000000 00:00 0 
7fa1f4021000-7fa1f8000000 ---p 00000000 00:00 0 
7fa1f8000000-7fa1f8021000 rw-p 00000000 00:00 0 
7fa1f8021000-7fa1fc000000 ---p 00000000 00:00 0 
7fa1fc000000-7fa1fc021000 rw-p 00000000 00:00 0 
7fa1fc021000-7fa200000000 ---p 00000000 00:00 0 
7fa200000000-7fa200021000 rw-p 00000000 00:00 0 
7fa200021000-7fa204000000 ---p 00000000 00:00 0 
7fa204000000-7fa204021000 rw-p 00000000 00:00 0 
7fa204021000-7fa208000000 ---p 00000000 00:00 0 
7fa208000000-7fa208021000 rw-p 00000000 00:00 0 
7fa208021000-7fa20c000000 ---p 00000000 00:00 0 
7fa20c000000-7fa20c021000 rw-p 00000000 00:00 0 
7fa20c021000-7fa210000000 ---p 00000000 00:00 0 
7fa210000000-7fa210021000 rw-p 00000000 00:00 0 
7fa210021000-7fa214000000 ---p 00000000 00:00 0 
7fa214000000-7fa21402c000 rw-p 00000000 00:00 0 
7fa21402c000-7fa218000000 ---p 00000000 00:00 0 
7fa218000000-7fa218021000 rw-p 00000000 00:00 0 
7fa218021000-7fa21c000000 ---p 00000000 00:00 0 
7fa21c000000-7fa21c021000 rw-p 00000000 00:00 0 
7fa21c021000-7fa220000000 ---p 00000000 00:00 0 
7fa220000000-7fa220021000 rw-p 00000000 00:00 0 
7fa220021000-7fa224000000 ---p 00000000 00:00 0 
7fa224002000-7fa224004000 r--s 0001e000 08:02 3957149                    /root/idea/lib/idea_rt.jar
7fa224004000-7fa224005000 r--s 001cc000 08:02 4112119                    /root/.m2/repository/org/carrot2/morfologik-polish/2.1.0/morfologik-polish-2.1.0.jar
7fa224005000-7fa224006000 r--s 00134000 08:02 4112118                    /root/.m2/repository/org/apache/lucene/lucene-analyzers-morfologik/6.2.0/lucene-analyzers-morfologik-6.2.0.jar
7fa224006000-7fa224008000 r--s 0000b000 08:02 4112102                    /root/.m2/repository/org/carrot2/morfologik-stemming/2.1.0/morfologik-stemming-2.1.0.jar
7fa224008000-7fa22400d000 r--s 00096000 08:02 4089253                    /usr/java/jdk1.8.0_66/jre/lib/jsse.jar
7fa22400d000-7fa22410e000 rw-p 00000000 00:00 0 
7fa22410e000-7fa2242e7000 r--s 03d20000 08:02 4089203                    /usr/java/jdk1.8.0_66/jre/lib/rt.jar
7fa2242e7000-7fa2248dd000 rw-p 00000000 00:00 0 
7fa2248dd000-7fa224b5d000 ---p 00000000 00:00 0 
7fa224b5d000-7fa224f2e000 rw-p 00000000 00:00 0 
7fa224f2e000-7fa224f2f000 ---p 00000000 00:00 0 
7fa224f2f000-7fa22502f000 rw-p 00000000 00:00 0                          [stack:201683]
7fa22502f000-7fa225030000 ---p 00000000 00:00 0 
7fa225030000-7fa225130000 rw-p 00000000 00:00 0                          [stack:201682]
7fa225130000-7fa225131000 ---p 00000000 00:00 0 
7fa225131000-7fa225231000 rw-p 00000000 00:00 0                          [stack:201681]
7fa225231000-7fa225232000 ---p 00000000 00:00 0 
7fa225232000-7fa225332000 rw-p 00000000 00:00 0                          [stack:201680]
7fa225332000-7fa225333000 ---p 00000000 00:00 0 
7fa225333000-7fa225433000 rw-p 00000000 00:00 0                          [stack:201679]
7fa225433000-7fa225434000 ---p 00000000 00:00 0 
7fa225434000-7fa225534000 rw-p 00000000 00:00 0                          [stack:201678]
7fa225534000-7fa225535000 ---p 00000000 00:00 0 
7fa225535000-7fa225635000 rw-p 00000000 00:00 0                          [stack:201677]
7fa225635000-7fa225636000 ---p 00000000 00:00 0 
7fa225636000-7fa225736000 rw-p 00000000 00:00 0                          [stack:201676]
7fa225736000-7fa225737000 ---p 00000000 00:00 0 
7fa225737000-7fa225837000 rw-p 00000000 00:00 0                          [stack:201675]
7fa225837000-7fa225838000 ---p 00000000 00:00 0 
7fa225838000-7fa225938000 rw-p 00000000 00:00 0                          [stack:201674]
7fa225938000-7fa225939000 ---p 00000000 00:00 0 
7fa225939000-7fa225a39000 rw-p 00000000 00:00 0                          [stack:201673]
7fa225a39000-7fa225a3a000 ---p 00000000 00:00 0 
7fa225a3a000-7fa225b3a000 rw-p 00000000 00:00 0                          [stack:201672]
7fa225b3a000-7fa225b3b000 ---p 00000000 00:00 0 
7fa225b3b000-7fa225c3b000 rw-p 00000000 00:00 0                          [stack:201671]
7fa225c3b000-7fa225c3c000 ---p 00000000 00:00 0 
7fa225c3c000-7fa228e48000 rw-p 00000000 00:00 0                          [stack:201670]
7fa228e48000-7fa229e57000 ---p 00000000 00:00 0 
7fa229e57000-7fa22cf63000 rw-p 00000000 00:00 0 
7fa22cf63000-7fa22df71000 ---p 00000000 00:00 0 
7fa22df71000-7fa22ffff000 rw-p 00000000 00:00 0 
7fa22ffff000-7fa851700000 rw-p 00000000 00:00 0 
7faa5357f000-7fae65000000 rw-p 00000000 00:00 0 
7fae65000000-7fae65750000 rwxp 00000000 00:00 0 
7fae65750000-7fae74000000 ---p 00000000 00:00 0 
7fae74000000-7fae744a9000 rw-p 00000000 00:00 0 
7fae744a9000-7fae78000000 ---p 00000000 00:00 0 
7fae78000000-7fae78001000 r--s 00004000 08:02 4112103                    /root/.m2/repository/org/carrot2/morfologik-fsa/2.1.0/morfologik-fsa-2.1.0.jar
7fae78001000-7fae7801c000 r--s 001fe000 08:02 4089121                    /usr/java/jdk1.8.0_66/jre/lib/deploy.jar
7fae7801c000-7fae7805e000 rw-p 00000000 00:00 0 
7fae7805e000-7fae7805f000 ---p 00000000 00:00 0 
7fae7805f000-7fae7815f000 rw-p 00000000 00:00 0                          [stack:201669]
7fae7815f000-7fae78160000 ---p 00000000 00:00 0 
7fae78160000-7fae78260000 rw-p 00000000 00:00 0                          [stack:201668]
7fae78260000-7fae78261000 ---p 00000000 00:00 0 
7fae78261000-7fae78361000 rw-p 00000000 00:00 0                          [stack:201667]
7fae78361000-7fae78362000 ---p 00000000 00:00 0 
7fae78362000-7fae78462000 rw-p 00000000 00:00 0                          [stack:201666]
7fae78462000-7fae78463000 ---p 00000000 00:00 0 
7fae78463000-7fae78563000 rw-p 00000000 00:00 0                          [stack:201665]
7fae78563000-7fae78564000 ---p 00000000 00:00 0 
7fae78564000-7fae78664000 rw-p 00000000 00:00 0                          [stack:201664]
7fae78664000-7fae78665000 ---p 00000000 00:00 0 
7fae78665000-7fae78765000 rw-p 00000000 00:00 0                          [stack:201663]
7fae78765000-7fae78766000 ---p 00000000 00:00 0 
7fae78766000-7fae78866000 rw-p 00000000 00:00 0                          [stack:201662]
7fae78866000-7fae78867000 ---p 00000000 00:00 0 
7fae78867000-7fae78985000 rw-p 00000000 00:00 0                          [stack:201661]
7fae78985000-7fae78d27000 ---p 00000000 00:00 0 
7fae78d27000-7fae78d41000 r-xp 00000000 08:02 4089299                    /usr/java/jdk1.8.0_66/jre/lib/amd64/libzip.so
7fae78d41000-7fae78f41000 ---p 0001a000 08:02 4089299                    /usr/java/jdk1.8.0_66/jre/lib/amd64/libzip.so
7fae78f41000-7fae78f42000 rw-p 0001a000 08:02 4089299                    /usr/java/jdk1.8.0_66/jre/lib/amd64/libzip.so
7fae78f42000-7fae78f4e000 r-xp 00000000 08:02 3805706                    /usr/lib64/libnss_files-2.17.so
7fae78f4e000-7fae7914d000 ---p 0000c000 08:02 3805706                    /usr/lib64/libnss_files-2.17.so
7fae7914d000-7fae7914e000 r--p 0000b000 08:02 3805706                    /usr/lib64/libnss_files-2.17.so
7fae7914e000-7fae7914f000 rw-p 0000c000 08:02 3805706                    /usr/lib64/libnss_files-2.17.so
7fae7914f000-7fae79155000 rw-p 00000000 00:00 0 
7fae79155000-7fae7917f000 r-xp 00000000 08:02 4089294                    /usr/java/jdk1.8.0_66/jre/lib/amd64/libjava.so
7fae7917f000-7fae7937f000 ---p 0002a000 08:02 4089294                    /usr/java/jdk1.8.0_66/jre/lib/amd64/libjava.so
7fae7937f000-7fae79381000 rw-p 0002a000 08:02 4089294                    /usr/java/jdk1.8.0_66/jre/lib/amd64/libjava.so
7fae79381000-7fae7938e000 r-xp 00000000 08:02 4089298                    /usr/java/jdk1.8.0_66/jre/lib/amd64/libverify.so
7fae7938e000-7fae7958e000 ---p 0000d000 08:02 4089298                    /usr/java/jdk1.8.0_66/jre/lib/amd64/libverify.so
7fae7958e000-7fae79590000 rw-p 0000d000 08:02 4089298                    /usr/java/jdk1.8.0_66/jre/lib/amd64/libverify.so
7fae79590000-7fae79597000 r-xp 00000000 08:02 3805709                    /usr/lib64/librt-2.17.so
7fae79597000-7fae79796000 ---p 00007000 08:02 3805709                    /usr/lib64/librt-2.17.so
7fae79796000-7fae79797000 r--p 00006000 08:02 3805709                    /usr/lib64/librt-2.17.so
7fae79797000-7fae79798000 rw-p 00007000 08:02 3805709                    /usr/lib64/librt-2.17.so
7fae79798000-7fae79899000 r-xp 00000000 08:02 3805703                    /usr/lib64/libm-2.17.so
7fae79899000-7fae79a98000 ---p 00101000 08:02 3805703                    /usr/lib64/libm-2.17.so
7fae79a98000-7fae79a99000 r--p 00100000 08:02 3805703                    /usr/lib64/libm-2.17.so
7fae79a99000-7fae79a9a000 rw-p 00101000 08:02 3805703                    /usr/lib64/libm-2.17.so
7fae79a9a000-7fae7a758000 r-xp 00000000 08:02 4338748                    /usr/java/jdk1.8.0_66/jre/lib/amd64/server/libjvm.so
7fae7a758000-7fae7a957000 ---p 00cbe000 08:02 4338748                    /usr/java/jdk1.8.0_66/jre/lib/amd64/server/libjvm.so
7fae7a957000-7fae7aa30000 rw-p 00cbd000 08:02 4338748                    /usr/java/jdk1.8.0_66/jre/lib/amd64/server/libjvm.so
7fae7aa30000-7fae7aa74000 rw-p 00000000 00:00 0 
7fae7aa74000-7fae7ac2b000 r-xp 00000000 08:02 3805545                    /usr/lib64/libc-2.17.so
7fae7ac2b000-7fae7ae2b000 ---p 001b7000 08:02 3805545                    /usr/lib64/libc-2.17.so
7fae7ae2b000-7fae7ae2f000 r--p 001b7000 08:02 3805545                    /usr/lib64/libc-2.17.so
7fae7ae2f000-7fae7ae31000 rw-p 001bb000 08:02 3805545                    /usr/lib64/libc-2.17.so
7fae7ae31000-7fae7ae36000 rw-p 00000000 00:00 0 
7fae7ae36000-7fae7ae39000 r-xp 00000000 08:02 3805702                    /usr/lib64/libdl-2.17.so
7fae7ae39000-7fae7b038000 ---p 00003000 08:02 3805702                    /usr/lib64/libdl-2.17.so
7fae7b038000-7fae7b039000 r--p 00002000 08:02 3805702                    /usr/lib64/libdl-2.17.so
7fae7b039000-7fae7b03a000 rw-p 00003000 08:02 3805702                    /usr/lib64/libdl-2.17.so
7fae7b03a000-7fae7b04f000 r-xp 00000000 08:02 4089023                    /usr/java/jdk1.8.0_66/lib/amd64/jli/libjli.so
7fae7b04f000-7fae7b24f000 ---p 00015000 08:02 4089023                    /usr/java/jdk1.8.0_66/lib/amd64/jli/libjli.so
7fae7b24f000-7fae7b250000 rw-p 00015000 08:02 4089023                    /usr/java/jdk1.8.0_66/lib/amd64/jli/libjli.so
7fae7b250000-7fae7b266000 r-xp 00000000 08:02 3805571                    /usr/lib64/libpthread-2.17.so
7fae7b266000-7fae7b466000 ---p 00016000 08:02 3805571                    /usr/lib64/libpthread-2.17.so
7fae7b466000-7fae7b467000 r--p 00016000 08:02 3805571                    /usr/lib64/libpthread-2.17.so
7fae7b467000-7fae7b468000 rw-p 00017000 08:02 3805571                    /usr/lib64/libpthread-2.17.so
7fae7b468000-7fae7b46c000 rw-p 00000000 00:00 0 
7fae7b46c000-7fae7b48d000 r-xp 00000000 08:02 3864684                    /usr/lib64/ld-2.17.so
7fae7b48d000-7fae7b48e000 r--s 00006000 08:02 4064837                    /root/.m2/repository/org/ansj/tree_split/1.0.1/tree_split-1.0.1.jar
7fae7b48e000-7fae7b560000 rw-p 00000000 00:00 0 
7fae7b560000-7fae7b563000 ---p 00000000 00:00 0 
7fae7b563000-7fae7b665000 rw-p 00000000 00:00 0                          [stack:201633]
7fae7b665000-7fae7b667000 r--s 004a1000 08:02 4064801                    /root/.m2/repository/org/ansj/ansj_seg/0.9/ansj_seg-0.9.jar
7fae7b667000-7fae7b668000 r--s 00000000 08:02 4089127                    /usr/java/jdk1.8.0_66/jre/lib/management-agent.jar
7fae7b668000-7fae7b66a000 r--s 00007000 08:02 4089321                    /usr/java/jdk1.8.0_66/jre/lib/jfxswt.jar
7fae7b66a000-7fae7b66f000 r--s 00083000 08:02 4089120                    /usr/java/jdk1.8.0_66/jre/lib/jfr.jar
7fae7b66f000-7fae7b672000 r--s 0001a000 08:02 4089319                    /usr/java/jdk1.8.0_66/jre/lib/jce.jar
7fae7b672000-7fae7b67c000 r--s 0006b000 08:02 4089130                    /usr/java/jdk1.8.0_66/jre/lib/javaws.jar
7fae7b67c000-7fae7b682000 r--s 002f8000 08:02 4089201                    /usr/java/jdk1.8.0_66/jre/lib/charsets.jar
7fae7b682000-7fae7b68a000 rw-s 00000000 08:02 4195180                    /tmp/hsperfdata_root/201631
7fae7b68a000-7fae7b68b000 rw-p 00000000 00:00 0 
7fae7b68b000-7fae7b68c000 ---p 00000000 00:00 0 
7fae7b68c000-7fae7b68d000 rw-p 00000000 00:00 0 
7fae7b68d000-7fae7b68e000 r--p 00021000 08:02 3864684                    /usr/lib64/ld-2.17.so
7fae7b68e000-7fae7b68f000 rw-p 00022000 08:02 3864684                    /usr/lib64/ld-2.17.so
7fae7b68f000-7fae7b690000 rw-p 00000000 00:00 0 
7fff0750a000-7fff0752c000 rw-p 00000000 00:00 0                          [stack]
7fff07555000-7fff07557000 r-xp 00000000 00:00 0                          [vdso]
ffffffffff600000-ffffffffff601000 r-xp 00000000 00:00 0                  [vsyscall]

VM Arguments:
jvm_args: -ea -Xmx50000m -Xms20000m -Didea.launcher.port=7539 -Didea.launcher.bin.path=/root/idea/bin -Dfile.encoding=UTF-8 
java_command: com.intellij.rt.execution.application.AppMain cal.sim.BiCategorySim
java_class_path (initial): /usr/java/jdk1.8.0_66/jre/lib/charsets.jar:/usr/java/jdk1.8.0_66/jre/lib/deploy.jar:/usr/java/jdk1.8.0_66/jre/lib/ext/cldrdata.jar:/usr/java/jdk1.8.0_66/jre/lib/ext/dnsns.jar:/usr/java/jdk1.8.0_66/jre/lib/ext/jaccess.jar:/usr/java/jdk1.8.0_66/jre/lib/ext/jfxrt.jar:/usr/java/jdk1.8.0_66/jre/lib/ext/localedata.jar:/usr/java/jdk1.8.0_66/jre/lib/ext/nashorn.jar:/usr/java/jdk1.8.0_66/jre/lib/ext/sunec.jar:/usr/java/jdk1.8.0_66/jre/lib/ext/sunjce_provider.jar:/usr/java/jdk1.8.0_66/jre/lib/ext/sunpkcs11.jar:/usr/java/jdk1.8.0_66/jre/lib/ext/zipfs.jar:/usr/java/jdk1.8.0_66/jre/lib/javaws.jar:/usr/java/jdk1.8.0_66/jre/lib/jce.jar:/usr/java/jdk1.8.0_66/jre/lib/jfr.jar:/usr/java/jdk1.8.0_66/jre/lib/jfxswt.jar:/usr/java/jdk1.8.0_66/jre/lib/jsse.jar:/usr/java/jdk1.8.0_66/jre/lib/management-agent.jar:/usr/java/jdk1.8.0_66/jre/lib/plugin.jar:/usr/java/jdk1.8.0_66/jre/lib/resources.jar:/usr/java/jdk1.8.0_66/jre/lib/rt.jar:/root/shunyang/BiCategorySim_2/target/classes:/root/.m2/repository/org/ansj/ansj_seg/0.9/ansj_seg-0.9.jar:/root/.m2/repository/org/ansj/tree_split/1.0.1/tree_split-1.0.1.jar:/root/.m2/repository/org/carrot2/morfologik-stemming/2.1.0/morfologik-stemming-2.1.0.jar:/root/.m2/repository/org/carrot2/morfologik-fsa/2.1.0/morfologik-fsa-2.1.0.jar:/root/.m2/repository/org/apache/lucene/lucene-analyzers-morfologik/6.2.0/lucene-analyzers-morfologik-6.2.0.jar:/root/.m2/repository/org/apache/lucene/lucene-core/6.2.0/lucene-core-6.2.0.jar:/root/.m2/repository/org/carrot2/morfologik-polish/2.1.0/morfologik-polish-2.1.0.jar:/root/.m2/repository/org/apache/lucene/lucene-analyzers-common/6.2.0/lucene-analyzers-common-6.2.0.jar:/root/.m2/repository/org/apache/commons/commons-math/2.2/commons-math-2.2.jar:/root/idea/lib/idea_rt.jar
Launcher Type: SUN_STANDARD

Environment Variables:
JAVA_HOME=/usr/java/latest
PATH=/usr/lib64/qt-3.3/bin:/root/perl5/bin:/usr/local/apache-maven-3.3.9/bin:/usr/local/sbin:/usr/local/bin:/usr/sbin:/usr/bin:/usr/local/cmake-3.6.0/bin:/root/cuixuan/Big-Data/hadoop-2.7.1/bin:/root/cuixuan/Test-Big-Data/apache-hive-2.2.0-SNAPSHOT-bin/bin:/usr/java/latest/bin:/root/cuixuan/Big-Data/mahout-0.12.2/bin:/root/cuixuan/Big-Data/spark-1.6.0/bin:/root/bin
LD_LIBRARY_PATH=/root/idea/bin:
SHELL=/bin/bash
DISPLAY=:1

Signal Handlers:
SIGSEGV: [libjvm.so+0xaba2a0], sa_mask[0]=11111111011111111101111111111110, sa_flags=SA_RESTART|SA_SIGINFO
SIGBUS: [libjvm.so+0xaba2a0], sa_mask[0]=11111111011111111101111111111110, sa_flags=SA_RESTART|SA_SIGINFO
SIGFPE: [libjvm.so+0x917710], sa_mask[0]=11111111011111111101111111111110, sa_flags=SA_RESTART|SA_SIGINFO
SIGPIPE: [libjvm.so+0x917710], sa_mask[0]=11111111011111111101111111111110, sa_flags=SA_RESTART|SA_SIGINFO
SIGXFSZ: [libjvm.so+0x917710], sa_mask[0]=11111111011111111101111111111110, sa_flags=SA_RESTART|SA_SIGINFO
SIGILL: [libjvm.so+0x917710], sa_mask[0]=11111111011111111101111111111110, sa_flags=SA_RESTART|SA_SIGINFO
SIGUSR1: SIG_DFL, sa_mask[0]=00000000000000000000000000000000, sa_flags=none
SIGUSR2: [libjvm.so+0x918d40], sa_mask[0]=00100000000000000000000000000000, sa_flags=SA_RESTART|SA_SIGINFO
SIGHUP: [libjvm.so+0x91a140], sa_mask[0]=11111111011111111101111111111110, sa_flags=SA_RESTART|SA_SIGINFO
SIGINT: [libjvm.so+0x91a140], sa_mask[0]=11111111011111111101111111111110, sa_flags=SA_RESTART|SA_SIGINFO
SIGTERM: [libjvm.so+0x91a140], sa_mask[0]=11111111011111111101111111111110, sa_flags=SA_RESTART|SA_SIGINFO
SIGQUIT: [libjvm.so+0x91a140], sa_mask[0]=11111111011111111101111111111110, sa_flags=SA_RESTART|SA_SIGINFO


---------------  S Y S T E M  ---------------

OS:CentOS Linux release 7.2.1511 (Core) 

uname:Linux 3.10.0-229.el7.x86_64 #1 SMP Fri Mar 6 11:36:42 UTC 2015 x86_64
libc:glibc 2.17 NPTL 2.17 
rlimit: STACK 8192k, CORE 0k, NPROC 256738, NOFILE 327680, AS infinity
load average:7.19 2.32 1.10

/proc/meminfo:
MemTotal:       65742872 kB
MemFree:          391332 kB
MemAvailable:    7808480 kB
Buffers:          154440 kB
Cached:          7156668 kB
SwapCached:       223208 kB
Active:         57607128 kB
Inactive:        6092236 kB
Active(anon):   52576012 kB
Inactive(anon):  3858140 kB
Active(file):    5031116 kB
Inactive(file):  2234096 kB
Unevictable:           0 kB
Mlocked:               0 kB
SwapTotal:      10485756 kB
SwapFree:              0 kB
Dirty:               216 kB
Writeback:         34184 kB
AnonPages:      56162912 kB
Mapped:            73784 kB
Shmem:             45448 kB
Slab:             669176 kB
SReclaimable:     489796 kB
SUnreclaim:       179380 kB
KernelStack:       51744 kB
PageTables:       184544 kB
NFS_Unstable:          0 kB
Bounce:                0 kB
WritebackTmp:          0 kB
CommitLimit:    43357192 kB
Committed_AS:   86212676 kB
VmallocTotal:   34359738367 kB
VmallocUsed:      427828 kB
VmallocChunk:   34325770748 kB
HardwareCorrupted:     0 kB
AnonHugePages:  47325184 kB
HugePages_Total:       0
HugePages_Free:        0
HugePages_Rsvd:        0
HugePages_Surp:        0
Hugepagesize:       2048 kB
DirectMap4k:      322908 kB
DirectMap2M:    48918528 kB
DirectMap1G:    19922944 kB


CPU:total 32 (8 cores per cpu, 2 threads per core) family 6 model 45 stepping 7, cmov, cx8, fxsr, mmx, sse, sse2, sse3, ssse3, sse4.1, sse4.2, popcnt, avx, aes, clmul, ht, tsc, tscinvbit, tscinv

/proc/cpuinfo:
processor	: 0
vendor_id	: GenuineIntel
cpu family	: 6
model		: 45
model name	: Intel(R) Xeon(R) CPU E5-2690 0 @ 2.90GHz
stepping	: 7
microcode	: 0x710
cpu MHz		: 1199.988
cache size	: 20480 KB
physical id	: 0
siblings	: 16
core id		: 0
cpu cores	: 8
apicid		: 0
initial apicid	: 0
fpu		: yes
fpu_exception	: yes
cpuid level	: 13
wp		: yes
flags		: fpu vme de pse tsc msr pae mce cx8 apic sep mtrr pge mca cmov pat pse36 clflush dts acpi mmx fxsr sse sse2 ss ht tm pbe syscall nx pdpe1gb rdtscp lm constant_tsc arch_perfmon pebs bts rep_good nopl xtopology nonstop_tsc aperfmperf eagerfpu pni pclmulqdq dtes64 monitor ds_cpl vmx smx est tm2 ssse3 cx16 xtpr pdcm pcid dca sse4_1 sse4_2 x2apic popcnt tsc_deadline_timer aes xsave avx lahf_lm ida arat epb xsaveopt pln pts dtherm tpr_shadow vnmi flexpriority ept vpid
bogomips	: 5785.95
clflush size	: 64
cache_alignment	: 64
address sizes	: 46 bits physical, 48 bits virtual
power management:

processor	: 1
vendor_id	: GenuineIntel
cpu family	: 6
model		: 45
model name	: Intel(R) Xeon(R) CPU E5-2690 0 @ 2.90GHz
stepping	: 7
microcode	: 0x710
cpu MHz		: 2108.503
cache size	: 20480 KB
physical id	: 0
siblings	: 16
core id		: 1
cpu cores	: 8
apicid		: 2
initial apicid	: 2
fpu		: yes
fpu_exception	: yes
cpuid level	: 13
wp		: yes
flags		: fpu vme de pse tsc msr pae mce cx8 apic sep mtrr pge mca cmov pat pse36 clflush dts acpi mmx fxsr sse sse2 ss ht tm pbe syscall nx pdpe1gb rdtscp lm constant_tsc arch_perfmon pebs bts rep_good nopl xtopology nonstop_tsc aperfmperf eagerfpu pni pclmulqdq dtes64 monitor ds_cpl vmx smx est tm2 ssse3 cx16 xtpr pdcm pcid dca sse4_1 sse4_2 x2apic popcnt tsc_deadline_timer aes xsave avx lahf_lm ida arat epb xsaveopt pln pts dtherm tpr_shadow vnmi flexpriority ept vpid
bogomips	: 5785.95
clflush size	: 64
cache_alignment	: 64
address sizes	: 46 bits physical, 48 bits virtual
power management:

processor	: 2
vendor_id	: GenuineIntel
cpu family	: 6
model		: 45
model name	: Intel(R) Xeon(R) CPU E5-2690 0 @ 2.90GHz
stepping	: 7
microcode	: 0x710
cpu MHz		: 1391.320
cache size	: 20480 KB
physical id	: 0
siblings	: 16
core id		: 2
cpu cores	: 8
apicid		: 4
initial apicid	: 4
fpu		: yes
fpu_exception	: yes
cpuid level	: 13
wp		: yes
flags		: fpu vme de pse tsc msr pae mce cx8 apic sep mtrr pge mca cmov pat pse36 clflush dts acpi mmx fxsr sse sse2 ss ht tm pbe syscall nx pdpe1gb rdtscp lm constant_tsc arch_perfmon pebs bts rep_good nopl xtopology nonstop_tsc aperfmperf eagerfpu pni pclmulqdq dtes64 monitor ds_cpl vmx smx est tm2 ssse3 cx16 xtpr pdcm pcid dca sse4_1 sse4_2 x2apic popcnt tsc_deadline_timer aes xsave avx lahf_lm ida arat epb xsaveopt pln pts dtherm tpr_shadow vnmi flexpriority ept vpid
bogomips	: 5785.95
clflush size	: 64
cache_alignment	: 64
address sizes	: 46 bits physical, 48 bits virtual
power management:

processor	: 3
vendor_id	: GenuineIntel
cpu family	: 6
model		: 45
model name	: Intel(R) Xeon(R) CPU E5-2690 0 @ 2.90GHz
stepping	: 7
microcode	: 0x710
cpu MHz		: 1584.238
cache size	: 20480 KB
physical id	: 0
siblings	: 16
core id		: 3
cpu cores	: 8
apicid		: 6
initial apicid	: 6
fpu		: yes
fpu_exception	: yes
cpuid level	: 13
wp		: yes
flags		: fpu vme de pse tsc msr pae mce cx8 apic sep mtrr pge mca cmov pat pse36 clflush dts acpi mmx fxsr sse sse2 ss ht tm pbe syscall nx pdpe1gb rdtscp lm constant_tsc arch_perfmon pebs bts rep_good nopl xtopology nonstop_tsc aperfmperf eagerfpu pni pclmulqdq dtes64 monitor ds_cpl vmx smx est tm2 ssse3 cx16 xtpr pdcm pcid dca sse4_1 sse4_2 x2apic popcnt tsc_deadline_timer aes xsave avx lahf_lm ida arat epb xsaveopt pln pts dtherm tpr_shadow vnmi flexpriority ept vpid
bogomips	: 5785.95
clflush size	: 64
cache_alignment	: 64
address sizes	: 46 bits physical, 48 bits virtual
power management:

processor	: 4
vendor_id	: GenuineIntel
cpu family	: 6
model		: 45
model name	: Intel(R) Xeon(R) CPU E5-2690 0 @ 2.90GHz
stepping	: 7
microcode	: 0x710
cpu MHz		: 2248.972
cache size	: 20480 KB
physical id	: 0
siblings	: 16
core id		: 4
cpu cores	: 8
apicid		: 8
initial apicid	: 8
fpu		: yes
fpu_exception	: yes
cpuid level	: 13
wp		: yes
flags		: fpu vme de pse tsc msr pae mce cx8 apic sep mtrr pge mca cmov pat pse36 clflush dts acpi mmx fxsr sse sse2 ss ht tm pbe syscall nx pdpe1gb rdtscp lm constant_tsc arch_perfmon pebs bts rep_good nopl xtopology nonstop_tsc aperfmperf eagerfpu pni pclmulqdq dtes64 monitor ds_cpl vmx smx est tm2 ssse3 cx16 xtpr pdcm pcid dca sse4_1 sse4_2 x2apic popcnt tsc_deadline_timer aes xsave avx lahf_lm ida arat epb xsaveopt pln pts dtherm tpr_shadow vnmi flexpriority ept vpid
bogomips	: 5785.95
clflush size	: 64
cache_alignment	: 64
address sizes	: 46 bits physical, 48 bits virtual
power management:

processor	: 5
vendor_id	: GenuineIntel
cpu family	: 6
model		: 45
model name	: Intel(R) Xeon(R) CPU E5-2690 0 @ 2.90GHz
stepping	: 7
microcode	: 0x710
cpu MHz		: 2125.156
cache size	: 20480 KB
physical id	: 0
siblings	: 16
core id		: 5
cpu cores	: 8
apicid		: 10
initial apicid	: 10
fpu		: yes
fpu_exception	: yes
cpuid level	: 13
wp		: yes
flags		: fpu vme de pse tsc msr pae mce cx8 apic sep mtrr pge mca cmov pat pse36 clflush dts acpi mmx fxsr sse sse2 ss ht tm pbe syscall nx pdpe1gb rdtscp lm constant_tsc arch_perfmon pebs bts rep_good nopl xtopology nonstop_tsc aperfmperf eagerfpu pni pclmulqdq dtes64 monitor ds_cpl vmx smx est tm2 ssse3 cx16 xtpr pdcm pcid dca sse4_1 sse4_2 x2apic popcnt tsc_deadline_timer aes xsave avx lahf_lm ida arat epb xsaveopt pln pts dtherm tpr_shadow vnmi flexpriority ept vpid
bogomips	: 5785.95
clflush size	: 64
cache_alignment	: 64
address sizes	: 46 bits physical, 48 bits virtual
power management:

processor	: 6
vendor_id	: GenuineIntel
cpu family	: 6
model		: 45
model name	: Intel(R) Xeon(R) CPU E5-2690 0 @ 2.90GHz
stepping	: 7
microcode	: 0x710
cpu MHz		: 1218.679
cache size	: 20480 KB
physical id	: 0
siblings	: 16
core id		: 6
cpu cores	: 8
apicid		: 12
initial apicid	: 12
fpu		: yes
fpu_exception	: yes
cpuid level	: 13
wp		: yes
flags		: fpu vme de pse tsc msr pae mce cx8 apic sep mtrr pge mca cmov pat pse36 clflush dts acpi mmx fxsr sse sse2 ss ht tm pbe syscall nx pdpe1gb rdtscp lm constant_tsc arch_perfmon pebs bts rep_good nopl xtopology nonstop_tsc aperfmperf eagerfpu pni pclmulqdq dtes64 monitor ds_cpl vmx smx est tm2 ssse3 cx16 xtpr pdcm pcid dca sse4_1 sse4_2 x2apic popcnt tsc_deadline_timer aes xsave avx lahf_lm ida arat epb xsaveopt pln pts dtherm tpr_shadow vnmi flexpriority ept vpid
bogomips	: 5785.95
clflush size	: 64
cache_alignment	: 64
address sizes	: 46 bits physical, 48 bits virtual
power management:

processor	: 7
vendor_id	: GenuineIntel
cpu family	: 6
model		: 45
model name	: Intel(R) Xeon(R) CPU E5-2690 0 @ 2.90GHz
stepping	: 7
microcode	: 0x710
cpu MHz		: 1389.960
cache size	: 20480 KB
physical id	: 0
siblings	: 16
core id		: 7
cpu cores	: 8
apicid		: 14
initial apicid	: 14
fpu		: yes
fpu_exception	: yes
cpuid level	: 13
wp		: yes
flags		: fpu vme de pse tsc msr pae mce cx8 apic sep mtrr pge mca cmov pat pse36 clflush dts acpi mmx fxsr sse sse2 ss ht tm pbe syscall nx pdpe1gb rdtscp lm constant_tsc arch_perfmon pebs bts rep_good nopl xtopology nonstop_tsc aperfmperf eagerfpu pni pclmulqdq dtes64 monitor ds_cpl vmx smx est tm2 ssse3 cx16 xtpr pdcm pcid dca sse4_1 sse4_2 x2apic popcnt tsc_deadline_timer aes xsave avx lahf_lm ida arat epb xsaveopt pln pts dtherm tpr_shadow vnmi flexpriority ept vpid
bogomips	: 5785.95
clflush size	: 64
cache_alignment	: 64
address sizes	: 46 bits physical, 48 bits virtual
power management:

processor	: 8
vendor_id	: GenuineIntel
cpu family	: 6
model		: 45
model name	: Intel(R) Xeon(R) CPU E5-2690 0 @ 2.90GHz
stepping	: 7
microcode	: 0x710
cpu MHz		: 1407.972
cache size	: 20480 KB
physical id	: 1
siblings	: 16
core id		: 0
cpu cores	: 8
apicid		: 32
initial apicid	: 32
fpu		: yes
fpu_exception	: yes
cpuid level	: 13
wp		: yes
flags		: fpu vme de pse tsc msr pae mce cx8 apic sep mtrr pge mca cmov pat pse36 clflush dts acpi mmx fxsr sse sse2 ss ht tm pbe syscall nx pdpe1gb rdtscp lm constant_tsc arch_perfmon pebs bts rep_good nopl xtopology nonstop_tsc aperfmperf eagerfpu pni pclmulqdq dtes64 monitor ds_cpl vmx smx est tm2 ssse3 cx16 xtpr pdcm pcid dca sse4_1 sse4_2 x2apic popcnt tsc_deadline_timer aes xsave avx lahf_lm ida arat epb xsaveopt pln pts dtherm tpr_shadow vnmi flexpriority ept vpid
bogomips	: 5790.59
clflush size	: 64
cache_alignment	: 64
address sizes	: 46 bits physical, 48 bits virtual
power management:

processor	: 9
vendor_id	: GenuineIntel
cpu family	: 6
model		: 45
model name	: Intel(R) Xeon(R) CPU E5-2690 0 @ 2.90GHz
stepping	: 7
microcode	: 0x710
cpu MHz		: 2078.144
cache size	: 20480 KB
physical id	: 1
siblings	: 16
core id		: 1
cpu cores	: 8
apicid		: 34
initial apicid	: 34
fpu		: yes
fpu_exception	: yes
cpuid level	: 13
wp		: yes
flags		: fpu vme de pse tsc msr pae mce cx8 apic sep mtrr pge mca cmov pat pse36 clflush dts acpi mmx fxsr sse sse2 ss ht tm pbe syscall nx pdpe1gb rdtscp lm constant_tsc arch_perfmon pebs bts rep_good nopl xtopology nonstop_tsc aperfmperf eagerfpu pni pclmulqdq dtes64 monitor ds_cpl vmx smx est tm2 ssse3 cx16 xtpr pdcm pcid dca sse4_1 sse4_2 x2apic popcnt tsc_deadline_timer aes xsave avx lahf_lm ida arat epb xsaveopt pln pts dtherm tpr_shadow vnmi flexpriority ept vpid
bogomips	: 5790.59
clflush size	: 64
cache_alignment	: 64
address sizes	: 46 bits physical, 48 bits virtual
power management:

processor	: 10
vendor_id	: GenuineIntel
cpu family	: 6
model		: 45
model name	: Intel(R) Xeon(R) CPU E5-2690 0 @ 2.90GHz
stepping	: 7
microcode	: 0x710
cpu MHz		: 1837.082
cache size	: 20480 KB
physical id	: 1
siblings	: 16
core id		: 2
cpu cores	: 8
apicid		: 36
initial apicid	: 36
fpu		: yes
fpu_exception	: yes
cpuid level	: 13
wp		: yes
flags		: fpu vme de pse tsc msr pae mce cx8 apic sep mtrr pge mca cmov pat pse36 clflush dts acpi mmx fxsr sse sse2 ss ht tm pbe syscall nx pdpe1gb rdtscp lm constant_tsc arch_perfmon pebs bts rep_good nopl xtopology nonstop_tsc aperfmperf eagerfpu pni pclmulqdq dtes64 monitor ds_cpl vmx smx est tm2 ssse3 cx16 xtpr pdcm pcid dca sse4_1 sse4_2 x2apic popcnt tsc_deadline_timer aes xsave avx lahf_lm ida arat epb xsaveopt pln pts dtherm tpr_shadow vnmi flexpriority ept vpid
bogomips	: 5790.59
clflush size	: 64
cache_alignment	: 64
address sizes	: 46 bits physical, 48 bits virtual
power management:

processor	: 11
vendor_id	: GenuineIntel
cpu family	: 6
model		: 45
model name	: Intel(R) Xeon(R) CPU E5-2690 0 @ 2.90GHz
stepping	: 7
microcode	: 0x710
cpu MHz		: 2010.855
cache size	: 20480 KB
physical id	: 1
siblings	: 16
core id		: 3
cpu cores	: 8
apicid		: 38
initial apicid	: 38
fpu		: yes
fpu_exception	: yes
cpuid level	: 13
wp		: yes
flags		: fpu vme de pse tsc msr pae mce cx8 apic sep mtrr pge mca cmov pat pse36 clflush dts acpi mmx fxsr sse sse2 ss ht tm pbe syscall nx pdpe1gb rdtscp lm constant_tsc arch_perfmon pebs bts rep_good nopl xtopology nonstop_tsc aperfmperf eagerfpu pni pclmulqdq dtes64 monitor ds_cpl vmx smx est tm2 ssse3 cx16 xtpr pdcm pcid dca sse4_1 sse4_2 x2apic popcnt tsc_deadline_timer aes xsave avx lahf_lm ida arat epb xsaveopt pln pts dtherm tpr_shadow vnmi flexpriority ept vpid
bogomips	: 5790.59
clflush size	: 64
cache_alignment	: 64
address sizes	: 46 bits physical, 48 bits virtual
power management:

processor	: 12
vendor_id	: GenuineIntel
cpu family	: 6
model		: 45
model name	: Intel(R) Xeon(R) CPU E5-2690 0 @ 2.90GHz
stepping	: 7
microcode	: 0x710
cpu MHz		: 2164.238
cache size	: 20480 KB
physical id	: 1
siblings	: 16
core id		: 4
cpu cores	: 8
apicid		: 40
initial apicid	: 40
fpu		: yes
fpu_exception	: yes
cpuid level	: 13
wp		: yes
flags		: fpu vme de pse tsc msr pae mce cx8 apic sep mtrr pge mca cmov pat pse36 clflush dts acpi mmx fxsr sse sse2 ss ht tm pbe syscall nx pdpe1gb rdtscp lm constant_tsc arch_perfmon pebs bts rep_good nopl xtopology nonstop_tsc aperfmperf eagerfpu pni pclmulqdq dtes64 monitor ds_cpl vmx smx est tm2 ssse3 cx16 xtpr pdcm pcid dca sse4_1 sse4_2 x2apic popcnt tsc_deadline_timer aes xsave avx lahf_lm ida arat epb xsaveopt pln pts dtherm tpr_shadow vnmi flexpriority ept vpid
bogomips	: 5790.59
clflush size	: 64
cache_alignment	: 64
address sizes	: 46 bits physical, 48 bits virtual
power management:

processor	: 13
vendor_id	: GenuineIntel
cpu family	: 6
model		: 45
model name	: Intel(R) Xeon(R) CPU E5-2690 0 @ 2.90GHz
stepping	: 7
microcode	: 0x710
cpu MHz		: 1876.617
cache size	: 20480 KB
physical id	: 1
siblings	: 16
core id		: 5
cpu cores	: 8
apicid		: 42
initial apicid	: 42
fpu		: yes
fpu_exception	: yes
cpuid level	: 13
wp		: yes
flags		: fpu vme de pse tsc msr pae mce cx8 apic sep mtrr pge mca cmov pat pse36 clflush dts acpi mmx fxsr sse sse2 ss ht tm pbe syscall nx pdpe1gb rdtscp lm constant_tsc arch_perfmon pebs bts rep_good nopl xtopology nonstop_tsc aperfmperf eagerfpu pni pclmulqdq dtes64 monitor ds_cpl vmx smx est tm2 ssse3 cx16 xtpr pdcm pcid dca sse4_1 sse4_2 x2apic popcnt tsc_deadline_timer aes xsave avx lahf_lm ida arat epb xsaveopt pln pts dtherm tpr_shadow vnmi flexpriority ept vpid
bogomips	: 5790.59
clflush size	: 64
cache_alignment	: 64
address sizes	: 46 bits physical, 48 bits virtual
power management:

processor	: 14
vendor_id	: GenuineIntel
cpu family	: 6
model		: 45
model name	: Intel(R) Xeon(R) CPU E5-2690 0 @ 2.90GHz
stepping	: 7
microcode	: 0x710
cpu MHz		: 1994.542
cache size	: 20480 KB
physical id	: 1
siblings	: 16
core id		: 6
cpu cores	: 8
apicid		: 44
initial apicid	: 44
fpu		: yes
fpu_exception	: yes
cpuid level	: 13
wp		: yes
flags		: fpu vme de pse tsc msr pae mce cx8 apic sep mtrr pge mca cmov pat pse36 clflush dts acpi mmx fxsr sse sse2 ss ht tm pbe syscall nx pdpe1gb rdtscp lm constant_tsc arch_perfmon pebs bts rep_good nopl xtopology nonstop_tsc aperfmperf eagerfpu pni pclmulqdq dtes64 monitor ds_cpl vmx smx est tm2 ssse3 cx16 xtpr pdcm pcid dca sse4_1 sse4_2 x2apic popcnt tsc_deadline_timer aes xsave avx lahf_lm ida arat epb xsaveopt pln pts dtherm tpr_shadow vnmi flexpriority ept vpid
bogomips	: 5790.59
clflush size	: 64
cache_alignment	: 64
address sizes	: 46 bits physical, 48 bits virtual
power management:

processor	: 15
vendor_id	: GenuineIntel
cpu family	: 6
model		: 45
model name	: Intel(R) Xeon(R) CPU E5-2690 0 @ 2.90GHz
stepping	: 7
microcode	: 0x710
cpu MHz		: 2166.617
cache size	: 20480 KB
physical id	: 1
siblings	: 16
core id		: 7
cpu cores	: 8
apicid		: 46
initial apicid	: 46
fpu		: yes
fpu_exception	: yes
cpuid level	: 13
wp		: yes
flags		: fpu vme de pse tsc msr pae mce cx8 apic sep mtrr pge mca cmov pat pse36 clflush dts acpi mmx fxsr sse sse2 ss ht tm pbe syscall nx pdpe1gb rdtscp lm constant_tsc arch_perfmon pebs bts rep_good nopl xtopology nonstop_tsc aperfmperf eagerfpu pni pclmulqdq dtes64 monitor ds_cpl vmx smx est tm2 ssse3 cx16 xtpr pdcm pcid dca sse4_1 sse4_2 x2apic popcnt tsc_deadline_timer aes xsave avx lahf_lm ida arat epb xsaveopt pln pts dtherm tpr_shadow vnmi flexpriority ept vpid
bogomips	: 5790.59
clflush size	: 64
cache_alignment	: 64
address sizes	: 46 bits physical, 48 bits virtual
power management:

processor	: 16
vendor_id	: GenuineIntel
cpu family	: 6
model		: 45
model name	: Intel(R) Xeon(R) CPU E5-2690 0 @ 2.90GHz
stepping	: 7
microcode	: 0x710
cpu MHz		: 1232.160
cache size	: 20480 KB
physical id	: 0
siblings	: 16
core id		: 0
cpu cores	: 8
apicid		: 1
initial apicid	: 1
fpu		: yes
fpu_exception	: yes
cpuid level	: 13
wp		: yes
flags		: fpu vme de pse tsc msr pae mce cx8 apic sep mtrr pge mca cmov pat pse36 clflush dts acpi mmx fxsr sse sse2 ss ht tm pbe syscall nx pdpe1gb rdtscp lm constant_tsc arch_perfmon pebs bts rep_good nopl xtopology nonstop_tsc aperfmperf eagerfpu pni pclmulqdq dtes64 monitor ds_cpl vmx smx est tm2 ssse3 cx16 xtpr pdcm pcid dca sse4_1 sse4_2 x2apic popcnt tsc_deadline_timer aes xsave avx lahf_lm ida arat epb xsaveopt pln pts dtherm tpr_shadow vnmi flexpriority ept vpid
bogomips	: 5785.95
clflush size	: 64
cache_alignment	: 64
address sizes	: 46 bits physical, 48 bits virtual
power management:

processor	: 17
vendor_id	: GenuineIntel
cpu family	: 6
model		: 45
model name	: Intel(R) Xeon(R) CPU E5-2690 0 @ 2.90GHz
stepping	: 7
microcode	: 0x710
cpu MHz		: 1511.851
cache size	: 20480 KB
physical id	: 0
siblings	: 16
core id		: 1
cpu cores	: 8
apicid		: 3
initial apicid	: 3
fpu		: yes
fpu_exception	: yes
cpuid level	: 13
wp		: yes
flags		: fpu vme de pse tsc msr pae mce cx8 apic sep mtrr pge mca cmov pat pse36 clflush dts acpi mmx fxsr sse sse2 ss ht tm pbe syscall nx pdpe1gb rdtscp lm constant_tsc arch_perfmon pebs bts rep_good nopl xtopology nonstop_tsc aperfmperf eagerfpu pni pclmulqdq dtes64 monitor ds_cpl vmx smx est tm2 ssse3 cx16 xtpr pdcm pcid dca sse4_1 sse4_2 x2apic popcnt tsc_deadline_timer aes xsave avx lahf_lm ida arat epb xsaveopt pln pts dtherm tpr_shadow vnmi flexpriority ept vpid
bogomips	: 5785.95
clflush size	: 64
cache_alignment	: 64
address sizes	: 46 bits physical, 48 bits virtual
power management:

processor	: 18
vendor_id	: GenuineIntel
cpu family	: 6
model		: 45
model name	: Intel(R) Xeon(R) CPU E5-2690 0 @ 2.90GHz
stepping	: 7
microcode	: 0x710
cpu MHz		: 1199.875
cache size	: 20480 KB
physical id	: 0
siblings	: 16
core id		: 2
cpu cores	: 8
apicid		: 5
initial apicid	: 5
fpu		: yes
fpu_exception	: yes
cpuid level	: 13
wp		: yes
flags		: fpu vme de pse tsc msr pae mce cx8 apic sep mtrr pge mca cmov pat pse36 clflush dts acpi mmx fxsr sse sse2 ss ht tm pbe syscall nx pdpe1gb rdtscp lm constant_tsc arch_perfmon pebs bts rep_good nopl xtopology nonstop_tsc aperfmperf eagerfpu pni pclmulqdq dtes64 monitor ds_cpl vmx smx est tm2 ssse3 cx16 xtpr pdcm pcid dca sse4_1 sse4_2 x2apic popcnt tsc_deadline_timer aes xsave avx lahf_lm ida arat epb xsaveopt pln pts dtherm tpr_shadow vnmi flexpriority ept vpid
bogomips	: 5785.95
clflush size	: 64
cache_alignment	: 64
address sizes	: 46 bits physical, 48 bits virtual
power management:

processor	: 19
vendor_id	: GenuineIntel
cpu family	: 6
model		: 45
model name	: Intel(R) Xeon(R) CPU E5-2690 0 @ 2.90GHz
stepping	: 7
microcode	: 0x710
cpu MHz		: 1269.996
cache size	: 20480 KB
physical id	: 0
siblings	: 16
core id		: 3
cpu cores	: 8
apicid		: 7
initial apicid	: 7
fpu		: yes
fpu_exception	: yes
cpuid level	: 13
wp		: yes
flags		: fpu vme de pse tsc msr pae mce cx8 apic sep mtrr pge mca cmov pat pse36 clflush dts acpi mmx fxsr sse sse2 ss ht tm pbe syscall nx pdpe1gb rdtscp lm constant_tsc arch_perfmon pebs bts rep_good nopl xtopology nonstop_tsc aperfmperf eagerfpu pni pclmulqdq dtes64 monitor ds_cpl vmx smx est tm2 ssse3 cx16 xtpr pdcm pcid dca sse4_1 sse4_2 x2apic popcnt tsc_deadline_timer aes xsave avx lahf_lm ida arat epb xsaveopt pln pts dtherm tpr_shadow vnmi flexpriority ept vpid
bogomips	: 5785.95
clflush size	: 64
cache_alignment	: 64
address sizes	: 46 bits physical, 48 bits virtual
power management:

processor	: 20
vendor_id	: GenuineIntel
cpu family	: 6
model		: 45
model name	: Intel(R) Xeon(R) CPU E5-2690 0 @ 2.90GHz
stepping	: 7
microcode	: 0x710
cpu MHz		: 1293.218
cache size	: 20480 KB
physical id	: 0
siblings	: 16
core id		: 4
cpu cores	: 8
apicid		: 9
initial apicid	: 9
fpu		: yes
fpu_exception	: yes
cpuid level	: 13
wp		: yes
flags		: fpu vme de pse tsc msr pae mce cx8 apic sep mtrr pge mca cmov pat pse36 clflush dts acpi mmx fxsr sse sse2 ss ht tm pbe syscall nx pdpe1gb rdtscp lm constant_tsc arch_perfmon pebs bts rep_good nopl xtopology nonstop_tsc aperfmperf eagerfpu pni pclmulqdq dtes64 monitor ds_cpl vmx smx est tm2 ssse3 cx16 xtpr pdcm pcid dca sse4_1 sse4_2 x2apic popcnt tsc_deadline_timer aes xsave avx lahf_lm ida arat epb xsaveopt pln pts dtherm tpr_shadow vnmi flexpriority ept vpid
bogomips	: 5785.95
clflush size	: 64
cache_alignment	: 64
address sizes	: 46 bits physical, 48 bits virtual
power management:

processor	: 21
vendor_id	: GenuineIntel
cpu family	: 6
model		: 45
model name	: Intel(R) Xeon(R) CPU E5-2690 0 @ 2.90GHz
stepping	: 7
microcode	: 0x710
cpu MHz		: 1397.437
cache size	: 20480 KB
physical id	: 0
siblings	: 16
core id		: 5
cpu cores	: 8
apicid		: 11
initial apicid	: 11
fpu		: yes
fpu_exception	: yes
cpuid level	: 13
wp		: yes
flags		: fpu vme de pse tsc msr pae mce cx8 apic sep mtrr pge mca cmov pat pse36 clflush dts acpi mmx fxsr sse sse2 ss ht tm pbe syscall nx pdpe1gb rdtscp lm constant_tsc arch_perfmon pebs bts rep_good nopl xtopology nonstop_tsc aperfmperf eagerfpu pni pclmulqdq dtes64 monitor ds_cpl vmx smx est tm2 ssse3 cx16 xtpr pdcm pcid dca sse4_1 sse4_2 x2apic popcnt tsc_deadline_timer aes xsave avx lahf_lm ida arat epb xsaveopt pln pts dtherm tpr_shadow vnmi flexpriority ept vpid
bogomips	: 5785.95
clflush size	: 64
cache_alignment	: 64
address sizes	: 46 bits physical, 48 bits virtual
power management:

processor	: 22
vendor_id	: GenuineIntel
cpu family	: 6
model		: 45
model name	: Intel(R) Xeon(R) CPU E5-2690 0 @ 2.90GHz
stepping	: 7
microcode	: 0x710
cpu MHz		: 1221.285
cache size	: 20480 KB
physical id	: 0
siblings	: 16
core id		: 6
cpu cores	: 8
apicid		: 13
initial apicid	: 13
fpu		: yes
fpu_exception	: yes
cpuid level	: 13
wp		: yes
flags		: fpu vme de pse tsc msr pae mce cx8 apic sep mtrr pge mca cmov pat pse36 clflush dts acpi mmx fxsr sse sse2 ss ht tm pbe syscall nx pdpe1gb rdtscp lm constant_tsc arch_perfmon pebs bts rep_good nopl xtopology nonstop_tsc aperfmperf eagerfpu pni pclmulqdq dtes64 monitor ds_cpl vmx smx est tm2 ssse3 cx16 xtpr pdcm pcid dca sse4_1 sse4_2 x2apic popcnt tsc_deadline_timer aes xsave avx lahf_lm ida arat epb xsaveopt pln pts dtherm tpr_shadow vnmi flexpriority ept vpid
bogomips	: 5785.95
clflush size	: 64
cache_alignment	: 64
address sizes	: 46 bits physical, 48 bits virtual
power management:

processor	: 23
vendor_id	: GenuineIntel
cpu family	: 6
model		: 45
model name	: Intel(R) Xeon(R) CPU E5-2690 0 @ 2.90GHz
stepping	: 7
microcode	: 0x710
cpu MHz		: 2101.253
cache size	: 20480 KB
physical id	: 0
siblings	: 16
core id		: 7
cpu cores	: 8
apicid		: 15
initial apicid	: 15
fpu		: yes
fpu_exception	: yes
cpuid level	: 13
wp		: yes
flags		: fpu vme de pse tsc msr pae mce cx8 apic sep mtrr pge mca cmov pat pse36 clflush dts acpi mmx fxsr sse sse2 ss ht tm pbe syscall nx pdpe1gb rdtscp lm constant_tsc arch_perfmon pebs bts rep_good nopl xtopology nonstop_tsc aperfmperf eagerfpu pni pclmulqdq dtes64 monitor ds_cpl vmx smx est tm2 ssse3 cx16 xtpr pdcm pcid dca sse4_1 sse4_2 x2apic popcnt tsc_deadline_timer aes xsave avx lahf_lm ida arat epb xsaveopt pln pts dtherm tpr_shadow vnmi flexpriority ept vpid
bogomips	: 5785.95
clflush size	: 64
cache_alignment	: 64
address sizes	: 46 bits physical, 48 bits virtual
power management:

processor	: 24
vendor_id	: GenuineIntel
cpu family	: 6
model		: 45
model name	: Intel(R) Xeon(R) CPU E5-2690 0 @ 2.90GHz
stepping	: 7
microcode	: 0x710
cpu MHz		: 3313.363
cache size	: 20480 KB
physical id	: 1
siblings	: 16
core id		: 0
cpu cores	: 8
apicid		: 33
initial apicid	: 33
fpu		: yes
fpu_exception	: yes
cpuid level	: 13
wp		: yes
flags		: fpu vme de pse tsc msr pae mce cx8 apic sep mtrr pge mca cmov pat pse36 clflush dts acpi mmx fxsr sse sse2 ss ht tm pbe syscall nx pdpe1gb rdtscp lm constant_tsc arch_perfmon pebs bts rep_good nopl xtopology nonstop_tsc aperfmperf eagerfpu pni pclmulqdq dtes64 monitor ds_cpl vmx smx est tm2 ssse3 cx16 xtpr pdcm pcid dca sse4_1 sse4_2 x2apic popcnt tsc_deadline_timer aes xsave avx lahf_lm ida arat epb xsaveopt pln pts dtherm tpr_shadow vnmi flexpriority ept vpid
bogomips	: 5790.59
clflush size	: 64
cache_alignment	: 64
address sizes	: 46 bits physical, 48 bits virtual
power management:

processor	: 25
vendor_id	: GenuineIntel
cpu family	: 6
model		: 45
model name	: Intel(R) Xeon(R) CPU E5-2690 0 @ 2.90GHz
stepping	: 7
microcode	: 0x710
cpu MHz		: 3547.855
cache size	: 20480 KB
physical id	: 1
siblings	: 16
core id		: 1
cpu cores	: 8
apicid		: 35
initial apicid	: 35
fpu		: yes
fpu_exception	: yes
cpuid level	: 13
wp		: yes
flags		: fpu vme de pse tsc msr pae mce cx8 apic sep mtrr pge mca cmov pat pse36 clflush dts acpi mmx fxsr sse sse2 ss ht tm pbe syscall nx pdpe1gb rdtscp lm constant_tsc arch_perfmon pebs bts rep_good nopl xtopology nonstop_tsc aperfmperf eagerfpu pni pclmulqdq dtes64 monitor ds_cpl vmx smx est tm2 ssse3 cx16 xtpr pdcm pcid dca sse4_1 sse4_2 x2apic popcnt tsc_deadline_timer aes xsave avx lahf_lm ida arat epb xsaveopt pln pts dtherm tpr_shadow vnmi flexpriority ept vpid
bogomips	: 5790.59
clflush size	: 64
cache_alignment	: 64
address sizes	: 46 bits physical, 48 bits virtual
power management:

processor	: 26
vendor_id	: GenuineIntel
cpu family	: 6
model		: 45
model name	: Intel(R) Xeon(R) CPU E5-2690 0 @ 2.90GHz
stepping	: 7
microcode	: 0x710
cpu MHz		: 3586.371
cache size	: 20480 KB
physical id	: 1
siblings	: 16
core id		: 2
cpu cores	: 8
apicid		: 37
initial apicid	: 37
fpu		: yes
fpu_exception	: yes
cpuid level	: 13
wp		: yes
flags		: fpu vme de pse tsc msr pae mce cx8 apic sep mtrr pge mca cmov pat pse36 clflush dts acpi mmx fxsr sse sse2 ss ht tm pbe syscall nx pdpe1gb rdtscp lm constant_tsc arch_perfmon pebs bts rep_good nopl xtopology nonstop_tsc aperfmperf eagerfpu pni pclmulqdq dtes64 monitor ds_cpl vmx smx est tm2 ssse3 cx16 xtpr pdcm pcid dca sse4_1 sse4_2 x2apic popcnt tsc_deadline_timer aes xsave avx lahf_lm ida arat epb xsaveopt pln pts dtherm tpr_shadow vnmi flexpriority ept vpid
bogomips	: 5790.59
clflush size	: 64
cache_alignment	: 64
address sizes	: 46 bits physical, 48 bits virtual
power management:

processor	: 27
vendor_id	: GenuineIntel
cpu family	: 6
model		: 45
model name	: Intel(R) Xeon(R) CPU E5-2690 0 @ 2.90GHz
stepping	: 7
microcode	: 0x710
cpu MHz		: 3280.625
cache size	: 20480 KB
physical id	: 1
siblings	: 16
core id		: 3
cpu cores	: 8
apicid		: 39
initial apicid	: 39
fpu		: yes
fpu_exception	: yes
cpuid level	: 13
wp		: yes
flags		: fpu vme de pse tsc msr pae mce cx8 apic sep mtrr pge mca cmov pat pse36 clflush dts acpi mmx fxsr sse sse2 ss ht tm pbe syscall nx pdpe1gb rdtscp lm constant_tsc arch_perfmon pebs bts rep_good nopl xtopology nonstop_tsc aperfmperf eagerfpu pni pclmulqdq dtes64 monitor ds_cpl vmx smx est tm2 ssse3 cx16 xtpr pdcm pcid dca sse4_1 sse4_2 x2apic popcnt tsc_deadline_timer aes xsave avx lahf_lm ida arat epb xsaveopt pln pts dtherm tpr_shadow vnmi flexpriority ept vpid
bogomips	: 5790.59
clflush size	: 64
cache_alignment	: 64
address sizes	: 46 bits physical, 48 bits virtual
power management:

processor	: 28
vendor_id	: GenuineIntel
cpu family	: 6
model		: 45
model name	: Intel(R) Xeon(R) CPU E5-2690 0 @ 2.90GHz
stepping	: 7
microcode	: 0x710
cpu MHz		: 3302.714
cache size	: 20480 KB
physical id	: 1
siblings	: 16
core id		: 4
cpu cores	: 8
apicid		: 41
initial apicid	: 41
fpu		: yes
fpu_exception	: yes
cpuid level	: 13
wp		: yes
flags		: fpu vme de pse tsc msr pae mce cx8 apic sep mtrr pge mca cmov pat pse36 clflush dts acpi mmx fxsr sse sse2 ss ht tm pbe syscall nx pdpe1gb rdtscp lm constant_tsc arch_perfmon pebs bts rep_good nopl xtopology nonstop_tsc aperfmperf eagerfpu pni pclmulqdq dtes64 monitor ds_cpl vmx smx est tm2 ssse3 cx16 xtpr pdcm pcid dca sse4_1 sse4_2 x2apic popcnt tsc_deadline_timer aes xsave avx lahf_lm ida arat epb xsaveopt pln pts dtherm tpr_shadow vnmi flexpriority ept vpid
bogomips	: 5790.59
clflush size	: 64
cache_alignment	: 64
address sizes	: 46 bits physical, 48 bits virtual
power management:

processor	: 29
vendor_id	: GenuineIntel
cpu family	: 6
model		: 45
model name	: Intel(R) Xeon(R) CPU E5-2690 0 @ 2.90GHz
stepping	: 7
microcode	: 0x710
cpu MHz		: 3560.996
cache size	: 20480 KB
physical id	: 1
siblings	: 16
core id		: 5
cpu cores	: 8
apicid		: 43
initial apicid	: 43
fpu		: yes
fpu_exception	: yes
cpuid level	: 13
wp		: yes
flags		: fpu vme de pse tsc msr pae mce cx8 apic sep mtrr pge mca cmov pat pse36 clflush dts acpi mmx fxsr sse sse2 ss ht tm pbe syscall nx pdpe1gb rdtscp lm constant_tsc arch_perfmon pebs bts rep_good nopl xtopology nonstop_tsc aperfmperf eagerfpu pni pclmulqdq dtes64 monitor ds_cpl vmx smx est tm2 ssse3 cx16 xtpr pdcm pcid dca sse4_1 sse4_2 x2apic popcnt tsc_deadline_timer aes xsave avx lahf_lm ida arat epb xsaveopt pln pts dtherm tpr_shadow vnmi flexpriority ept vpid
bogomips	: 5790.59
clflush size	: 64
cache_alignment	: 64
address sizes	: 46 bits physical, 48 bits virtual
power management:

processor	: 30
vendor_id	: GenuineIntel
cpu family	: 6
model		: 45
model name	: Intel(R) Xeon(R) CPU E5-2690 0 @ 2.90GHz
stepping	: 7
microcode	: 0x710
cpu MHz		: 3293.199
cache size	: 20480 KB
physical id	: 1
siblings	: 16
core id		: 6
cpu cores	: 8
apicid		: 45
initial apicid	: 45
fpu		: yes
fpu_exception	: yes
cpuid level	: 13
wp		: yes
flags		: fpu vme de pse tsc msr pae mce cx8 apic sep mtrr pge mca cmov pat pse36 clflush dts acpi mmx fxsr sse sse2 ss ht tm pbe syscall nx pdpe1gb rdtscp lm constant_tsc arch_perfmon pebs bts rep_good nopl xtopology nonstop_tsc aperfmperf eagerfpu pni pclmulqdq dtes64 monitor ds_cpl vmx smx est tm2 ssse3 cx16 xtpr pdcm pcid dca sse4_1 sse4_2 x2apic popcnt tsc_deadline_timer aes xsave avx lahf_lm ida arat epb xsaveopt pln pts dtherm tpr_shadow vnmi flexpriority ept vpid
bogomips	: 5790.59
clflush size	: 64
cache_alignment	: 64
address sizes	: 46 bits physical, 48 bits virtual
power management:

processor	: 31
vendor_id	: GenuineIntel
cpu family	: 6
model		: 45
model name	: Intel(R) Xeon(R) CPU E5-2690 0 @ 2.90GHz
stepping	: 7
microcode	: 0x710
cpu MHz		: 3310.078
cache size	: 20480 KB
physical id	: 1
siblings	: 16
core id		: 7
cpu cores	: 8
apicid		: 47
initial apicid	: 47
fpu		: yes
fpu_exception	: yes
cpuid level	: 13
wp		: yes
flags		: fpu vme de pse tsc msr pae mce cx8 apic sep mtrr pge mca cmov pat pse36 clflush dts acpi mmx fxsr sse sse2 ss ht tm pbe syscall nx pdpe1gb rdtscp lm constant_tsc arch_perfmon pebs bts rep_good nopl xtopology nonstop_tsc aperfmperf eagerfpu pni pclmulqdq dtes64 monitor ds_cpl vmx smx est tm2 ssse3 cx16 xtpr pdcm pcid dca sse4_1 sse4_2 x2apic popcnt tsc_deadline_timer aes xsave avx lahf_lm ida arat epb xsaveopt pln pts dtherm tpr_shadow vnmi flexpriority ept vpid
bogomips	: 5790.59
clflush size	: 64
cache_alignment	: 64
address sizes	: 46 bits physical, 48 bits virtual
power management:



Memory: 4k page, physical 65742872k(391332k free), swap 10485756k(0k free)

vm_info: Java HotSpot(TM) 64-Bit Server VM (25.66-b17) for linux-amd64 JRE (1.8.0_66-b17), built on Oct  6 2015 17:28:34 by "java_re" with gcc 4.3.0 20080428 (Red Hat 4.3.0-8)

time: Sat Sep 24 12:22:57 2016
elapsed time: 85 seconds (0d 0h 1m 25s)

